[2023-11-09 22:25:34.034][INFO ][org.springframework.test.context.support.AbstractTestContextBootstrapper][main][305]Neither @ContextConfiguration nor @ContextHierarchy found for test class [com.aplikasi.chapter7.binarfud.utils.jasper.Main], using SpringBootContextLoader
[2023-11-09 22:25:34.034][INFO ][org.springframework.test.context.support.AbstractContextLoader][main][264]Could not detect default resource locations for test class [com.aplikasi.chapter7.binarfud.utils.jasper.Main]: no resource found for suffixes {-context.xml, Context.groovy}.
[2023-11-09 22:25:34.034][INFO ][org.springframework.test.context.support.AnnotationConfigContextLoaderUtils][main][83]Could not detect default configuration classes for test class [com.aplikasi.chapter7.binarfud.utils.jasper.Main]: Main does not declare any static, non-private, non-final, nested classes annotated with @Configuration.
[2023-11-09 22:25:37.037][INFO ][org.springframework.boot.test.context.SpringBootTestContextBootstrapper][main][239]Found @SpringBootConfiguration com.aplikasi.chapter7.Chapter7Application for test class com.aplikasi.chapter7.binarfud.utils.jasper.Main
[2023-11-09 22:25:38.038][INFO ][org.springframework.test.context.support.AbstractTestContextBootstrapper][main][245]Loaded default TestExecutionListener class names from location [META-INF/spring.factories]: [org.springframework.boot.test.autoconfigure.restdocs.RestDocsTestExecutionListener, org.springframework.boot.test.autoconfigure.web.client.MockRestServiceServerResetTestExecutionListener, org.springframework.boot.test.autoconfigure.web.servlet.MockMvcPrintOnlyOnFailureTestExecutionListener, org.springframework.boot.test.autoconfigure.web.servlet.WebDriverTestExecutionListener, org.springframework.boot.test.autoconfigure.webservices.client.MockWebServiceServerTestExecutionListener, org.springframework.boot.test.mock.mockito.MockitoTestExecutionListener, org.springframework.boot.test.mock.mockito.ResetMocksTestExecutionListener, org.springframework.test.context.web.ServletTestExecutionListener, org.springframework.test.context.support.DirtiesContextBeforeModesTestExecutionListener, org.springframework.test.context.event.ApplicationEventsTestExecutionListener, org.springframework.test.context.support.DependencyInjectionTestExecutionListener, org.springframework.test.context.support.DirtiesContextTestExecutionListener, org.springframework.test.context.transaction.TransactionalTestExecutionListener, org.springframework.test.context.jdbc.SqlScriptsTestExecutionListener, org.springframework.test.context.event.EventPublishingTestExecutionListener]
[2023-11-09 22:25:38.038][INFO ][org.springframework.test.context.support.AbstractTestContextBootstrapper][main][174]Using TestExecutionListeners: [org.springframework.test.context.web.ServletTestExecutionListener@413f69cc, org.springframework.test.context.support.DirtiesContextBeforeModesTestExecutionListener@1f53a5dc, org.springframework.test.context.event.ApplicationEventsTestExecutionListener@1b75c2e3, org.springframework.boot.test.mock.mockito.MockitoTestExecutionListener@1984b1f, org.springframework.boot.test.autoconfigure.SpringBootDependencyInjectionTestExecutionListener@3bd323e9, org.springframework.test.context.support.DirtiesContextTestExecutionListener@39ac0c0a, org.springframework.test.context.transaction.TransactionalTestExecutionListener@c7ba306, org.springframework.test.context.jdbc.SqlScriptsTestExecutionListener@4ff8d125, org.springframework.test.context.event.EventPublishingTestExecutionListener@6d167f58, org.springframework.boot.test.autoconfigure.restdocs.RestDocsTestExecutionListener@3403e2ac, org.springframework.boot.test.autoconfigure.web.client.MockRestServiceServerResetTestExecutionListener@65b104b9, org.springframework.boot.test.autoconfigure.web.servlet.MockMvcPrintOnlyOnFailureTestExecutionListener@6c4980d3, org.springframework.boot.test.autoconfigure.web.servlet.WebDriverTestExecutionListener@327bcebd, org.springframework.boot.test.autoconfigure.webservices.client.MockWebServiceServerTestExecutionListener@19c65cdc, org.springframework.boot.test.mock.mockito.ResetMocksTestExecutionListener@74bf1791]
[2023-11-09 22:25:46.046][INFO ][org.hibernate.validator.internal.util.Version][background-preinit][21]HV000001: Hibernate Validator 6.0.21.Final
[2023-11-09 22:25:47.047][INFO ][org.springframework.boot.StartupInfoLogger][main][55]Starting Main using Java 17.0.8 on DESKTOP-BCDMK2Q with PID 13136 (started by EdoEdiNiko in C:\Users\EdoEdiNiko\IdeaProjects\chapter4\chapter4)
[2023-11-09 22:25:47.047][INFO ][org.springframework.boot.SpringApplication][main][631]No active profile set, falling back to 1 default profile: "default"
[2023-11-09 22:25:59.059][INFO ][org.springframework.data.repository.config.RepositoryConfigurationDelegate][main][132]Bootstrapping Spring Data JPA repositories in DEFAULT mode.
[2023-11-09 22:26:00.000][INFO ][org.springframework.data.repository.config.RepositoryConfigurationDelegate][main][201]Finished Spring Data repository scanning in 1184 ms. Found 5 JPA repository interfaces.
[2023-11-09 22:26:06.006][INFO ][org.springframework.boot.web.embedded.tomcat.TomcatWebServer][main][108]Tomcat initialized with port(s): 0 (http)
[2023-11-09 22:26:06.006][INFO ][org.apache.juli.logging.DirectJDKLog][main][173]Initializing ProtocolHandler ["http-nio-auto-1"]
[2023-11-09 22:26:06.006][INFO ][org.apache.juli.logging.DirectJDKLog][main][173]Starting service [Tomcat]
[2023-11-09 22:26:06.006][INFO ][org.apache.juli.logging.DirectJDKLog][main][173]Starting Servlet engine: [Apache Tomcat/9.0.80]
[2023-11-09 22:26:08.008][INFO ][org.apache.juli.logging.DirectJDKLog][main][173]Initializing Spring embedded WebApplicationContext
[2023-11-09 22:26:08.008][INFO ][org.springframework.boot.web.servlet.context.ServletWebServerApplicationContext][main][292]Root WebApplicationContext: initialization completed in 20198 ms
[2023-11-09 22:26:08.008][INFO ][org.hibernate.jpa.internal.util.LogHelper][main][31]HHH000204: Processing PersistenceUnitInfo [name: default]
[2023-11-09 22:26:09.009][INFO ][org.hibernate.Version][main][44]HHH000412: Hibernate ORM core version 5.6.15.Final
[2023-11-09 22:26:10.010][INFO ][org.hibernate.annotations.common.reflection.java.JavaReflectionManager][main][56]HCANN000001: Hibernate Commons Annotations {5.1.2.Final}
[2023-11-09 22:26:10.010][INFO ][com.zaxxer.hikari.HikariDataSource][main][110]HikariPool-1 - Starting...
[2023-11-09 22:26:13.013][INFO ][com.zaxxer.hikari.HikariDataSource][main][123]HikariPool-1 - Start completed.
[2023-11-09 22:26:14.014][INFO ][org.hibernate.dialect.Dialect][main][175]HHH000400: Using dialect: org.hibernate.dialect.PostgreSQL10Dialect
[2023-11-09 22:26:20.020][INFO ][org.hibernate.engine.transaction.jta.platform.internal.JtaPlatformInitiator][main][52]HHH000490: Using JtaPlatform implementation: [org.hibernate.engine.transaction.jta.platform.internal.NoJtaPlatform]
[2023-11-09 22:26:20.020][INFO ][org.springframework.orm.jpa.AbstractEntityManagerFactoryBean][main][437]Initialized JPA EntityManagerFactory for persistence unit 'default'
[2023-11-09 22:26:26.026][WARN ][org.springframework.boot.autoconfigure.orm.jpa.JpaBaseConfiguration$JpaWebConfiguration][main][223]spring.jpa.open-in-view is enabled by default. Therefore, database queries may be performed during view rendering. Explicitly configure spring.jpa.open-in-view to disable this warning
[2023-11-09 22:26:37.037][INFO ][org.apache.juli.logging.DirectJDKLog][main][173]Starting ProtocolHandler ["http-nio-auto-1"]
[2023-11-09 22:26:37.037][INFO ][org.springframework.boot.web.embedded.tomcat.TomcatWebServer][main][220]Tomcat started on port(s): 58051 (http) with context path ''
[2023-11-09 22:26:37.037][INFO ][org.springframework.boot.StartupInfoLogger][main][61]Started Main in 57.487 seconds (JVM running for 73.356)
[2023-11-09 22:26:58.058][INFO ][org.springframework.orm.jpa.AbstractEntityManagerFactoryBean][SpringApplicationShutdownHook][651]Closing JPA EntityManagerFactory for persistence unit 'default'
[2023-11-09 22:26:58.058][INFO ][com.zaxxer.hikari.HikariDataSource][SpringApplicationShutdownHook][350]HikariPool-1 - Shutdown initiated...
[2023-11-09 22:26:58.058][INFO ][com.zaxxer.hikari.HikariDataSource][SpringApplicationShutdownHook][352]HikariPool-1 - Shutdown completed.
[2023-11-09 22:31:10.010][INFO ][org.springframework.test.context.support.AbstractTestContextBootstrapper][main][305]Neither @ContextConfiguration nor @ContextHierarchy found for test class [com.aplikasi.chapter7.binarfud.utils.jasper.Main], using SpringBootContextLoader
[2023-11-09 22:31:10.010][INFO ][org.springframework.test.context.support.AbstractContextLoader][main][264]Could not detect default resource locations for test class [com.aplikasi.chapter7.binarfud.utils.jasper.Main]: no resource found for suffixes {-context.xml, Context.groovy}.
[2023-11-09 22:31:10.010][INFO ][org.springframework.test.context.support.AnnotationConfigContextLoaderUtils][main][83]Could not detect default configuration classes for test class [com.aplikasi.chapter7.binarfud.utils.jasper.Main]: Main does not declare any static, non-private, non-final, nested classes annotated with @Configuration.
[2023-11-09 22:31:12.012][INFO ][org.springframework.boot.test.context.SpringBootTestContextBootstrapper][main][239]Found @SpringBootConfiguration com.aplikasi.chapter7.Chapter7Application for test class com.aplikasi.chapter7.binarfud.utils.jasper.Main
[2023-11-09 22:31:13.013][INFO ][org.springframework.test.context.support.AbstractTestContextBootstrapper][main][245]Loaded default TestExecutionListener class names from location [META-INF/spring.factories]: [org.springframework.boot.test.autoconfigure.restdocs.RestDocsTestExecutionListener, org.springframework.boot.test.autoconfigure.web.client.MockRestServiceServerResetTestExecutionListener, org.springframework.boot.test.autoconfigure.web.servlet.MockMvcPrintOnlyOnFailureTestExecutionListener, org.springframework.boot.test.autoconfigure.web.servlet.WebDriverTestExecutionListener, org.springframework.boot.test.autoconfigure.webservices.client.MockWebServiceServerTestExecutionListener, org.springframework.boot.test.mock.mockito.MockitoTestExecutionListener, org.springframework.boot.test.mock.mockito.ResetMocksTestExecutionListener, org.springframework.test.context.web.ServletTestExecutionListener, org.springframework.test.context.support.DirtiesContextBeforeModesTestExecutionListener, org.springframework.test.context.event.ApplicationEventsTestExecutionListener, org.springframework.test.context.support.DependencyInjectionTestExecutionListener, org.springframework.test.context.support.DirtiesContextTestExecutionListener, org.springframework.test.context.transaction.TransactionalTestExecutionListener, org.springframework.test.context.jdbc.SqlScriptsTestExecutionListener, org.springframework.test.context.event.EventPublishingTestExecutionListener]
[2023-11-09 22:31:14.014][INFO ][org.springframework.test.context.support.AbstractTestContextBootstrapper][main][174]Using TestExecutionListeners: [org.springframework.test.context.web.ServletTestExecutionListener@6ee4d9ab, org.springframework.test.context.support.DirtiesContextBeforeModesTestExecutionListener@5a5338df, org.springframework.test.context.event.ApplicationEventsTestExecutionListener@418c5a9c, org.springframework.boot.test.mock.mockito.MockitoTestExecutionListener@18e36d14, org.springframework.boot.test.autoconfigure.SpringBootDependencyInjectionTestExecutionListener@5082d622, org.springframework.test.context.support.DirtiesContextTestExecutionListener@13d4992d, org.springframework.test.context.transaction.TransactionalTestExecutionListener@302f7971, org.springframework.test.context.jdbc.SqlScriptsTestExecutionListener@332729ad, org.springframework.test.context.event.EventPublishingTestExecutionListener@75d2da2d, org.springframework.boot.test.autoconfigure.restdocs.RestDocsTestExecutionListener@4278284b, org.springframework.boot.test.autoconfigure.web.client.MockRestServiceServerResetTestExecutionListener@9573584, org.springframework.boot.test.autoconfigure.web.servlet.MockMvcPrintOnlyOnFailureTestExecutionListener@3370f42, org.springframework.boot.test.autoconfigure.web.servlet.WebDriverTestExecutionListener@6057aebb, org.springframework.boot.test.autoconfigure.webservices.client.MockWebServiceServerTestExecutionListener@63eef88a, org.springframework.boot.test.mock.mockito.ResetMocksTestExecutionListener@53251a66]
[2023-11-09 22:31:17.017][INFO ][org.hibernate.validator.internal.util.Version][background-preinit][21]HV000001: Hibernate Validator 6.0.21.Final
[2023-11-09 22:31:17.017][INFO ][org.springframework.boot.StartupInfoLogger][main][55]Starting Main using Java 17.0.8 on DESKTOP-BCDMK2Q with PID 3912 (started by EdoEdiNiko in C:\Users\EdoEdiNiko\IdeaProjects\chapter4\chapter4)
[2023-11-09 22:31:17.017][INFO ][org.springframework.boot.SpringApplication][main][631]No active profile set, falling back to 1 default profile: "default"
[2023-11-09 22:31:31.031][INFO ][org.springframework.data.repository.config.RepositoryConfigurationDelegate][main][132]Bootstrapping Spring Data JPA repositories in DEFAULT mode.
[2023-11-09 22:31:33.033][INFO ][org.springframework.data.repository.config.RepositoryConfigurationDelegate][main][201]Finished Spring Data repository scanning in 1997 ms. Found 5 JPA repository interfaces.
[2023-11-09 22:31:40.040][INFO ][org.springframework.boot.web.embedded.tomcat.TomcatWebServer][main][108]Tomcat initialized with port(s): 0 (http)
[2023-11-09 22:31:40.040][INFO ][org.apache.juli.logging.DirectJDKLog][main][173]Initializing ProtocolHandler ["http-nio-auto-1"]
[2023-11-09 22:31:40.040][INFO ][org.apache.juli.logging.DirectJDKLog][main][173]Starting service [Tomcat]
[2023-11-09 22:31:40.040][INFO ][org.apache.juli.logging.DirectJDKLog][main][173]Starting Servlet engine: [Apache Tomcat/9.0.80]
[2023-11-09 22:31:41.041][INFO ][org.apache.juli.logging.DirectJDKLog][main][173]Initializing Spring embedded WebApplicationContext
[2023-11-09 22:31:41.041][INFO ][org.springframework.boot.web.servlet.context.ServletWebServerApplicationContext][main][292]Root WebApplicationContext: initialization completed in 23552 ms
[2023-11-09 22:31:42.042][INFO ][org.hibernate.jpa.internal.util.LogHelper][main][31]HHH000204: Processing PersistenceUnitInfo [name: default]
[2023-11-09 22:31:43.043][INFO ][org.hibernate.Version][main][44]HHH000412: Hibernate ORM core version 5.6.15.Final
[2023-11-09 22:31:43.043][INFO ][org.hibernate.annotations.common.reflection.java.JavaReflectionManager][main][56]HCANN000001: Hibernate Commons Annotations {5.1.2.Final}
[2023-11-09 22:31:44.044][INFO ][com.zaxxer.hikari.HikariDataSource][main][110]HikariPool-1 - Starting...
[2023-11-09 22:31:45.045][INFO ][com.zaxxer.hikari.HikariDataSource][main][123]HikariPool-1 - Start completed.
[2023-11-09 22:31:45.045][INFO ][org.hibernate.dialect.Dialect][main][175]HHH000400: Using dialect: org.hibernate.dialect.PostgreSQL10Dialect
[2023-11-09 22:31:50.050][INFO ][org.hibernate.engine.transaction.jta.platform.internal.JtaPlatformInitiator][main][52]HHH000490: Using JtaPlatform implementation: [org.hibernate.engine.transaction.jta.platform.internal.NoJtaPlatform]
[2023-11-09 22:31:50.050][INFO ][org.springframework.orm.jpa.AbstractEntityManagerFactoryBean][main][437]Initialized JPA EntityManagerFactory for persistence unit 'default'
[2023-11-09 22:31:53.053][WARN ][org.springframework.boot.autoconfigure.orm.jpa.JpaBaseConfiguration$JpaWebConfiguration][main][223]spring.jpa.open-in-view is enabled by default. Therefore, database queries may be performed during view rendering. Explicitly configure spring.jpa.open-in-view to disable this warning
[2023-11-09 22:32:02.002][INFO ][org.apache.juli.logging.DirectJDKLog][main][173]Starting ProtocolHandler ["http-nio-auto-1"]
[2023-11-09 22:32:02.002][INFO ][org.springframework.boot.web.embedded.tomcat.TomcatWebServer][main][220]Tomcat started on port(s): 58095 (http) with context path ''
[2023-11-09 22:32:02.002][INFO ][org.springframework.boot.StartupInfoLogger][main][61]Started Main in 47.632 seconds (JVM running for 62.847)
[2023-11-09 22:32:14.014][INFO ][org.springframework.orm.jpa.AbstractEntityManagerFactoryBean][SpringApplicationShutdownHook][651]Closing JPA EntityManagerFactory for persistence unit 'default'
[2023-11-09 22:32:14.014][INFO ][com.zaxxer.hikari.HikariDataSource][SpringApplicationShutdownHook][350]HikariPool-1 - Shutdown initiated...
[2023-11-09 22:32:14.014][INFO ][com.zaxxer.hikari.HikariDataSource][SpringApplicationShutdownHook][352]HikariPool-1 - Shutdown completed.
[2023-11-09 23:16:37.037][INFO ][org.springframework.test.context.support.AbstractTestContextBootstrapper][main][305]Neither @ContextConfiguration nor @ContextHierarchy found for test class [com.aplikasi.chapter7.binarfud.utils.jasper.Main], using SpringBootContextLoader
[2023-11-09 23:16:37.037][INFO ][org.springframework.test.context.support.AbstractContextLoader][main][264]Could not detect default resource locations for test class [com.aplikasi.chapter7.binarfud.utils.jasper.Main]: no resource found for suffixes {-context.xml, Context.groovy}.
[2023-11-09 23:16:37.037][INFO ][org.springframework.test.context.support.AnnotationConfigContextLoaderUtils][main][83]Could not detect default configuration classes for test class [com.aplikasi.chapter7.binarfud.utils.jasper.Main]: Main does not declare any static, non-private, non-final, nested classes annotated with @Configuration.
[2023-11-09 23:16:38.038][INFO ][org.springframework.boot.test.context.SpringBootTestContextBootstrapper][main][239]Found @SpringBootConfiguration com.aplikasi.chapter7.Chapter7Application for test class com.aplikasi.chapter7.binarfud.utils.jasper.Main
[2023-11-09 23:16:39.039][INFO ][org.springframework.test.context.support.AbstractTestContextBootstrapper][main][245]Loaded default TestExecutionListener class names from location [META-INF/spring.factories]: [org.springframework.boot.test.autoconfigure.restdocs.RestDocsTestExecutionListener, org.springframework.boot.test.autoconfigure.web.client.MockRestServiceServerResetTestExecutionListener, org.springframework.boot.test.autoconfigure.web.servlet.MockMvcPrintOnlyOnFailureTestExecutionListener, org.springframework.boot.test.autoconfigure.web.servlet.WebDriverTestExecutionListener, org.springframework.boot.test.autoconfigure.webservices.client.MockWebServiceServerTestExecutionListener, org.springframework.boot.test.mock.mockito.MockitoTestExecutionListener, org.springframework.boot.test.mock.mockito.ResetMocksTestExecutionListener, org.springframework.test.context.web.ServletTestExecutionListener, org.springframework.test.context.support.DirtiesContextBeforeModesTestExecutionListener, org.springframework.test.context.event.ApplicationEventsTestExecutionListener, org.springframework.test.context.support.DependencyInjectionTestExecutionListener, org.springframework.test.context.support.DirtiesContextTestExecutionListener, org.springframework.test.context.transaction.TransactionalTestExecutionListener, org.springframework.test.context.jdbc.SqlScriptsTestExecutionListener, org.springframework.test.context.event.EventPublishingTestExecutionListener]
[2023-11-09 23:16:39.039][INFO ][org.springframework.test.context.support.AbstractTestContextBootstrapper][main][174]Using TestExecutionListeners: [org.springframework.test.context.web.ServletTestExecutionListener@51133c06, org.springframework.test.context.support.DirtiesContextBeforeModesTestExecutionListener@4b213651, org.springframework.test.context.event.ApplicationEventsTestExecutionListener@4241e0f4, org.springframework.boot.test.mock.mockito.MockitoTestExecutionListener@4ebff610, org.springframework.boot.test.autoconfigure.SpringBootDependencyInjectionTestExecutionListener@60410cd, org.springframework.test.context.support.DirtiesContextTestExecutionListener@44d52de2, org.springframework.test.context.transaction.TransactionalTestExecutionListener@95e33cc, org.springframework.test.context.jdbc.SqlScriptsTestExecutionListener@38604b81, org.springframework.test.context.event.EventPublishingTestExecutionListener@1e44b638, org.springframework.boot.test.autoconfigure.restdocs.RestDocsTestExecutionListener@7393222f, org.springframework.boot.test.autoconfigure.web.client.MockRestServiceServerResetTestExecutionListener@babafc2, org.springframework.boot.test.autoconfigure.web.servlet.MockMvcPrintOnlyOnFailureTestExecutionListener@31add175, org.springframework.boot.test.autoconfigure.web.servlet.WebDriverTestExecutionListener@ae3540e, org.springframework.boot.test.autoconfigure.webservices.client.MockWebServiceServerTestExecutionListener@600b9d27, org.springframework.boot.test.mock.mockito.ResetMocksTestExecutionListener@3688eb5b]
[2023-11-09 23:16:41.041][INFO ][org.hibernate.validator.internal.util.Version][background-preinit][21]HV000001: Hibernate Validator 6.0.21.Final
[2023-11-09 23:16:41.041][INFO ][org.springframework.boot.StartupInfoLogger][main][55]Starting Main using Java 17.0.8 on DESKTOP-BCDMK2Q with PID 2780 (started by EdoEdiNiko in C:\Users\EdoEdiNiko\IdeaProjects\chapter4\chapter4)
[2023-11-09 23:16:41.041][INFO ][org.springframework.boot.SpringApplication][main][631]No active profile set, falling back to 1 default profile: "default"
[2023-11-09 23:16:46.046][INFO ][org.springframework.data.repository.config.RepositoryConfigurationDelegate][main][132]Bootstrapping Spring Data JPA repositories in DEFAULT mode.
[2023-11-09 23:16:47.047][INFO ][org.springframework.data.repository.config.RepositoryConfigurationDelegate][main][201]Finished Spring Data repository scanning in 829 ms. Found 5 JPA repository interfaces.
[2023-11-09 23:16:51.051][INFO ][org.springframework.boot.web.embedded.tomcat.TomcatWebServer][main][108]Tomcat initialized with port(s): 0 (http)
[2023-11-09 23:16:51.051][INFO ][org.apache.juli.logging.DirectJDKLog][main][173]Initializing ProtocolHandler ["http-nio-auto-1"]
[2023-11-09 23:16:51.051][INFO ][org.apache.juli.logging.DirectJDKLog][main][173]Starting service [Tomcat]
[2023-11-09 23:16:51.051][INFO ][org.apache.juli.logging.DirectJDKLog][main][173]Starting Servlet engine: [Apache Tomcat/9.0.80]
[2023-11-09 23:16:52.052][INFO ][org.apache.juli.logging.DirectJDKLog][main][173]Initializing Spring embedded WebApplicationContext
[2023-11-09 23:16:52.052][INFO ][org.springframework.boot.web.servlet.context.ServletWebServerApplicationContext][main][292]Root WebApplicationContext: initialization completed in 11047 ms
[2023-11-09 23:16:53.053][INFO ][org.hibernate.jpa.internal.util.LogHelper][main][31]HHH000204: Processing PersistenceUnitInfo [name: default]
[2023-11-09 23:16:53.053][INFO ][org.hibernate.Version][main][44]HHH000412: Hibernate ORM core version 5.6.15.Final
[2023-11-09 23:16:54.054][INFO ][org.hibernate.annotations.common.reflection.java.JavaReflectionManager][main][56]HCANN000001: Hibernate Commons Annotations {5.1.2.Final}
[2023-11-09 23:16:55.055][INFO ][com.zaxxer.hikari.HikariDataSource][main][110]HikariPool-1 - Starting...
[2023-11-09 23:16:56.056][INFO ][com.zaxxer.hikari.HikariDataSource][main][123]HikariPool-1 - Start completed.
[2023-11-09 23:16:56.056][INFO ][org.hibernate.dialect.Dialect][main][175]HHH000400: Using dialect: org.hibernate.dialect.PostgreSQL10Dialect
[2023-11-09 23:17:03.003][INFO ][org.hibernate.engine.transaction.jta.platform.internal.JtaPlatformInitiator][main][52]HHH000490: Using JtaPlatform implementation: [org.hibernate.engine.transaction.jta.platform.internal.NoJtaPlatform]
[2023-11-09 23:17:03.003][INFO ][org.springframework.orm.jpa.AbstractEntityManagerFactoryBean][main][437]Initialized JPA EntityManagerFactory for persistence unit 'default'
[2023-11-09 23:17:08.008][WARN ][org.springframework.boot.autoconfigure.orm.jpa.JpaBaseConfiguration$JpaWebConfiguration][main][223]spring.jpa.open-in-view is enabled by default. Therefore, database queries may be performed during view rendering. Explicitly configure spring.jpa.open-in-view to disable this warning
[2023-11-09 23:17:19.019][INFO ][org.apache.juli.logging.DirectJDKLog][main][173]Starting ProtocolHandler ["http-nio-auto-1"]
[2023-11-09 23:17:19.019][INFO ][org.springframework.boot.web.embedded.tomcat.TomcatWebServer][main][220]Tomcat started on port(s): 58509 (http) with context path ''
[2023-11-09 23:17:19.019][INFO ][org.springframework.boot.StartupInfoLogger][main][61]Started Main in 39.863 seconds (JVM running for 48.781)
[2023-11-09 23:18:34.034][INFO ][org.springframework.orm.jpa.AbstractEntityManagerFactoryBean][SpringApplicationShutdownHook][651]Closing JPA EntityManagerFactory for persistence unit 'default'
[2023-11-09 23:18:34.034][INFO ][com.zaxxer.hikari.HikariDataSource][SpringApplicationShutdownHook][350]HikariPool-1 - Shutdown initiated...
[2023-11-09 23:18:34.034][INFO ][com.zaxxer.hikari.HikariDataSource][SpringApplicationShutdownHook][352]HikariPool-1 - Shutdown completed.
[2023-11-09 23:20:08.008][INFO ][org.springframework.test.context.support.AbstractTestContextBootstrapper][main][305]Neither @ContextConfiguration nor @ContextHierarchy found for test class [com.aplikasi.chapter7.binarfud.utils.jasper.Main], using SpringBootContextLoader
[2023-11-09 23:20:08.008][INFO ][org.springframework.test.context.support.AbstractContextLoader][main][264]Could not detect default resource locations for test class [com.aplikasi.chapter7.binarfud.utils.jasper.Main]: no resource found for suffixes {-context.xml, Context.groovy}.
[2023-11-09 23:20:08.008][INFO ][org.springframework.test.context.support.AnnotationConfigContextLoaderUtils][main][83]Could not detect default configuration classes for test class [com.aplikasi.chapter7.binarfud.utils.jasper.Main]: Main does not declare any static, non-private, non-final, nested classes annotated with @Configuration.
[2023-11-09 23:20:09.009][INFO ][org.springframework.boot.test.context.SpringBootTestContextBootstrapper][main][239]Found @SpringBootConfiguration com.aplikasi.chapter7.Chapter7Application for test class com.aplikasi.chapter7.binarfud.utils.jasper.Main
[2023-11-09 23:20:10.010][INFO ][org.springframework.test.context.support.AbstractTestContextBootstrapper][main][245]Loaded default TestExecutionListener class names from location [META-INF/spring.factories]: [org.springframework.boot.test.autoconfigure.restdocs.RestDocsTestExecutionListener, org.springframework.boot.test.autoconfigure.web.client.MockRestServiceServerResetTestExecutionListener, org.springframework.boot.test.autoconfigure.web.servlet.MockMvcPrintOnlyOnFailureTestExecutionListener, org.springframework.boot.test.autoconfigure.web.servlet.WebDriverTestExecutionListener, org.springframework.boot.test.autoconfigure.webservices.client.MockWebServiceServerTestExecutionListener, org.springframework.boot.test.mock.mockito.MockitoTestExecutionListener, org.springframework.boot.test.mock.mockito.ResetMocksTestExecutionListener, org.springframework.test.context.web.ServletTestExecutionListener, org.springframework.test.context.support.DirtiesContextBeforeModesTestExecutionListener, org.springframework.test.context.event.ApplicationEventsTestExecutionListener, org.springframework.test.context.support.DependencyInjectionTestExecutionListener, org.springframework.test.context.support.DirtiesContextTestExecutionListener, org.springframework.test.context.transaction.TransactionalTestExecutionListener, org.springframework.test.context.jdbc.SqlScriptsTestExecutionListener, org.springframework.test.context.event.EventPublishingTestExecutionListener]
[2023-11-09 23:20:10.010][INFO ][org.springframework.test.context.support.AbstractTestContextBootstrapper][main][174]Using TestExecutionListeners: [org.springframework.test.context.web.ServletTestExecutionListener@35645047, org.springframework.test.context.support.DirtiesContextBeforeModesTestExecutionListener@6f44a157, org.springframework.test.context.event.ApplicationEventsTestExecutionListener@6bc407fd, org.springframework.boot.test.mock.mockito.MockitoTestExecutionListener@291f18, org.springframework.boot.test.autoconfigure.SpringBootDependencyInjectionTestExecutionListener@17d88132, org.springframework.test.context.support.DirtiesContextTestExecutionListener@5ddcc487, org.springframework.test.context.transaction.TransactionalTestExecutionListener@16eccb2e, org.springframework.test.context.jdbc.SqlScriptsTestExecutionListener@5ef5c734, org.springframework.test.context.event.EventPublishingTestExecutionListener@d771cc9, org.springframework.boot.test.autoconfigure.restdocs.RestDocsTestExecutionListener@36b4091c, org.springframework.boot.test.autoconfigure.web.client.MockRestServiceServerResetTestExecutionListener@4671115f, org.springframework.boot.test.autoconfigure.web.servlet.MockMvcPrintOnlyOnFailureTestExecutionListener@36cda2c2, org.springframework.boot.test.autoconfigure.web.servlet.WebDriverTestExecutionListener@3697186, org.springframework.boot.test.autoconfigure.webservices.client.MockWebServiceServerTestExecutionListener@1583741e, org.springframework.boot.test.mock.mockito.ResetMocksTestExecutionListener@5b367418]
[2023-11-09 23:20:12.012][INFO ][org.hibernate.validator.internal.util.Version][background-preinit][21]HV000001: Hibernate Validator 6.0.21.Final
[2023-11-09 23:20:12.012][INFO ][org.springframework.boot.StartupInfoLogger][main][55]Starting Main using Java 17.0.8 on DESKTOP-BCDMK2Q with PID 15652 (started by EdoEdiNiko in C:\Users\EdoEdiNiko\IdeaProjects\chapter4\chapter4)
[2023-11-09 23:20:12.012][INFO ][org.springframework.boot.SpringApplication][main][631]No active profile set, falling back to 1 default profile: "default"
[2023-11-09 23:20:20.020][INFO ][org.springframework.data.repository.config.RepositoryConfigurationDelegate][main][132]Bootstrapping Spring Data JPA repositories in DEFAULT mode.
[2023-11-09 23:20:21.021][INFO ][org.springframework.data.repository.config.RepositoryConfigurationDelegate][main][201]Finished Spring Data repository scanning in 571 ms. Found 5 JPA repository interfaces.
[2023-11-09 23:20:26.026][INFO ][org.springframework.boot.web.embedded.tomcat.TomcatWebServer][main][108]Tomcat initialized with port(s): 0 (http)
[2023-11-09 23:20:26.026][INFO ][org.apache.juli.logging.DirectJDKLog][main][173]Initializing ProtocolHandler ["http-nio-auto-1"]
[2023-11-09 23:20:26.026][INFO ][org.apache.juli.logging.DirectJDKLog][main][173]Starting service [Tomcat]
[2023-11-09 23:20:26.026][INFO ][org.apache.juli.logging.DirectJDKLog][main][173]Starting Servlet engine: [Apache Tomcat/9.0.80]
[2023-11-09 23:20:27.027][INFO ][org.apache.juli.logging.DirectJDKLog][main][173]Initializing Spring embedded WebApplicationContext
[2023-11-09 23:20:27.027][INFO ][org.springframework.boot.web.servlet.context.ServletWebServerApplicationContext][main][292]Root WebApplicationContext: initialization completed in 14995 ms
[2023-11-09 23:20:29.029][INFO ][org.hibernate.jpa.internal.util.LogHelper][main][31]HHH000204: Processing PersistenceUnitInfo [name: default]
[2023-11-09 23:20:29.029][INFO ][org.hibernate.Version][main][44]HHH000412: Hibernate ORM core version 5.6.15.Final
[2023-11-09 23:20:31.031][INFO ][org.hibernate.annotations.common.reflection.java.JavaReflectionManager][main][56]HCANN000001: Hibernate Commons Annotations {5.1.2.Final}
[2023-11-09 23:20:34.034][INFO ][com.zaxxer.hikari.HikariDataSource][main][110]HikariPool-1 - Starting...
[2023-11-09 23:20:38.038][INFO ][com.zaxxer.hikari.HikariDataSource][main][123]HikariPool-1 - Start completed.
[2023-11-09 23:20:38.038][INFO ][org.hibernate.dialect.Dialect][main][175]HHH000400: Using dialect: org.hibernate.dialect.PostgreSQL10Dialect
[2023-11-09 23:20:46.046][INFO ][org.hibernate.engine.transaction.jta.platform.internal.JtaPlatformInitiator][main][52]HHH000490: Using JtaPlatform implementation: [org.hibernate.engine.transaction.jta.platform.internal.NoJtaPlatform]
[2023-11-09 23:20:46.046][INFO ][org.springframework.orm.jpa.AbstractEntityManagerFactoryBean][main][437]Initialized JPA EntityManagerFactory for persistence unit 'default'
[2023-11-09 23:20:51.051][WARN ][org.springframework.boot.autoconfigure.orm.jpa.JpaBaseConfiguration$JpaWebConfiguration][main][223]spring.jpa.open-in-view is enabled by default. Therefore, database queries may be performed during view rendering. Explicitly configure spring.jpa.open-in-view to disable this warning
[2023-11-09 23:21:09.009][INFO ][org.apache.juli.logging.DirectJDKLog][main][173]Starting ProtocolHandler ["http-nio-auto-1"]
[2023-11-09 23:21:09.009][INFO ][org.springframework.boot.web.embedded.tomcat.TomcatWebServer][main][220]Tomcat started on port(s): 58564 (http) with context path ''
[2023-11-09 23:21:09.009][INFO ][org.springframework.boot.StartupInfoLogger][main][61]Started Main in 58.766 seconds (JVM running for 64.322)
[2023-11-09 23:21:20.020][INFO ][org.springframework.orm.jpa.AbstractEntityManagerFactoryBean][SpringApplicationShutdownHook][651]Closing JPA EntityManagerFactory for persistence unit 'default'
[2023-11-09 23:21:20.020][INFO ][com.zaxxer.hikari.HikariDataSource][SpringApplicationShutdownHook][350]HikariPool-1 - Shutdown initiated...
[2023-11-09 23:21:20.020][INFO ][com.zaxxer.hikari.HikariDataSource][SpringApplicationShutdownHook][352]HikariPool-1 - Shutdown completed.
