[2023-11-10 00:09:10.010][INFO ][org.springframework.test.context.support.AbstractTestContextBootstrapper][main][305]Neither @ContextConfiguration nor @ContextHierarchy found for test class [com.aplikasi.chapter7.binarfud.utils.jasper.Main], using SpringBootContextLoader
[2023-11-10 00:09:10.010][INFO ][org.springframework.test.context.support.AbstractContextLoader][main][264]Could not detect default resource locations for test class [com.aplikasi.chapter7.binarfud.utils.jasper.Main]: no resource found for suffixes {-context.xml, Context.groovy}.
[2023-11-10 00:09:10.010][INFO ][org.springframework.test.context.support.AnnotationConfigContextLoaderUtils][main][83]Could not detect default configuration classes for test class [com.aplikasi.chapter7.binarfud.utils.jasper.Main]: Main does not declare any static, non-private, non-final, nested classes annotated with @Configuration.
[2023-11-10 00:09:11.011][INFO ][org.springframework.boot.test.context.SpringBootTestContextBootstrapper][main][239]Found @SpringBootConfiguration com.aplikasi.chapter7.Chapter7Application for test class com.aplikasi.chapter7.binarfud.utils.jasper.Main
[2023-11-10 00:09:11.011][INFO ][org.springframework.test.context.support.AbstractTestContextBootstrapper][main][245]Loaded default TestExecutionListener class names from location [META-INF/spring.factories]: [org.springframework.boot.test.autoconfigure.restdocs.RestDocsTestExecutionListener, org.springframework.boot.test.autoconfigure.web.client.MockRestServiceServerResetTestExecutionListener, org.springframework.boot.test.autoconfigure.web.servlet.MockMvcPrintOnlyOnFailureTestExecutionListener, org.springframework.boot.test.autoconfigure.web.servlet.WebDriverTestExecutionListener, org.springframework.boot.test.autoconfigure.webservices.client.MockWebServiceServerTestExecutionListener, org.springframework.boot.test.mock.mockito.MockitoTestExecutionListener, org.springframework.boot.test.mock.mockito.ResetMocksTestExecutionListener, org.springframework.test.context.web.ServletTestExecutionListener, org.springframework.test.context.support.DirtiesContextBeforeModesTestExecutionListener, org.springframework.test.context.event.ApplicationEventsTestExecutionListener, org.springframework.test.context.support.DependencyInjectionTestExecutionListener, org.springframework.test.context.support.DirtiesContextTestExecutionListener, org.springframework.test.context.transaction.TransactionalTestExecutionListener, org.springframework.test.context.jdbc.SqlScriptsTestExecutionListener, org.springframework.test.context.event.EventPublishingTestExecutionListener]
[2023-11-10 00:09:11.011][INFO ][org.springframework.test.context.support.AbstractTestContextBootstrapper][main][174]Using TestExecutionListeners: [org.springframework.test.context.web.ServletTestExecutionListener@4e423aa2, org.springframework.test.context.support.DirtiesContextBeforeModesTestExecutionListener@7fbdb894, org.springframework.test.context.event.ApplicationEventsTestExecutionListener@3081f72c, org.springframework.boot.test.mock.mockito.MockitoTestExecutionListener@3148f668, org.springframework.boot.test.autoconfigure.SpringBootDependencyInjectionTestExecutionListener@6e005dc9, org.springframework.test.context.support.DirtiesContextTestExecutionListener@7ceb3185, org.springframework.test.context.transaction.TransactionalTestExecutionListener@436c81a3, org.springframework.test.context.jdbc.SqlScriptsTestExecutionListener@3561c410, org.springframework.test.context.event.EventPublishingTestExecutionListener@59e32960, org.springframework.boot.test.autoconfigure.restdocs.RestDocsTestExecutionListener@7c214cc0, org.springframework.boot.test.autoconfigure.web.client.MockRestServiceServerResetTestExecutionListener@5b67bb7e, org.springframework.boot.test.autoconfigure.web.servlet.MockMvcPrintOnlyOnFailureTestExecutionListener@609db546, org.springframework.boot.test.autoconfigure.web.servlet.WebDriverTestExecutionListener@20f5281c, org.springframework.boot.test.autoconfigure.webservices.client.MockWebServiceServerTestExecutionListener@56c4278e, org.springframework.boot.test.mock.mockito.ResetMocksTestExecutionListener@301eda63]
[2023-11-10 00:09:14.014][INFO ][org.springframework.boot.StartupInfoLogger][main][55]Starting Main using Java 17.0.8 on DESKTOP-BCDMK2Q with PID 12108 (started by EdoEdiNiko in C:\Users\EdoEdiNiko\IdeaProjects\chapter4\chapter4)
[2023-11-10 00:09:14.014][INFO ][org.springframework.boot.SpringApplication][main][631]No active profile set, falling back to 1 default profile: "default"
[2023-11-10 00:09:14.014][INFO ][org.hibernate.validator.internal.util.Version][background-preinit][21]HV000001: Hibernate Validator 6.0.21.Final
[2023-11-10 00:09:18.018][INFO ][org.springframework.data.repository.config.RepositoryConfigurationDelegate][main][132]Bootstrapping Spring Data JPA repositories in DEFAULT mode.
[2023-11-10 00:09:20.020][INFO ][org.springframework.data.repository.config.RepositoryConfigurationDelegate][main][201]Finished Spring Data repository scanning in 1728 ms. Found 5 JPA repository interfaces.
[2023-11-10 00:09:28.028][INFO ][org.springframework.boot.web.embedded.tomcat.TomcatWebServer][main][108]Tomcat initialized with port(s): 0 (http)
[2023-11-10 00:09:28.028][INFO ][org.apache.juli.logging.DirectJDKLog][main][173]Initializing ProtocolHandler ["http-nio-auto-1"]
[2023-11-10 00:09:28.028][INFO ][org.apache.juli.logging.DirectJDKLog][main][173]Starting service [Tomcat]
[2023-11-10 00:09:28.028][INFO ][org.apache.juli.logging.DirectJDKLog][main][173]Starting Servlet engine: [Apache Tomcat/9.0.80]
[2023-11-10 00:09:33.033][INFO ][org.apache.juli.logging.DirectJDKLog][main][173]Initializing Spring embedded WebApplicationContext
[2023-11-10 00:09:33.033][INFO ][org.springframework.boot.web.servlet.context.ServletWebServerApplicationContext][main][292]Root WebApplicationContext: initialization completed in 19492 ms
[2023-11-10 00:09:37.037][INFO ][org.hibernate.jpa.internal.util.LogHelper][main][31]HHH000204: Processing PersistenceUnitInfo [name: default]
[2023-11-10 00:09:39.039][INFO ][org.hibernate.Version][main][44]HHH000412: Hibernate ORM core version 5.6.15.Final
[2023-11-10 00:09:40.040][INFO ][org.hibernate.annotations.common.reflection.java.JavaReflectionManager][main][56]HCANN000001: Hibernate Commons Annotations {5.1.2.Final}
[2023-11-10 00:09:40.040][INFO ][com.zaxxer.hikari.HikariDataSource][main][110]HikariPool-1 - Starting...
[2023-11-10 00:09:41.041][INFO ][com.zaxxer.hikari.HikariDataSource][main][123]HikariPool-1 - Start completed.
[2023-11-10 00:09:41.041][INFO ][org.hibernate.dialect.Dialect][main][175]HHH000400: Using dialect: org.hibernate.dialect.PostgreSQL10Dialect
[2023-11-10 00:09:50.050][INFO ][org.hibernate.engine.transaction.jta.platform.internal.JtaPlatformInitiator][main][52]HHH000490: Using JtaPlatform implementation: [org.hibernate.engine.transaction.jta.platform.internal.NoJtaPlatform]
[2023-11-10 00:09:50.050][INFO ][org.springframework.orm.jpa.AbstractEntityManagerFactoryBean][main][437]Initialized JPA EntityManagerFactory for persistence unit 'default'
[2023-11-10 00:09:54.054][WARN ][org.springframework.boot.autoconfigure.orm.jpa.JpaBaseConfiguration$JpaWebConfiguration][main][223]spring.jpa.open-in-view is enabled by default. Therefore, database queries may be performed during view rendering. Explicitly configure spring.jpa.open-in-view to disable this warning
[2023-11-10 00:10:05.005][INFO ][org.apache.juli.logging.DirectJDKLog][main][173]Starting ProtocolHandler ["http-nio-auto-1"]
[2023-11-10 00:10:06.006][INFO ][org.springframework.boot.web.embedded.tomcat.TomcatWebServer][main][220]Tomcat started on port(s): 58992 (http) with context path ''
[2023-11-10 00:10:06.006][INFO ][org.springframework.boot.StartupInfoLogger][main][61]Started Main in 54.033 seconds (JVM running for 63.586)
[2023-11-10 00:10:18.018][INFO ][org.springframework.orm.jpa.AbstractEntityManagerFactoryBean][SpringApplicationShutdownHook][651]Closing JPA EntityManagerFactory for persistence unit 'default'
[2023-11-10 00:10:18.018][INFO ][com.zaxxer.hikari.HikariDataSource][SpringApplicationShutdownHook][350]HikariPool-1 - Shutdown initiated...
[2023-11-10 00:10:18.018][INFO ][com.zaxxer.hikari.HikariDataSource][SpringApplicationShutdownHook][352]HikariPool-1 - Shutdown completed.
[2023-11-10 00:11:46.046][INFO ][org.springframework.test.context.support.AbstractTestContextBootstrapper][main][305]Neither @ContextConfiguration nor @ContextHierarchy found for test class [com.aplikasi.chapter7.binarfud.utils.jasper.Main], using SpringBootContextLoader
[2023-11-10 00:11:46.046][INFO ][org.springframework.test.context.support.AbstractContextLoader][main][264]Could not detect default resource locations for test class [com.aplikasi.chapter7.binarfud.utils.jasper.Main]: no resource found for suffixes {-context.xml, Context.groovy}.
[2023-11-10 00:11:46.046][INFO ][org.springframework.test.context.support.AnnotationConfigContextLoaderUtils][main][83]Could not detect default configuration classes for test class [com.aplikasi.chapter7.binarfud.utils.jasper.Main]: Main does not declare any static, non-private, non-final, nested classes annotated with @Configuration.
[2023-11-10 00:11:48.048][INFO ][org.springframework.boot.test.context.SpringBootTestContextBootstrapper][main][239]Found @SpringBootConfiguration com.aplikasi.chapter7.Chapter7Application for test class com.aplikasi.chapter7.binarfud.utils.jasper.Main
[2023-11-10 00:11:48.048][INFO ][org.springframework.test.context.support.AbstractTestContextBootstrapper][main][245]Loaded default TestExecutionListener class names from location [META-INF/spring.factories]: [org.springframework.boot.test.autoconfigure.restdocs.RestDocsTestExecutionListener, org.springframework.boot.test.autoconfigure.web.client.MockRestServiceServerResetTestExecutionListener, org.springframework.boot.test.autoconfigure.web.servlet.MockMvcPrintOnlyOnFailureTestExecutionListener, org.springframework.boot.test.autoconfigure.web.servlet.WebDriverTestExecutionListener, org.springframework.boot.test.autoconfigure.webservices.client.MockWebServiceServerTestExecutionListener, org.springframework.boot.test.mock.mockito.MockitoTestExecutionListener, org.springframework.boot.test.mock.mockito.ResetMocksTestExecutionListener, org.springframework.test.context.web.ServletTestExecutionListener, org.springframework.test.context.support.DirtiesContextBeforeModesTestExecutionListener, org.springframework.test.context.event.ApplicationEventsTestExecutionListener, org.springframework.test.context.support.DependencyInjectionTestExecutionListener, org.springframework.test.context.support.DirtiesContextTestExecutionListener, org.springframework.test.context.transaction.TransactionalTestExecutionListener, org.springframework.test.context.jdbc.SqlScriptsTestExecutionListener, org.springframework.test.context.event.EventPublishingTestExecutionListener]
[2023-11-10 00:11:49.049][INFO ][org.springframework.test.context.support.AbstractTestContextBootstrapper][main][174]Using TestExecutionListeners: [org.springframework.test.context.web.ServletTestExecutionListener@418c5a9c, org.springframework.test.context.support.DirtiesContextBeforeModesTestExecutionListener@18e36d14, org.springframework.test.context.event.ApplicationEventsTestExecutionListener@5082d622, org.springframework.boot.test.mock.mockito.MockitoTestExecutionListener@13d4992d, org.springframework.boot.test.autoconfigure.SpringBootDependencyInjectionTestExecutionListener@302f7971, org.springframework.test.context.support.DirtiesContextTestExecutionListener@332729ad, org.springframework.test.context.transaction.TransactionalTestExecutionListener@75d2da2d, org.springframework.test.context.jdbc.SqlScriptsTestExecutionListener@4278284b, org.springframework.test.context.event.EventPublishingTestExecutionListener@9573584, org.springframework.boot.test.autoconfigure.restdocs.RestDocsTestExecutionListener@3370f42, org.springframework.boot.test.autoconfigure.web.client.MockRestServiceServerResetTestExecutionListener@6057aebb, org.springframework.boot.test.autoconfigure.web.servlet.MockMvcPrintOnlyOnFailureTestExecutionListener@63eef88a, org.springframework.boot.test.autoconfigure.web.servlet.WebDriverTestExecutionListener@53251a66, org.springframework.boot.test.autoconfigure.webservices.client.MockWebServiceServerTestExecutionListener@6853425f, org.springframework.boot.test.mock.mockito.ResetMocksTestExecutionListener@352c1b98]
[2023-11-10 00:11:51.051][INFO ][org.springframework.boot.StartupInfoLogger][main][55]Starting Main using Java 17.0.8 on DESKTOP-BCDMK2Q with PID 9472 (started by EdoEdiNiko in C:\Users\EdoEdiNiko\IdeaProjects\chapter4\chapter4)
[2023-11-10 00:11:51.051][INFO ][org.springframework.boot.SpringApplication][main][631]No active profile set, falling back to 1 default profile: "default"
[2023-11-10 00:11:51.051][INFO ][org.hibernate.validator.internal.util.Version][background-preinit][21]HV000001: Hibernate Validator 6.0.21.Final
[2023-11-10 00:11:55.055][INFO ][org.springframework.data.repository.config.RepositoryConfigurationDelegate][main][132]Bootstrapping Spring Data JPA repositories in DEFAULT mode.
[2023-11-10 00:11:56.056][INFO ][org.springframework.data.repository.config.RepositoryConfigurationDelegate][main][201]Finished Spring Data repository scanning in 364 ms. Found 5 JPA repository interfaces.
[2023-11-10 00:12:02.002][INFO ][org.springframework.boot.web.embedded.tomcat.TomcatWebServer][main][108]Tomcat initialized with port(s): 0 (http)
[2023-11-10 00:12:02.002][INFO ][org.apache.juli.logging.DirectJDKLog][main][173]Initializing ProtocolHandler ["http-nio-auto-1"]
[2023-11-10 00:12:02.002][INFO ][org.apache.juli.logging.DirectJDKLog][main][173]Starting service [Tomcat]
[2023-11-10 00:12:02.002][INFO ][org.apache.juli.logging.DirectJDKLog][main][173]Starting Servlet engine: [Apache Tomcat/9.0.80]
[2023-11-10 00:12:02.002][INFO ][org.apache.juli.logging.DirectJDKLog][main][173]Initializing Spring embedded WebApplicationContext
[2023-11-10 00:12:02.002][INFO ][org.springframework.boot.web.servlet.context.ServletWebServerApplicationContext][main][292]Root WebApplicationContext: initialization completed in 11305 ms
[2023-11-10 00:12:03.003][INFO ][org.hibernate.jpa.internal.util.LogHelper][main][31]HHH000204: Processing PersistenceUnitInfo [name: default]
[2023-11-10 00:12:04.004][INFO ][org.hibernate.Version][main][44]HHH000412: Hibernate ORM core version 5.6.15.Final
[2023-11-10 00:12:05.005][INFO ][org.hibernate.annotations.common.reflection.java.JavaReflectionManager][main][56]HCANN000001: Hibernate Commons Annotations {5.1.2.Final}
[2023-11-10 00:12:05.005][INFO ][com.zaxxer.hikari.HikariDataSource][main][110]HikariPool-1 - Starting...
[2023-11-10 00:12:06.006][INFO ][com.zaxxer.hikari.HikariDataSource][main][123]HikariPool-1 - Start completed.
[2023-11-10 00:12:07.007][INFO ][org.hibernate.dialect.Dialect][main][175]HHH000400: Using dialect: org.hibernate.dialect.PostgreSQL10Dialect
[2023-11-10 00:12:13.013][INFO ][org.hibernate.engine.transaction.jta.platform.internal.JtaPlatformInitiator][main][52]HHH000490: Using JtaPlatform implementation: [org.hibernate.engine.transaction.jta.platform.internal.NoJtaPlatform]
[2023-11-10 00:12:13.013][INFO ][org.springframework.orm.jpa.AbstractEntityManagerFactoryBean][main][437]Initialized JPA EntityManagerFactory for persistence unit 'default'
[2023-11-10 00:12:18.018][WARN ][org.springframework.boot.autoconfigure.orm.jpa.JpaBaseConfiguration$JpaWebConfiguration][main][223]spring.jpa.open-in-view is enabled by default. Therefore, database queries may be performed during view rendering. Explicitly configure spring.jpa.open-in-view to disable this warning
[2023-11-10 00:12:29.029][INFO ][org.apache.juli.logging.DirectJDKLog][main][173]Starting ProtocolHandler ["http-nio-auto-1"]
[2023-11-10 00:12:29.029][INFO ][org.springframework.boot.web.embedded.tomcat.TomcatWebServer][main][220]Tomcat started on port(s): 59038 (http) with context path ''
[2023-11-10 00:12:29.029][INFO ][org.springframework.boot.StartupInfoLogger][main][61]Started Main in 39.83 seconds (JVM running for 46.918)
[2023-11-10 00:12:41.041][INFO ][org.springframework.orm.jpa.AbstractEntityManagerFactoryBean][SpringApplicationShutdownHook][651]Closing JPA EntityManagerFactory for persistence unit 'default'
[2023-11-10 00:12:41.041][INFO ][com.zaxxer.hikari.HikariDataSource][SpringApplicationShutdownHook][350]HikariPool-1 - Shutdown initiated...
[2023-11-10 00:12:41.041][INFO ][com.zaxxer.hikari.HikariDataSource][SpringApplicationShutdownHook][352]HikariPool-1 - Shutdown completed.
[2023-11-10 00:24:39.039][INFO ][org.hibernate.validator.internal.util.Version][background-preinit][21]HV000001: Hibernate Validator 6.0.21.Final
[2023-11-10 00:24:40.040][INFO ][org.springframework.boot.StartupInfoLogger][main][55]Starting Chapter4Application using Java 17.0.8 on DESKTOP-BCDMK2Q with PID 8292 (C:\Users\EdoEdiNiko\IdeaProjects\chapter4\chapter4\target\classes started by EdoEdiNiko in C:\Users\EdoEdiNiko\IdeaProjects\chapter4\chapter4)
[2023-11-10 00:24:40.040][INFO ][org.springframework.boot.SpringApplication][main][631]No active profile set, falling back to 1 default profile: "default"
[2023-11-10 00:24:45.045][INFO ][org.springframework.data.repository.config.RepositoryConfigurationDelegate][main][132]Bootstrapping Spring Data JPA repositories in DEFAULT mode.
[2023-11-10 00:24:46.046][INFO ][org.springframework.data.repository.config.RepositoryConfigurationDelegate][main][201]Finished Spring Data repository scanning in 564 ms. Found 5 JPA repository interfaces.
[2023-11-10 00:24:49.049][INFO ][org.springframework.boot.web.embedded.tomcat.TomcatWebServer][main][108]Tomcat initialized with port(s): 8080 (http)
[2023-11-10 00:24:49.049][INFO ][org.apache.juli.logging.DirectJDKLog][main][173]Initializing ProtocolHandler ["http-nio-8080"]
[2023-11-10 00:24:49.049][INFO ][org.apache.juli.logging.DirectJDKLog][main][173]Starting service [Tomcat]
[2023-11-10 00:24:49.049][INFO ][org.apache.juli.logging.DirectJDKLog][main][173]Starting Servlet engine: [Apache Tomcat/9.0.80]
[2023-11-10 00:24:50.050][INFO ][org.apache.juli.logging.DirectJDKLog][main][173]Initializing Spring embedded WebApplicationContext
[2023-11-10 00:24:50.050][INFO ][org.springframework.boot.web.servlet.context.ServletWebServerApplicationContext][main][292]Root WebApplicationContext: initialization completed in 10109 ms
[2023-11-10 00:24:51.051][INFO ][org.hibernate.jpa.internal.util.LogHelper][main][31]HHH000204: Processing PersistenceUnitInfo [name: default]
[2023-11-10 00:24:51.051][INFO ][org.hibernate.Version][main][44]HHH000412: Hibernate ORM core version 5.6.15.Final
[2023-11-10 00:24:53.053][INFO ][org.hibernate.annotations.common.reflection.java.JavaReflectionManager][main][56]HCANN000001: Hibernate Commons Annotations {5.1.2.Final}
[2023-11-10 00:24:53.053][INFO ][com.zaxxer.hikari.HikariDataSource][main][110]HikariPool-1 - Starting...
[2023-11-10 00:24:54.054][INFO ][com.zaxxer.hikari.HikariDataSource][main][123]HikariPool-1 - Start completed.
[2023-11-10 00:24:54.054][INFO ][org.hibernate.dialect.Dialect][main][175]HHH000400: Using dialect: org.hibernate.dialect.PostgreSQL10Dialect
[2023-11-10 00:24:57.057][INFO ][org.hibernate.engine.transaction.jta.platform.internal.JtaPlatformInitiator][main][52]HHH000490: Using JtaPlatform implementation: [org.hibernate.engine.transaction.jta.platform.internal.NoJtaPlatform]
[2023-11-10 00:24:57.057][INFO ][org.springframework.orm.jpa.AbstractEntityManagerFactoryBean][main][437]Initialized JPA EntityManagerFactory for persistence unit 'default'
[2023-11-10 00:24:59.059][WARN ][org.springframework.boot.autoconfigure.orm.jpa.JpaBaseConfiguration$JpaWebConfiguration][main][223]spring.jpa.open-in-view is enabled by default. Therefore, database queries may be performed during view rendering. Explicitly configure spring.jpa.open-in-view to disable this warning
[2023-11-10 00:25:02.002][INFO ][org.apache.juli.logging.DirectJDKLog][main][173]Starting ProtocolHandler ["http-nio-8080"]
[2023-11-10 00:25:02.002][INFO ][org.springframework.boot.web.embedded.tomcat.TomcatWebServer][main][220]Tomcat started on port(s): 8080 (http) with context path ''
[2023-11-10 00:25:02.002][INFO ][org.springframework.boot.StartupInfoLogger][main][61]Started Chapter4Application in 26.126 seconds (JVM running for 48.895)
[2023-11-10 00:26:30.030][INFO ][org.apache.juli.logging.DirectJDKLog][http-nio-8080-exec-1][173]Initializing Spring DispatcherServlet 'dispatcherServlet'
[2023-11-10 00:26:30.030][INFO ][org.springframework.web.servlet.FrameworkServlet][http-nio-8080-exec-1][525]Initializing Servlet 'dispatcherServlet'
[2023-11-10 00:26:31.031][INFO ][org.springframework.web.servlet.FrameworkServlet][http-nio-8080-exec-1][547]Completed initialization in 32 ms
[2023-11-10 00:26:37.037][INFO ][org.springdoc.api.AbstractOpenApiResource][http-nio-8080-exec-8][368]Init duration for springdoc-openapi is: 3070 ms
[2023-11-10 00:27:45.045][INFO ][com.aplikasi.chapter7.binarfud.service.impl.InvoiceServiceImpl][http-nio-8080-exec-10][64]generate Report
[2023-11-10 00:29:02.002][INFO ][com.aplikasi.chapter7.binarfud.service.impl.InvoiceServiceImpl][http-nio-8080-exec-2][64]generate Report
[2023-11-10 00:31:30.030][INFO ][com.aplikasi.chapter7.binarfud.service.impl.InvoiceServiceImpl][http-nio-8080-exec-4][38]generate invoice
[2023-11-10 00:40:40.040][INFO ][org.springframework.orm.jpa.AbstractEntityManagerFactoryBean][SpringApplicationShutdownHook][651]Closing JPA EntityManagerFactory for persistence unit 'default'
[2023-11-10 00:40:40.040][INFO ][com.zaxxer.hikari.HikariDataSource][SpringApplicationShutdownHook][350]HikariPool-1 - Shutdown initiated...
[2023-11-10 00:40:40.040][INFO ][com.zaxxer.hikari.HikariDataSource][SpringApplicationShutdownHook][352]HikariPool-1 - Shutdown completed.
