[2023-11-22 16:00:37.037][INFO ][org.hibernate.validator.internal.util.Version][background-preinit][21]HV000001: Hibernate Validator 6.0.21.Final
[2023-11-22 16:00:37.037][INFO ][org.springframework.boot.StartupInfoLogger][restartedMain][55]Starting Chapter4Application using Java 17.0.8 on DESKTOP-BCDMK2Q with PID 6452 (C:\Users\EdoEdiNiko\IdeaProjects\chapter4\chapter4\target\classes started by EdoEdiNiko in C:\Users\EdoEdiNiko\IdeaProjects\chapter4\chapter4)
[2023-11-22 16:00:37.037][INFO ][org.springframework.boot.SpringApplication][restartedMain][631]No active profile set, falling back to 1 default profile: "default"
[2023-11-22 16:00:38.038][INFO ][org.springframework.boot.logging.DeferredLog][restartedMain][255]Devtools property defaults active! Set 'spring.devtools.add-properties' to 'false' to disable
[2023-11-22 16:00:38.038][INFO ][org.springframework.boot.logging.DeferredLog][restartedMain][255]For additional web related logging consider setting the 'logging.level.web' property to 'DEBUG'
[2023-11-22 16:00:46.046][INFO ][org.springframework.data.repository.config.RepositoryConfigurationDelegate][restartedMain][132]Bootstrapping Spring Data JPA repositories in DEFAULT mode.
[2023-11-22 16:00:48.048][INFO ][org.springframework.data.repository.config.RepositoryConfigurationDelegate][restartedMain][201]Finished Spring Data repository scanning in 1267 ms. Found 5 JPA repository interfaces.
[2023-11-22 16:00:54.054][INFO ][org.springframework.boot.web.embedded.tomcat.TomcatWebServer][restartedMain][108]Tomcat initialized with port(s): 8080 (http)
[2023-11-22 16:00:54.054][INFO ][org.apache.juli.logging.DirectJDKLog][restartedMain][173]Initializing ProtocolHandler ["http-nio-8080"]
[2023-11-22 16:00:54.054][INFO ][org.apache.juli.logging.DirectJDKLog][restartedMain][173]Starting service [Tomcat]
[2023-11-22 16:00:54.054][INFO ][org.apache.juli.logging.DirectJDKLog][restartedMain][173]Starting Servlet engine: [Apache Tomcat/9.0.80]
[2023-11-22 16:00:55.055][INFO ][org.apache.juli.logging.DirectJDKLog][restartedMain][173]Initializing Spring embedded WebApplicationContext
[2023-11-22 16:00:55.055][INFO ][org.springframework.boot.web.servlet.context.ServletWebServerApplicationContext][restartedMain][292]Root WebApplicationContext: initialization completed in 17666 ms
[2023-11-22 16:00:57.057][INFO ][org.hibernate.jpa.internal.util.LogHelper][restartedMain][31]HHH000204: Processing PersistenceUnitInfo [name: default]
[2023-11-22 16:00:59.059][INFO ][org.hibernate.Version][restartedMain][44]HHH000412: Hibernate ORM core version 5.6.15.Final
[2023-11-22 16:01:00.000][INFO ][org.hibernate.annotations.common.reflection.java.JavaReflectionManager][restartedMain][56]HCANN000001: Hibernate Commons Annotations {5.1.2.Final}
[2023-11-22 16:01:01.001][INFO ][com.zaxxer.hikari.HikariDataSource][restartedMain][110]HikariPool-1 - Starting...
[2023-11-22 16:01:02.002][INFO ][com.zaxxer.hikari.HikariDataSource][restartedMain][123]HikariPool-1 - Start completed.
[2023-11-22 16:01:02.002][INFO ][org.hibernate.dialect.Dialect][restartedMain][175]HHH000400: Using dialect: org.hibernate.dialect.PostgreSQL10Dialect
[2023-11-22 16:01:06.006][INFO ][org.hibernate.engine.transaction.jta.platform.internal.JtaPlatformInitiator][restartedMain][52]HHH000490: Using JtaPlatform implementation: [org.hibernate.engine.transaction.jta.platform.internal.NoJtaPlatform]
[2023-11-22 16:01:06.006][INFO ][org.springframework.orm.jpa.AbstractEntityManagerFactoryBean][restartedMain][437]Initialized JPA EntityManagerFactory for persistence unit 'default'
[2023-11-22 16:01:07.007][WARN ][org.springframework.boot.autoconfigure.orm.jpa.JpaBaseConfiguration$JpaWebConfiguration][restartedMain][223]spring.jpa.open-in-view is enabled by default. Therefore, database queries may be performed during view rendering. Explicitly configure spring.jpa.open-in-view to disable this warning
[2023-11-22 16:01:17.017][WARN ][org.springframework.boot.autoconfigure.security.servlet.UserDetailsServiceAutoConfiguration][restartedMain][89]

Using generated security password: 6157af25-21fa-4c9f-8a39-2b008922ee8b

This generated password is for development use only. Your security configuration must be updated before running your application in production.

[2023-11-22 16:01:17.017][INFO ][org.springframework.security.web.DefaultSecurityFilterChain][restartedMain][55]Will secure any request with [org.springframework.security.web.session.DisableEncodeUrlFilter@396ac4d9, org.springframework.security.web.context.request.async.WebAsyncManagerIntegrationFilter@23443396, org.springframework.security.web.context.SecurityContextPersistenceFilter@5e625651, org.springframework.security.web.header.HeaderWriterFilter@21571507, org.springframework.security.web.csrf.CsrfFilter@1cb67b83, org.springframework.security.web.authentication.logout.LogoutFilter@2aeae0c1, org.springframework.security.web.authentication.UsernamePasswordAuthenticationFilter@50c70438, org.springframework.security.web.authentication.ui.DefaultLoginPageGeneratingFilter@7383cdf9, org.springframework.security.web.authentication.ui.DefaultLogoutPageGeneratingFilter@2278f977, org.springframework.security.web.authentication.www.BasicAuthenticationFilter@111164b6, org.springframework.security.web.savedrequest.RequestCacheAwareFilter@6f27765a, org.springframework.security.web.servletapi.SecurityContextHolderAwareRequestFilter@e2bfaf7, org.springframework.security.web.authentication.AnonymousAuthenticationFilter@1a23ad85, org.springframework.security.web.session.SessionManagementFilter@4047e2ff, org.springframework.security.web.access.ExceptionTranslationFilter@281f2e96, org.springframework.security.web.access.intercept.FilterSecurityInterceptor@57a2f993]
[2023-11-22 16:01:18.018][INFO ][org.springframework.boot.devtools.autoconfigure.OptionalLiveReloadServer][restartedMain][59]LiveReload server is running on port 35729
[2023-11-22 16:01:18.018][INFO ][org.apache.juli.logging.DirectJDKLog][restartedMain][173]Starting ProtocolHandler ["http-nio-8080"]
[2023-11-22 16:01:18.018][INFO ][org.springframework.boot.web.embedded.tomcat.TomcatWebServer][restartedMain][220]Tomcat started on port(s): 8080 (http) with context path ''
[2023-11-22 16:01:18.018][INFO ][org.springframework.boot.StartupInfoLogger][restartedMain][61]Started Chapter4Application in 42.379 seconds (JVM running for 59.46)
[2023-11-22 16:02:42.042][INFO ][org.apache.juli.logging.DirectJDKLog][http-nio-8080-exec-2][173]Initializing Spring DispatcherServlet 'dispatcherServlet'
[2023-11-22 16:02:42.042][INFO ][org.springframework.web.servlet.FrameworkServlet][http-nio-8080-exec-2][525]Initializing Servlet 'dispatcherServlet'
[2023-11-22 16:02:42.042][INFO ][org.springframework.web.servlet.FrameworkServlet][http-nio-8080-exec-2][547]Completed initialization in 565 ms
[2023-11-22 16:02:50.050][WARN ][org.apache.juli.logging.DirectJDKLog][http-nio-8080-exec-5][173]Creation of SecureRandom instance for session ID generation using [SHA1PRNG] took [3,665] milliseconds.
[2023-11-22 16:02:50.050][WARN ][org.apache.juli.logging.DirectJDKLog][http-nio-8080-exec-2][173]Creation of SecureRandom instance for session ID generation using [SHA1PRNG] took [4,990] milliseconds.
[2023-11-22 16:04:27.027][INFO ][org.springframework.orm.jpa.AbstractEntityManagerFactoryBean][SpringApplicationShutdownHook][651]Closing JPA EntityManagerFactory for persistence unit 'default'
[2023-11-22 16:04:27.027][INFO ][com.zaxxer.hikari.HikariDataSource][SpringApplicationShutdownHook][350]HikariPool-1 - Shutdown initiated...
[2023-11-22 16:04:30.030][INFO ][com.zaxxer.hikari.HikariDataSource][SpringApplicationShutdownHook][352]HikariPool-1 - Shutdown completed.
[2023-11-22 17:41:57.057][INFO ][org.hibernate.validator.internal.util.Version][background-preinit][21]HV000001: Hibernate Validator 6.0.21.Final
[2023-11-22 17:41:57.057][INFO ][org.springframework.boot.StartupInfoLogger][restartedMain][55]Starting Chapter4Application using Java 17.0.8 on DESKTOP-BCDMK2Q with PID 9176 (C:\Users\EdoEdiNiko\IdeaProjects\chapter4\chapter4\target\classes started by EdoEdiNiko in C:\Users\EdoEdiNiko\IdeaProjects\chapter4\chapter4)
[2023-11-22 17:41:57.057][INFO ][org.springframework.boot.SpringApplication][restartedMain][631]No active profile set, falling back to 1 default profile: "default"
[2023-11-22 17:41:59.059][INFO ][org.springframework.boot.logging.DeferredLog][restartedMain][255]Devtools property defaults active! Set 'spring.devtools.add-properties' to 'false' to disable
[2023-11-22 17:41:59.059][INFO ][org.springframework.boot.logging.DeferredLog][restartedMain][255]For additional web related logging consider setting the 'logging.level.web' property to 'DEBUG'
[2023-11-22 17:42:02.002][WARN ][org.springframework.context.support.AbstractApplicationContext][restartedMain][591]Exception encountered during context initialization - cancelling refresh attempt: org.springframework.beans.factory.BeanDefinitionStoreException: Failed to parse configuration class [com.aplikasi.chapter7.Chapter7Application]; nested exception is org.springframework.context.annotation.ConflictingBeanDefinitionException: Annotation-specified bean name 'userServiceImpl' for bean class [com.aplikasi.chapter7.binarfud.service.impl.oauth.UserServiceImpl] conflicts with existing, non-compatible bean definition of same name and class [com.aplikasi.chapter7.binarfud.service.impl.CustomerServiceImpl]
[2023-11-22 17:42:02.002][ERROR][org.springframework.boot.SpringApplication][restartedMain][821]Application run failed
org.springframework.beans.factory.BeanDefinitionStoreException: Failed to parse configuration class [com.aplikasi.chapter7.Chapter7Application]; nested exception is org.springframework.context.annotation.ConflictingBeanDefinitionException: Annotation-specified bean name 'userServiceImpl' for bean class [com.aplikasi.chapter7.binarfud.service.impl.oauth.UserServiceImpl] conflicts with existing, non-compatible bean definition of same name and class [com.aplikasi.chapter7.binarfud.service.impl.CustomerServiceImpl]
	at org.springframework.context.annotation.ConfigurationClassParser.parse(ConfigurationClassParser.java:188)
	at org.springframework.context.annotation.ConfigurationClassPostProcessor.processConfigBeanDefinitions(ConfigurationClassPostProcessor.java:331)
	at org.springframework.context.annotation.ConfigurationClassPostProcessor.postProcessBeanDefinitionRegistry(ConfigurationClassPostProcessor.java:247)
	at org.springframework.context.support.PostProcessorRegistrationDelegate.invokeBeanDefinitionRegistryPostProcessors(PostProcessorRegistrationDelegate.java:311)
	at org.springframework.context.support.PostProcessorRegistrationDelegate.invokeBeanFactoryPostProcessors(PostProcessorRegistrationDelegate.java:112)
	at org.springframework.context.support.AbstractApplicationContext.invokeBeanFactoryPostProcessors(AbstractApplicationContext.java:748)
	at org.springframework.context.support.AbstractApplicationContext.refresh(AbstractApplicationContext.java:564)
	at org.springframework.boot.web.servlet.context.ServletWebServerApplicationContext.refresh(ServletWebServerApplicationContext.java:147)
	at org.springframework.boot.SpringApplication.refresh(SpringApplication.java:731)
	at org.springframework.boot.SpringApplication.refreshContext(SpringApplication.java:408)
	at org.springframework.boot.SpringApplication.run(SpringApplication.java:307)
	at org.springframework.boot.SpringApplication.run(SpringApplication.java:1303)
	at org.springframework.boot.SpringApplication.run(SpringApplication.java:1292)
	at com.aplikasi.chapter7.Chapter7Application.main(Chapter4Application.java:16)
	at java.base/jdk.internal.reflect.NativeMethodAccessorImpl.invoke0(Native Method)
	at java.base/jdk.internal.reflect.NativeMethodAccessorImpl.invoke(NativeMethodAccessorImpl.java:77)
	at java.base/jdk.internal.reflect.DelegatingMethodAccessorImpl.invoke(DelegatingMethodAccessorImpl.java:43)
	at java.base/java.lang.reflect.Method.invoke(Method.java:568)
	at org.springframework.boot.devtools.restart.RestartLauncher.run(RestartLauncher.java:50)
Caused by: org.springframework.context.annotation.ConflictingBeanDefinitionException: Annotation-specified bean name 'userServiceImpl' for bean class [com.aplikasi.chapter7.binarfud.service.impl.oauth.UserServiceImpl] conflicts with existing, non-compatible bean definition of same name and class [com.aplikasi.chapter7.binarfud.service.impl.CustomerServiceImpl]
	at org.springframework.context.annotation.ClassPathBeanDefinitionScanner.checkCandidate(ClassPathBeanDefinitionScanner.java:349)
	at org.springframework.context.annotation.ClassPathBeanDefinitionScanner.doScan(ClassPathBeanDefinitionScanner.java:287)
	at org.springframework.context.annotation.ComponentScanAnnotationParser.parse(ComponentScanAnnotationParser.java:128)
	at org.springframework.context.annotation.ConfigurationClassParser.doProcessConfigurationClass(ConfigurationClassParser.java:295)
	at org.springframework.context.annotation.ConfigurationClassParser.processConfigurationClass(ConfigurationClassParser.java:249)
	at org.springframework.context.annotation.ConfigurationClassParser.parse(ConfigurationClassParser.java:206)
	at org.springframework.context.annotation.ConfigurationClassParser.parse(ConfigurationClassParser.java:174)
	... 18 common frames omitted
[2023-11-22 17:53:30.030][INFO ][org.hibernate.validator.internal.util.Version][background-preinit][21]HV000001: Hibernate Validator 6.0.21.Final
[2023-11-22 17:53:30.030][INFO ][org.springframework.boot.StartupInfoLogger][restartedMain][55]Starting Chapter4Application using Java 17.0.8 on DESKTOP-BCDMK2Q with PID 8512 (C:\Users\EdoEdiNiko\IdeaProjects\chapter4\chapter4\target\classes started by EdoEdiNiko in C:\Users\EdoEdiNiko\IdeaProjects\chapter4\chapter4)
[2023-11-22 17:53:30.030][INFO ][org.springframework.boot.SpringApplication][restartedMain][631]No active profile set, falling back to 1 default profile: "default"
[2023-11-22 17:53:31.031][INFO ][org.springframework.boot.logging.DeferredLog][restartedMain][255]Devtools property defaults active! Set 'spring.devtools.add-properties' to 'false' to disable
[2023-11-22 17:53:31.031][INFO ][org.springframework.boot.logging.DeferredLog][restartedMain][255]For additional web related logging consider setting the 'logging.level.web' property to 'DEBUG'
[2023-11-22 17:53:41.041][INFO ][org.springframework.data.repository.config.RepositoryConfigurationDelegate][restartedMain][132]Bootstrapping Spring Data JPA repositories in DEFAULT mode.
[2023-11-22 17:53:42.042][INFO ][org.springframework.data.repository.config.RepositoryConfigurationDelegate][restartedMain][201]Finished Spring Data repository scanning in 783 ms. Found 9 JPA repository interfaces.
[2023-11-22 17:53:49.049][INFO ][org.springframework.boot.web.embedded.tomcat.TomcatWebServer][restartedMain][108]Tomcat initialized with port(s): 8080 (http)
[2023-11-22 17:53:49.049][INFO ][org.apache.juli.logging.DirectJDKLog][restartedMain][173]Initializing ProtocolHandler ["http-nio-8080"]
[2023-11-22 17:53:49.049][INFO ][org.apache.juli.logging.DirectJDKLog][restartedMain][173]Starting service [Tomcat]
[2023-11-22 17:53:49.049][INFO ][org.apache.juli.logging.DirectJDKLog][restartedMain][173]Starting Servlet engine: [Apache Tomcat/9.0.80]
[2023-11-22 17:53:50.050][INFO ][org.apache.juli.logging.DirectJDKLog][restartedMain][173]Initializing Spring embedded WebApplicationContext
[2023-11-22 17:53:50.050][INFO ][org.springframework.boot.web.servlet.context.ServletWebServerApplicationContext][restartedMain][292]Root WebApplicationContext: initialization completed in 18551 ms
[2023-11-22 17:53:51.051][INFO ][org.hibernate.jpa.internal.util.LogHelper][restartedMain][31]HHH000204: Processing PersistenceUnitInfo [name: default]
[2023-11-22 17:53:51.051][INFO ][org.hibernate.Version][restartedMain][44]HHH000412: Hibernate ORM core version 5.6.15.Final
[2023-11-22 17:53:51.051][INFO ][org.hibernate.annotations.common.reflection.java.JavaReflectionManager][restartedMain][56]HCANN000001: Hibernate Commons Annotations {5.1.2.Final}
[2023-11-22 17:53:52.052][INFO ][com.zaxxer.hikari.HikariDataSource][restartedMain][110]HikariPool-1 - Starting...
[2023-11-22 17:53:54.054][INFO ][com.zaxxer.hikari.HikariDataSource][restartedMain][123]HikariPool-1 - Start completed.
[2023-11-22 17:53:55.055][INFO ][org.hibernate.dialect.Dialect][restartedMain][175]HHH000400: Using dialect: org.hibernate.dialect.PostgreSQL10Dialect
[2023-11-22 17:54:05.005][WARN ][org.hibernate.engine.jdbc.spi.SqlExceptionHelper$StandardWarningHandler][restartedMain][230]SQL Warning Code: 0, SQLState: 00000
[2023-11-22 17:54:05.005][WARN ][org.hibernate.engine.jdbc.spi.SqlExceptionHelper$StandardWarningHandler][restartedMain][231]constraint "role_name_and_type" of relation "oauth_role" does not exist, skipping
[2023-11-22 17:54:05.005][WARN ][org.hibernate.engine.jdbc.spi.SqlExceptionHelper$StandardWarningHandler][restartedMain][230]SQL Warning Code: 0, SQLState: 00000
[2023-11-22 17:54:05.005][WARN ][org.hibernate.engine.jdbc.spi.SqlExceptionHelper$StandardWarningHandler][restartedMain][231]constraint "uk_7prjgk5n8h0qbu5yggg933swc" of relation "oauth_user" does not exist, skipping
[2023-11-22 17:54:06.006][INFO ][org.hibernate.engine.transaction.jta.platform.internal.JtaPlatformInitiator][restartedMain][52]HHH000490: Using JtaPlatform implementation: [org.hibernate.engine.transaction.jta.platform.internal.NoJtaPlatform]
[2023-11-22 17:54:06.006][INFO ][org.springframework.orm.jpa.AbstractEntityManagerFactoryBean][restartedMain][437]Initialized JPA EntityManagerFactory for persistence unit 'default'
[2023-11-22 17:54:09.009][WARN ][org.springframework.context.support.AbstractApplicationContext][restartedMain][591]Exception encountered during context initialization - cancelling refresh attempt: org.springframework.beans.factory.UnsatisfiedDependencyException: Error creating bean with name 'oauth2AccessTokenConverter': Unsatisfied dependency expressed through field 'userRepository'; nested exception is org.springframework.beans.factory.BeanCreationException: Error creating bean with name 'userRepository' defined in com.aplikasi.chapter7.binarfud.repository.oauth.UserRepository defined in @EnableJpaRepositories declared on JpaRepositoriesRegistrar.EnableJpaRepositoriesConfiguration: Invocation of init method failed; nested exception is org.springframework.data.repository.query.QueryCreationException: Could not create query for public abstract com.aplikasi.chapter7.binarfud.entity.oauth.User com.aplikasi.chapter7.binarfud.repository.oauth.UserRepository.findOneByUsername(java.lang.String); Reason: Validation failed for query for method public abstract com.aplikasi.chapter7.binarfud.entity.oauth.User com.aplikasi.chapter7.binarfud.repository.oauth.UserRepository.findOneByUsername(java.lang.String)!; nested exception is java.lang.IllegalArgumentException: Validation failed for query for method public abstract com.aplikasi.chapter7.binarfud.entity.oauth.User com.aplikasi.chapter7.binarfud.repository.oauth.UserRepository.findOneByUsername(java.lang.String)!
[2023-11-22 17:54:09.009][INFO ][org.springframework.orm.jpa.AbstractEntityManagerFactoryBean][restartedMain][651]Closing JPA EntityManagerFactory for persistence unit 'default'
[2023-11-22 17:54:09.009][INFO ][com.zaxxer.hikari.HikariDataSource][restartedMain][350]HikariPool-1 - Shutdown initiated...
[2023-11-22 17:54:09.009][INFO ][com.zaxxer.hikari.HikariDataSource][restartedMain][352]HikariPool-1 - Shutdown completed.
[2023-11-22 17:54:09.009][INFO ][org.apache.juli.logging.DirectJDKLog][restartedMain][173]Stopping service [Tomcat]
[2023-11-22 17:54:09.009][INFO ][org.springframework.boot.autoconfigure.logging.ConditionEvaluationReportLoggingListener][restartedMain][136]

Error starting ApplicationContext. To display the conditions report re-run your application with 'debug' enabled.
[2023-11-22 17:54:09.009][ERROR][org.springframework.boot.SpringApplication][restartedMain][821]Application run failed
org.springframework.beans.factory.UnsatisfiedDependencyException: Error creating bean with name 'oauth2AccessTokenConverter': Unsatisfied dependency expressed through field 'userRepository'; nested exception is org.springframework.beans.factory.BeanCreationException: Error creating bean with name 'userRepository' defined in com.aplikasi.chapter7.binarfud.repository.oauth.UserRepository defined in @EnableJpaRepositories declared on JpaRepositoriesRegistrar.EnableJpaRepositoriesConfiguration: Invocation of init method failed; nested exception is org.springframework.data.repository.query.QueryCreationException: Could not create query for public abstract com.aplikasi.chapter7.binarfud.entity.oauth.User com.aplikasi.chapter7.binarfud.repository.oauth.UserRepository.findOneByUsername(java.lang.String); Reason: Validation failed for query for method public abstract com.aplikasi.chapter7.binarfud.entity.oauth.User com.aplikasi.chapter7.binarfud.repository.oauth.UserRepository.findOneByUsername(java.lang.String)!; nested exception is java.lang.IllegalArgumentException: Validation failed for query for method public abstract com.aplikasi.chapter7.binarfud.entity.oauth.User com.aplikasi.chapter7.binarfud.repository.oauth.UserRepository.findOneByUsername(java.lang.String)!
	at org.springframework.beans.factory.annotation.AutowiredAnnotationBeanPostProcessor$AutowiredFieldElement.resolveFieldValue(AutowiredAnnotationBeanPostProcessor.java:713)
	at org.springframework.beans.factory.annotation.AutowiredAnnotationBeanPostProcessor$AutowiredFieldElement.inject(AutowiredAnnotationBeanPostProcessor.java:693)
	at org.springframework.beans.factory.annotation.InjectionMetadata.inject(InjectionMetadata.java:119)
	at org.springframework.beans.factory.annotation.AutowiredAnnotationBeanPostProcessor.postProcessProperties(AutowiredAnnotationBeanPostProcessor.java:408)
	at org.springframework.beans.factory.support.AbstractAutowireCapableBeanFactory.populateBean(AbstractAutowireCapableBeanFactory.java:1431)
	at org.springframework.beans.factory.support.AbstractAutowireCapableBeanFactory.doCreateBean(AbstractAutowireCapableBeanFactory.java:619)
	at org.springframework.beans.factory.support.AbstractAutowireCapableBeanFactory.createBean(AbstractAutowireCapableBeanFactory.java:542)
	at org.springframework.beans.factory.support.AbstractBeanFactory.lambda$doGetBean$0(AbstractBeanFactory.java:335)
	at org.springframework.beans.factory.support.DefaultSingletonBeanRegistry.getSingleton(DefaultSingletonBeanRegistry.java:234)
	at org.springframework.beans.factory.support.AbstractBeanFactory.doGetBean(AbstractBeanFactory.java:333)
	at org.springframework.beans.factory.support.AbstractBeanFactory.getBean(AbstractBeanFactory.java:208)
	at org.springframework.beans.factory.support.DefaultListableBeanFactory.preInstantiateSingletons(DefaultListableBeanFactory.java:955)
	at org.springframework.context.support.AbstractApplicationContext.finishBeanFactoryInitialization(AbstractApplicationContext.java:921)
	at org.springframework.context.support.AbstractApplicationContext.refresh(AbstractApplicationContext.java:583)
	at org.springframework.boot.web.servlet.context.ServletWebServerApplicationContext.refresh(ServletWebServerApplicationContext.java:147)
	at org.springframework.boot.SpringApplication.refresh(SpringApplication.java:731)
	at org.springframework.boot.SpringApplication.refreshContext(SpringApplication.java:408)
	at org.springframework.boot.SpringApplication.run(SpringApplication.java:307)
	at org.springframework.boot.SpringApplication.run(SpringApplication.java:1303)
	at org.springframework.boot.SpringApplication.run(SpringApplication.java:1292)
	at com.aplikasi.chapter7.Chapter7Application.main(Chapter4Application.java:16)
	at java.base/jdk.internal.reflect.NativeMethodAccessorImpl.invoke0(Native Method)
	at java.base/jdk.internal.reflect.NativeMethodAccessorImpl.invoke(NativeMethodAccessorImpl.java:77)
	at java.base/jdk.internal.reflect.DelegatingMethodAccessorImpl.invoke(DelegatingMethodAccessorImpl.java:43)
	at java.base/java.lang.reflect.Method.invoke(Method.java:568)
	at org.springframework.boot.devtools.restart.RestartLauncher.run(RestartLauncher.java:50)
Caused by: org.springframework.beans.factory.BeanCreationException: Error creating bean with name 'userRepository' defined in com.aplikasi.chapter7.binarfud.repository.oauth.UserRepository defined in @EnableJpaRepositories declared on JpaRepositoriesRegistrar.EnableJpaRepositoriesConfiguration: Invocation of init method failed; nested exception is org.springframework.data.repository.query.QueryCreationException: Could not create query for public abstract com.aplikasi.chapter7.binarfud.entity.oauth.User com.aplikasi.chapter7.binarfud.repository.oauth.UserRepository.findOneByUsername(java.lang.String); Reason: Validation failed for query for method public abstract com.aplikasi.chapter7.binarfud.entity.oauth.User com.aplikasi.chapter7.binarfud.repository.oauth.UserRepository.findOneByUsername(java.lang.String)!; nested exception is java.lang.IllegalArgumentException: Validation failed for query for method public abstract com.aplikasi.chapter7.binarfud.entity.oauth.User com.aplikasi.chapter7.binarfud.repository.oauth.UserRepository.findOneByUsername(java.lang.String)!
	at org.springframework.beans.factory.support.AbstractAutowireCapableBeanFactory.initializeBean(AbstractAutowireCapableBeanFactory.java:1804)
	at org.springframework.beans.factory.support.AbstractAutowireCapableBeanFactory.doCreateBean(AbstractAutowireCapableBeanFactory.java:620)
	at org.springframework.beans.factory.support.AbstractAutowireCapableBeanFactory.createBean(AbstractAutowireCapableBeanFactory.java:542)
	at org.springframework.beans.factory.support.AbstractBeanFactory.lambda$doGetBean$0(AbstractBeanFactory.java:335)
	at org.springframework.beans.factory.support.DefaultSingletonBeanRegistry.getSingleton(DefaultSingletonBeanRegistry.java:234)
	at org.springframework.beans.factory.support.AbstractBeanFactory.doGetBean(AbstractBeanFactory.java:333)
	at org.springframework.beans.factory.support.AbstractBeanFactory.getBean(AbstractBeanFactory.java:208)
	at org.springframework.beans.factory.config.DependencyDescriptor.resolveCandidate(DependencyDescriptor.java:276)
	at org.springframework.beans.factory.support.DefaultListableBeanFactory.doResolveDependency(DefaultListableBeanFactory.java:1391)
	at org.springframework.beans.factory.support.DefaultListableBeanFactory.resolveDependency(DefaultListableBeanFactory.java:1311)
	at org.springframework.beans.factory.annotation.AutowiredAnnotationBeanPostProcessor$AutowiredFieldElement.resolveFieldValue(AutowiredAnnotationBeanPostProcessor.java:710)
	... 25 common frames omitted
Caused by: org.springframework.data.repository.query.QueryCreationException: Could not create query for public abstract com.aplikasi.chapter7.binarfud.entity.oauth.User com.aplikasi.chapter7.binarfud.repository.oauth.UserRepository.findOneByUsername(java.lang.String); Reason: Validation failed for query for method public abstract com.aplikasi.chapter7.binarfud.entity.oauth.User com.aplikasi.chapter7.binarfud.repository.oauth.UserRepository.findOneByUsername(java.lang.String)!; nested exception is java.lang.IllegalArgumentException: Validation failed for query for method public abstract com.aplikasi.chapter7.binarfud.entity.oauth.User com.aplikasi.chapter7.binarfud.repository.oauth.UserRepository.findOneByUsername(java.lang.String)!
	at org.springframework.data.repository.query.QueryCreationException.create(QueryCreationException.java:101)
	at org.springframework.data.repository.core.support.QueryExecutorMethodInterceptor.lookupQuery(QueryExecutorMethodInterceptor.java:107)
	at org.springframework.data.repository.core.support.QueryExecutorMethodInterceptor.lambda$mapMethodsToQuery$1(QueryExecutorMethodInterceptor.java:95)
	at java.base/java.util.stream.ReferencePipeline$3$1.accept(ReferencePipeline.java:197)
	at java.base/java.util.Iterator.forEachRemaining(Iterator.java:133)
	at java.base/java.util.Collections$UnmodifiableCollection$1.forEachRemaining(Collections.java:1061)
	at java.base/java.util.Spliterators$IteratorSpliterator.forEachRemaining(Spliterators.java:1845)
	at java.base/java.util.stream.AbstractPipeline.copyInto(AbstractPipeline.java:509)
	at java.base/java.util.stream.AbstractPipeline.wrapAndCopyInto(AbstractPipeline.java:499)
	at java.base/java.util.stream.ReduceOps$ReduceOp.evaluateSequential(ReduceOps.java:921)
	at java.base/java.util.stream.AbstractPipeline.evaluate(AbstractPipeline.java:234)
	at java.base/java.util.stream.ReferencePipeline.collect(ReferencePipeline.java:682)
	at org.springframework.data.repository.core.support.QueryExecutorMethodInterceptor.mapMethodsToQuery(QueryExecutorMethodInterceptor.java:97)
	at org.springframework.data.repository.core.support.QueryExecutorMethodInterceptor.lambda$new$0(QueryExecutorMethodInterceptor.java:87)
	at java.base/java.util.Optional.map(Optional.java:260)
	at org.springframework.data.repository.core.support.QueryExecutorMethodInterceptor.<init>(QueryExecutorMethodInterceptor.java:87)
	at org.springframework.data.repository.core.support.RepositoryFactorySupport.getRepository(RepositoryFactorySupport.java:365)
	at org.springframework.data.repository.core.support.RepositoryFactoryBeanSupport.lambda$afterPropertiesSet$5(RepositoryFactoryBeanSupport.java:323)
	at org.springframework.data.util.Lazy.getNullable(Lazy.java:231)
	at org.springframework.data.util.Lazy.get(Lazy.java:115)
	at org.springframework.data.repository.core.support.RepositoryFactoryBeanSupport.afterPropertiesSet(RepositoryFactoryBeanSupport.java:329)
	at org.springframework.data.jpa.repository.support.JpaRepositoryFactoryBean.afterPropertiesSet(JpaRepositoryFactoryBean.java:144)
	at org.springframework.beans.factory.support.AbstractAutowireCapableBeanFactory.invokeInitMethods(AbstractAutowireCapableBeanFactory.java:1863)
	at org.springframework.beans.factory.support.AbstractAutowireCapableBeanFactory.initializeBean(AbstractAutowireCapableBeanFactory.java:1800)
	... 35 common frames omitted
Caused by: java.lang.IllegalArgumentException: Validation failed for query for method public abstract com.aplikasi.chapter7.binarfud.entity.oauth.User com.aplikasi.chapter7.binarfud.repository.oauth.UserRepository.findOneByUsername(java.lang.String)!
	at org.springframework.data.jpa.repository.query.SimpleJpaQuery.validateQuery(SimpleJpaQuery.java:96)
	at org.springframework.data.jpa.repository.query.SimpleJpaQuery.<init>(SimpleJpaQuery.java:66)
	at org.springframework.data.jpa.repository.query.JpaQueryFactory.fromMethodWithQueryString(JpaQueryFactory.java:51)
	at org.springframework.data.jpa.repository.query.JpaQueryLookupStrategy$DeclaredQueryLookupStrategy.resolveQuery(JpaQueryLookupStrategy.java:169)
	at org.springframework.data.jpa.repository.query.JpaQueryLookupStrategy$CreateIfNotFoundQueryLookupStrategy.resolveQuery(JpaQueryLookupStrategy.java:253)
	at org.springframework.data.jpa.repository.query.JpaQueryLookupStrategy$AbstractQueryLookupStrategy.resolveQuery(JpaQueryLookupStrategy.java:93)
	at org.springframework.data.repository.core.support.QueryExecutorMethodInterceptor.lookupQuery(QueryExecutorMethodInterceptor.java:103)
	... 57 common frames omitted
Caused by: java.lang.IllegalArgumentException: org.hibernate.QueryException: could not resolve property: username of: com.aplikasi.chapter7.binarfud.entity.Customer [FROM com.aplikasi.chapter7.binarfud.entity.Customer u WHERE LOWER(u.username) = LOWER(?1)]
	at org.hibernate.internal.ExceptionConverterImpl.convert(ExceptionConverterImpl.java:138)
	at org.hibernate.internal.ExceptionConverterImpl.convert(ExceptionConverterImpl.java:181)
	at org.hibernate.internal.ExceptionConverterImpl.convert(ExceptionConverterImpl.java:188)
	at org.hibernate.internal.AbstractSharedSessionContract.createQuery(AbstractSharedSessionContract.java:757)
	at org.hibernate.internal.AbstractSharedSessionContract.createQuery(AbstractSharedSessionContract.java:114)
	at java.base/jdk.internal.reflect.NativeMethodAccessorImpl.invoke0(Native Method)
	at java.base/jdk.internal.reflect.NativeMethodAccessorImpl.invoke(NativeMethodAccessorImpl.java:77)
	at java.base/jdk.internal.reflect.DelegatingMethodAccessorImpl.invoke(DelegatingMethodAccessorImpl.java:43)
	at java.base/java.lang.reflect.Method.invoke(Method.java:568)
	at org.springframework.orm.jpa.ExtendedEntityManagerCreator$ExtendedEntityManagerInvocationHandler.invoke(ExtendedEntityManagerCreator.java:362)
	at jdk.proxy3/jdk.proxy3.$Proxy149.createQuery(Unknown Source)
	at org.springframework.data.jpa.repository.query.SimpleJpaQuery.validateQuery(SimpleJpaQuery.java:90)
	... 63 common frames omitted
Caused by: org.hibernate.QueryException: could not resolve property: username of: com.aplikasi.chapter7.binarfud.entity.Customer [FROM com.aplikasi.chapter7.binarfud.entity.Customer u WHERE LOWER(u.username) = LOWER(?1)]
	at org.hibernate.QueryException.generateQueryException(QueryException.java:120)
	at org.hibernate.QueryException.wrapWithQueryString(QueryException.java:103)
	at org.hibernate.hql.internal.ast.QueryTranslatorImpl.doCompile(QueryTranslatorImpl.java:220)
	at org.hibernate.hql.internal.ast.QueryTranslatorImpl.compile(QueryTranslatorImpl.java:144)
	at org.hibernate.engine.query.spi.HQLQueryPlan.<init>(HQLQueryPlan.java:112)
	at org.hibernate.engine.query.spi.HQLQueryPlan.<init>(HQLQueryPlan.java:73)
	at org.hibernate.engine.query.spi.QueryPlanCache.getHQLQueryPlan(QueryPlanCache.java:162)
	at org.hibernate.internal.AbstractSharedSessionContract.getQueryPlan(AbstractSharedSessionContract.java:636)
	at org.hibernate.internal.AbstractSharedSessionContract.createQuery(AbstractSharedSessionContract.java:748)
	... 71 common frames omitted
Caused by: org.hibernate.QueryException: could not resolve property: username of: com.aplikasi.chapter7.binarfud.entity.Customer
	at org.hibernate.persister.entity.AbstractPropertyMapping.propertyException(AbstractPropertyMapping.java:78)
	at org.hibernate.persister.entity.AbstractPropertyMapping.toType(AbstractPropertyMapping.java:72)
	at org.hibernate.persister.entity.AbstractEntityPersister.toType(AbstractEntityPersister.java:2053)
	at org.hibernate.hql.internal.ast.tree.FromElementType.getPropertyType(FromElementType.java:412)
	at org.hibernate.hql.internal.ast.tree.FromElement.getPropertyType(FromElement.java:524)
	at org.hibernate.hql.internal.ast.tree.DotNode.getDataType(DotNode.java:723)
	at org.hibernate.hql.internal.ast.tree.DotNode.prepareLhs(DotNode.java:268)
	at org.hibernate.hql.internal.ast.tree.DotNode.resolveInFunctionCall(DotNode.java:182)
	at org.hibernate.hql.internal.ast.HqlSqlWalker.resolve(HqlSqlWalker.java:1063)
	at org.hibernate.hql.internal.antlr.HqlSqlBaseWalker.expr(HqlSqlBaseWalker.java:1319)
	at org.hibernate.hql.internal.antlr.HqlSqlBaseWalker.exprOrSubquery(HqlSqlBaseWalker.java:4797)
	at org.hibernate.hql.internal.antlr.HqlSqlBaseWalker.functionCall(HqlSqlBaseWalker.java:2814)
	at org.hibernate.hql.internal.antlr.HqlSqlBaseWalker.expr(HqlSqlBaseWalker.java:1395)
	at org.hibernate.hql.internal.antlr.HqlSqlBaseWalker.exprOrSubquery(HqlSqlBaseWalker.java:4797)
	at org.hibernate.hql.internal.antlr.HqlSqlBaseWalker.comparisonExpr(HqlSqlBaseWalker.java:4261)
	at org.hibernate.hql.internal.antlr.HqlSqlBaseWalker.logicalExpr(HqlSqlBaseWalker.java:2180)
	at org.hibernate.hql.internal.antlr.HqlSqlBaseWalker.whereClause(HqlSqlBaseWalker.java:841)
	at org.hibernate.hql.internal.antlr.HqlSqlBaseWalker.query(HqlSqlBaseWalker.java:635)
	at org.hibernate.hql.internal.antlr.HqlSqlBaseWalker.selectStatement(HqlSqlBaseWalker.java:339)
	at org.hibernate.hql.internal.antlr.HqlSqlBaseWalker.statement(HqlSqlBaseWalker.java:287)
	at org.hibernate.hql.internal.ast.QueryTranslatorImpl.analyze(QueryTranslatorImpl.java:276)
	at org.hibernate.hql.internal.ast.QueryTranslatorImpl.doCompile(QueryTranslatorImpl.java:192)
	... 77 common frames omitted
[2023-11-22 17:59:32.032][INFO ][org.hibernate.validator.internal.util.Version][background-preinit][21]HV000001: Hibernate Validator 6.0.21.Final
[2023-11-22 17:59:32.032][INFO ][org.springframework.boot.StartupInfoLogger][restartedMain][55]Starting Chapter4Application using Java 17.0.8 on DESKTOP-BCDMK2Q with PID 9416 (C:\Users\EdoEdiNiko\IdeaProjects\chapter4\chapter4\target\classes started by EdoEdiNiko in C:\Users\EdoEdiNiko\IdeaProjects\chapter4\chapter4)
[2023-11-22 17:59:32.032][INFO ][org.springframework.boot.SpringApplication][restartedMain][631]No active profile set, falling back to 1 default profile: "default"
[2023-11-22 17:59:32.032][INFO ][org.springframework.boot.logging.DeferredLog][restartedMain][255]Devtools property defaults active! Set 'spring.devtools.add-properties' to 'false' to disable
[2023-11-22 17:59:32.032][INFO ][org.springframework.boot.logging.DeferredLog][restartedMain][255]For additional web related logging consider setting the 'logging.level.web' property to 'DEBUG'
[2023-11-22 17:59:35.035][INFO ][org.springframework.data.repository.config.RepositoryConfigurationDelegate][restartedMain][132]Bootstrapping Spring Data JPA repositories in DEFAULT mode.
[2023-11-22 17:59:36.036][INFO ][org.springframework.data.repository.config.RepositoryConfigurationDelegate][restartedMain][201]Finished Spring Data repository scanning in 278 ms. Found 9 JPA repository interfaces.
[2023-11-22 17:59:38.038][INFO ][org.springframework.boot.web.embedded.tomcat.TomcatWebServer][restartedMain][108]Tomcat initialized with port(s): 8080 (http)
[2023-11-22 17:59:38.038][INFO ][org.apache.juli.logging.DirectJDKLog][restartedMain][173]Initializing ProtocolHandler ["http-nio-8080"]
[2023-11-22 17:59:38.038][INFO ][org.apache.juli.logging.DirectJDKLog][restartedMain][173]Starting service [Tomcat]
[2023-11-22 17:59:38.038][INFO ][org.apache.juli.logging.DirectJDKLog][restartedMain][173]Starting Servlet engine: [Apache Tomcat/9.0.80]
[2023-11-22 17:59:38.038][INFO ][org.apache.juli.logging.DirectJDKLog][restartedMain][173]Initializing Spring embedded WebApplicationContext
[2023-11-22 17:59:38.038][INFO ][org.springframework.boot.web.servlet.context.ServletWebServerApplicationContext][restartedMain][292]Root WebApplicationContext: initialization completed in 6444 ms
[2023-11-22 17:59:39.039][INFO ][org.hibernate.jpa.internal.util.LogHelper][restartedMain][31]HHH000204: Processing PersistenceUnitInfo [name: default]
[2023-11-22 17:59:39.039][INFO ][org.hibernate.Version][restartedMain][44]HHH000412: Hibernate ORM core version 5.6.15.Final
[2023-11-22 17:59:40.040][INFO ][org.hibernate.annotations.common.reflection.java.JavaReflectionManager][restartedMain][56]HCANN000001: Hibernate Commons Annotations {5.1.2.Final}
[2023-11-22 17:59:40.040][INFO ][com.zaxxer.hikari.HikariDataSource][restartedMain][110]HikariPool-1 - Starting...
[2023-11-22 17:59:41.041][INFO ][com.zaxxer.hikari.HikariDataSource][restartedMain][123]HikariPool-1 - Start completed.
[2023-11-22 17:59:41.041][INFO ][org.hibernate.dialect.Dialect][restartedMain][175]HHH000400: Using dialect: org.hibernate.dialect.PostgreSQL10Dialect
[2023-11-22 17:59:44.044][INFO ][org.hibernate.engine.transaction.jta.platform.internal.JtaPlatformInitiator][restartedMain][52]HHH000490: Using JtaPlatform implementation: [org.hibernate.engine.transaction.jta.platform.internal.NoJtaPlatform]
[2023-11-22 17:59:44.044][INFO ][org.springframework.orm.jpa.AbstractEntityManagerFactoryBean][restartedMain][437]Initialized JPA EntityManagerFactory for persistence unit 'default'
[2023-11-22 17:59:46.046][WARN ][org.springframework.boot.autoconfigure.orm.jpa.JpaBaseConfiguration$JpaWebConfiguration][restartedMain][223]spring.jpa.open-in-view is enabled by default. Therefore, database queries may be performed during view rendering. Explicitly configure spring.jpa.open-in-view to disable this warning
[2023-11-22 17:59:47.047][WARN ][org.springframework.security.oauth2.provider.token.store.JwtAccessTokenConverter][restartedMain][306]Unable to create an RSA verifier from verifierKey (ignoreable if using MAC)
[2023-11-22 17:59:47.047][WARN ][org.springframework.context.support.AbstractApplicationContext][restartedMain][591]Exception encountered during context initialization - cancelling refresh attempt: org.springframework.beans.factory.UnsatisfiedDependencyException: Error creating bean with name 'orderController': Unsatisfied dependency expressed through field 'orderService'; nested exception is org.springframework.beans.factory.UnsatisfiedDependencyException: Error creating bean with name 'orderServiceImpl': Unsatisfied dependency expressed through field 'orderRepository'; nested exception is org.springframework.beans.factory.BeanCreationException: Error creating bean with name 'orderRepository' defined in com.aplikasi.chapter7.binarfud.repository.OrderRepository defined in @EnableJpaRepositories declared on JpaRepositoriesRegistrar.EnableJpaRepositoriesConfiguration: Invocation of init method failed; nested exception is org.springframework.data.repository.query.QueryCreationException: Could not create query for public abstract java.util.Optional com.aplikasi.chapter7.binarfud.repository.OrderRepository.findByUser(com.aplikasi.chapter7.binarfud.entity.Customer); Reason: Failed to create query for method public abstract java.util.Optional com.aplikasi.chapter7.binarfud.repository.OrderRepository.findByUser(com.aplikasi.chapter7.binarfud.entity.Customer)! No property 'user' found for type 'Order'; nested exception is java.lang.IllegalArgumentException: Failed to create query for method public abstract java.util.Optional com.aplikasi.chapter7.binarfud.repository.OrderRepository.findByUser(com.aplikasi.chapter7.binarfud.entity.Customer)! No property 'user' found for type 'Order'
[2023-11-22 17:59:47.047][INFO ][org.springframework.orm.jpa.AbstractEntityManagerFactoryBean][restartedMain][651]Closing JPA EntityManagerFactory for persistence unit 'default'
[2023-11-22 17:59:47.047][INFO ][com.zaxxer.hikari.HikariDataSource][restartedMain][350]HikariPool-1 - Shutdown initiated...
[2023-11-22 17:59:47.047][INFO ][com.zaxxer.hikari.HikariDataSource][restartedMain][352]HikariPool-1 - Shutdown completed.
[2023-11-22 17:59:47.047][INFO ][org.apache.juli.logging.DirectJDKLog][restartedMain][173]Stopping service [Tomcat]
[2023-11-22 17:59:47.047][INFO ][org.springframework.boot.autoconfigure.logging.ConditionEvaluationReportLoggingListener][restartedMain][136]

Error starting ApplicationContext. To display the conditions report re-run your application with 'debug' enabled.
[2023-11-22 17:59:47.047][ERROR][org.springframework.boot.SpringApplication][restartedMain][821]Application run failed
org.springframework.beans.factory.UnsatisfiedDependencyException: Error creating bean with name 'orderController': Unsatisfied dependency expressed through field 'orderService'; nested exception is org.springframework.beans.factory.UnsatisfiedDependencyException: Error creating bean with name 'orderServiceImpl': Unsatisfied dependency expressed through field 'orderRepository'; nested exception is org.springframework.beans.factory.BeanCreationException: Error creating bean with name 'orderRepository' defined in com.aplikasi.chapter7.binarfud.repository.OrderRepository defined in @EnableJpaRepositories declared on JpaRepositoriesRegistrar.EnableJpaRepositoriesConfiguration: Invocation of init method failed; nested exception is org.springframework.data.repository.query.QueryCreationException: Could not create query for public abstract java.util.Optional com.aplikasi.chapter7.binarfud.repository.OrderRepository.findByUser(com.aplikasi.chapter7.binarfud.entity.Customer); Reason: Failed to create query for method public abstract java.util.Optional com.aplikasi.chapter7.binarfud.repository.OrderRepository.findByUser(com.aplikasi.chapter7.binarfud.entity.Customer)! No property 'user' found for type 'Order'; nested exception is java.lang.IllegalArgumentException: Failed to create query for method public abstract java.util.Optional com.aplikasi.chapter7.binarfud.repository.OrderRepository.findByUser(com.aplikasi.chapter7.binarfud.entity.Customer)! No property 'user' found for type 'Order'
	at org.springframework.beans.factory.annotation.AutowiredAnnotationBeanPostProcessor$AutowiredFieldElement.resolveFieldValue(AutowiredAnnotationBeanPostProcessor.java:713)
	at org.springframework.beans.factory.annotation.AutowiredAnnotationBeanPostProcessor$AutowiredFieldElement.inject(AutowiredAnnotationBeanPostProcessor.java:693)
	at org.springframework.beans.factory.annotation.InjectionMetadata.inject(InjectionMetadata.java:119)
	at org.springframework.beans.factory.annotation.AutowiredAnnotationBeanPostProcessor.postProcessProperties(AutowiredAnnotationBeanPostProcessor.java:408)
	at org.springframework.beans.factory.support.AbstractAutowireCapableBeanFactory.populateBean(AbstractAutowireCapableBeanFactory.java:1431)
	at org.springframework.beans.factory.support.AbstractAutowireCapableBeanFactory.doCreateBean(AbstractAutowireCapableBeanFactory.java:619)
	at org.springframework.beans.factory.support.AbstractAutowireCapableBeanFactory.createBean(AbstractAutowireCapableBeanFactory.java:542)
	at org.springframework.beans.factory.support.AbstractBeanFactory.lambda$doGetBean$0(AbstractBeanFactory.java:335)
	at org.springframework.beans.factory.support.DefaultSingletonBeanRegistry.getSingleton(DefaultSingletonBeanRegistry.java:234)
	at org.springframework.beans.factory.support.AbstractBeanFactory.doGetBean(AbstractBeanFactory.java:333)
	at org.springframework.beans.factory.support.AbstractBeanFactory.getBean(AbstractBeanFactory.java:208)
	at org.springframework.beans.factory.support.DefaultListableBeanFactory.preInstantiateSingletons(DefaultListableBeanFactory.java:955)
	at org.springframework.context.support.AbstractApplicationContext.finishBeanFactoryInitialization(AbstractApplicationContext.java:921)
	at org.springframework.context.support.AbstractApplicationContext.refresh(AbstractApplicationContext.java:583)
	at org.springframework.boot.web.servlet.context.ServletWebServerApplicationContext.refresh(ServletWebServerApplicationContext.java:147)
	at org.springframework.boot.SpringApplication.refresh(SpringApplication.java:731)
	at org.springframework.boot.SpringApplication.refreshContext(SpringApplication.java:408)
	at org.springframework.boot.SpringApplication.run(SpringApplication.java:307)
	at org.springframework.boot.SpringApplication.run(SpringApplication.java:1303)
	at org.springframework.boot.SpringApplication.run(SpringApplication.java:1292)
	at com.aplikasi.chapter7.Chapter7Application.main(Chapter4Application.java:16)
	at java.base/jdk.internal.reflect.NativeMethodAccessorImpl.invoke0(Native Method)
	at java.base/jdk.internal.reflect.NativeMethodAccessorImpl.invoke(NativeMethodAccessorImpl.java:77)
	at java.base/jdk.internal.reflect.DelegatingMethodAccessorImpl.invoke(DelegatingMethodAccessorImpl.java:43)
	at java.base/java.lang.reflect.Method.invoke(Method.java:568)
	at org.springframework.boot.devtools.restart.RestartLauncher.run(RestartLauncher.java:50)
Caused by: org.springframework.beans.factory.UnsatisfiedDependencyException: Error creating bean with name 'orderServiceImpl': Unsatisfied dependency expressed through field 'orderRepository'; nested exception is org.springframework.beans.factory.BeanCreationException: Error creating bean with name 'orderRepository' defined in com.aplikasi.chapter7.binarfud.repository.OrderRepository defined in @EnableJpaRepositories declared on JpaRepositoriesRegistrar.EnableJpaRepositoriesConfiguration: Invocation of init method failed; nested exception is org.springframework.data.repository.query.QueryCreationException: Could not create query for public abstract java.util.Optional com.aplikasi.chapter7.binarfud.repository.OrderRepository.findByUser(com.aplikasi.chapter7.binarfud.entity.Customer); Reason: Failed to create query for method public abstract java.util.Optional com.aplikasi.chapter7.binarfud.repository.OrderRepository.findByUser(com.aplikasi.chapter7.binarfud.entity.Customer)! No property 'user' found for type 'Order'; nested exception is java.lang.IllegalArgumentException: Failed to create query for method public abstract java.util.Optional com.aplikasi.chapter7.binarfud.repository.OrderRepository.findByUser(com.aplikasi.chapter7.binarfud.entity.Customer)! No property 'user' found for type 'Order'
	at org.springframework.beans.factory.annotation.AutowiredAnnotationBeanPostProcessor$AutowiredFieldElement.resolveFieldValue(AutowiredAnnotationBeanPostProcessor.java:713)
	at org.springframework.beans.factory.annotation.AutowiredAnnotationBeanPostProcessor$AutowiredFieldElement.inject(AutowiredAnnotationBeanPostProcessor.java:693)
	at org.springframework.beans.factory.annotation.InjectionMetadata.inject(InjectionMetadata.java:119)
	at org.springframework.beans.factory.annotation.AutowiredAnnotationBeanPostProcessor.postProcessProperties(AutowiredAnnotationBeanPostProcessor.java:408)
	at org.springframework.beans.factory.support.AbstractAutowireCapableBeanFactory.populateBean(AbstractAutowireCapableBeanFactory.java:1431)
	at org.springframework.beans.factory.support.AbstractAutowireCapableBeanFactory.doCreateBean(AbstractAutowireCapableBeanFactory.java:619)
	at org.springframework.beans.factory.support.AbstractAutowireCapableBeanFactory.createBean(AbstractAutowireCapableBeanFactory.java:542)
	at org.springframework.beans.factory.support.AbstractBeanFactory.lambda$doGetBean$0(AbstractBeanFactory.java:335)
	at org.springframework.beans.factory.support.DefaultSingletonBeanRegistry.getSingleton(DefaultSingletonBeanRegistry.java:234)
	at org.springframework.beans.factory.support.AbstractBeanFactory.doGetBean(AbstractBeanFactory.java:333)
	at org.springframework.beans.factory.support.AbstractBeanFactory.getBean(AbstractBeanFactory.java:208)
	at org.springframework.beans.factory.config.DependencyDescriptor.resolveCandidate(DependencyDescriptor.java:276)
	at org.springframework.beans.factory.support.DefaultListableBeanFactory.doResolveDependency(DefaultListableBeanFactory.java:1391)
	at org.springframework.beans.factory.support.DefaultListableBeanFactory.resolveDependency(DefaultListableBeanFactory.java:1311)
	at org.springframework.beans.factory.annotation.AutowiredAnnotationBeanPostProcessor$AutowiredFieldElement.resolveFieldValue(AutowiredAnnotationBeanPostProcessor.java:710)
	... 25 common frames omitted
Caused by: org.springframework.beans.factory.BeanCreationException: Error creating bean with name 'orderRepository' defined in com.aplikasi.chapter7.binarfud.repository.OrderRepository defined in @EnableJpaRepositories declared on JpaRepositoriesRegistrar.EnableJpaRepositoriesConfiguration: Invocation of init method failed; nested exception is org.springframework.data.repository.query.QueryCreationException: Could not create query for public abstract java.util.Optional com.aplikasi.chapter7.binarfud.repository.OrderRepository.findByUser(com.aplikasi.chapter7.binarfud.entity.Customer); Reason: Failed to create query for method public abstract java.util.Optional com.aplikasi.chapter7.binarfud.repository.OrderRepository.findByUser(com.aplikasi.chapter7.binarfud.entity.Customer)! No property 'user' found for type 'Order'; nested exception is java.lang.IllegalArgumentException: Failed to create query for method public abstract java.util.Optional com.aplikasi.chapter7.binarfud.repository.OrderRepository.findByUser(com.aplikasi.chapter7.binarfud.entity.Customer)! No property 'user' found for type 'Order'
	at org.springframework.beans.factory.support.AbstractAutowireCapableBeanFactory.initializeBean(AbstractAutowireCapableBeanFactory.java:1804)
	at org.springframework.beans.factory.support.AbstractAutowireCapableBeanFactory.doCreateBean(AbstractAutowireCapableBeanFactory.java:620)
	at org.springframework.beans.factory.support.AbstractAutowireCapableBeanFactory.createBean(AbstractAutowireCapableBeanFactory.java:542)
	at org.springframework.beans.factory.support.AbstractBeanFactory.lambda$doGetBean$0(AbstractBeanFactory.java:335)
	at org.springframework.beans.factory.support.DefaultSingletonBeanRegistry.getSingleton(DefaultSingletonBeanRegistry.java:234)
	at org.springframework.beans.factory.support.AbstractBeanFactory.doGetBean(AbstractBeanFactory.java:333)
	at org.springframework.beans.factory.support.AbstractBeanFactory.getBean(AbstractBeanFactory.java:208)
	at org.springframework.beans.factory.config.DependencyDescriptor.resolveCandidate(DependencyDescriptor.java:276)
	at org.springframework.beans.factory.support.DefaultListableBeanFactory.doResolveDependency(DefaultListableBeanFactory.java:1391)
	at org.springframework.beans.factory.support.DefaultListableBeanFactory.resolveDependency(DefaultListableBeanFactory.java:1311)
	at org.springframework.beans.factory.annotation.AutowiredAnnotationBeanPostProcessor$AutowiredFieldElement.resolveFieldValue(AutowiredAnnotationBeanPostProcessor.java:710)
	... 39 common frames omitted
Caused by: org.springframework.data.repository.query.QueryCreationException: Could not create query for public abstract java.util.Optional com.aplikasi.chapter7.binarfud.repository.OrderRepository.findByUser(com.aplikasi.chapter7.binarfud.entity.Customer); Reason: Failed to create query for method public abstract java.util.Optional com.aplikasi.chapter7.binarfud.repository.OrderRepository.findByUser(com.aplikasi.chapter7.binarfud.entity.Customer)! No property 'user' found for type 'Order'; nested exception is java.lang.IllegalArgumentException: Failed to create query for method public abstract java.util.Optional com.aplikasi.chapter7.binarfud.repository.OrderRepository.findByUser(com.aplikasi.chapter7.binarfud.entity.Customer)! No property 'user' found for type 'Order'
	at org.springframework.data.repository.query.QueryCreationException.create(QueryCreationException.java:101)
	at org.springframework.data.repository.core.support.QueryExecutorMethodInterceptor.lookupQuery(QueryExecutorMethodInterceptor.java:107)
	at org.springframework.data.repository.core.support.QueryExecutorMethodInterceptor.lambda$mapMethodsToQuery$1(QueryExecutorMethodInterceptor.java:95)
	at java.base/java.util.stream.ReferencePipeline$3$1.accept(ReferencePipeline.java:197)
	at java.base/java.util.Iterator.forEachRemaining(Iterator.java:133)
	at java.base/java.util.Collections$UnmodifiableCollection$1.forEachRemaining(Collections.java:1061)
	at java.base/java.util.Spliterators$IteratorSpliterator.forEachRemaining(Spliterators.java:1845)
	at java.base/java.util.stream.AbstractPipeline.copyInto(AbstractPipeline.java:509)
	at java.base/java.util.stream.AbstractPipeline.wrapAndCopyInto(AbstractPipeline.java:499)
	at java.base/java.util.stream.ReduceOps$ReduceOp.evaluateSequential(ReduceOps.java:921)
	at java.base/java.util.stream.AbstractPipeline.evaluate(AbstractPipeline.java:234)
	at java.base/java.util.stream.ReferencePipeline.collect(ReferencePipeline.java:682)
	at org.springframework.data.repository.core.support.QueryExecutorMethodInterceptor.mapMethodsToQuery(QueryExecutorMethodInterceptor.java:97)
	at org.springframework.data.repository.core.support.QueryExecutorMethodInterceptor.lambda$new$0(QueryExecutorMethodInterceptor.java:87)
	at java.base/java.util.Optional.map(Optional.java:260)
	at org.springframework.data.repository.core.support.QueryExecutorMethodInterceptor.<init>(QueryExecutorMethodInterceptor.java:87)
	at org.springframework.data.repository.core.support.RepositoryFactorySupport.getRepository(RepositoryFactorySupport.java:365)
	at org.springframework.data.repository.core.support.RepositoryFactoryBeanSupport.lambda$afterPropertiesSet$5(RepositoryFactoryBeanSupport.java:323)
	at org.springframework.data.util.Lazy.getNullable(Lazy.java:231)
	at org.springframework.data.util.Lazy.get(Lazy.java:115)
	at org.springframework.data.repository.core.support.RepositoryFactoryBeanSupport.afterPropertiesSet(RepositoryFactoryBeanSupport.java:329)
	at org.springframework.data.jpa.repository.support.JpaRepositoryFactoryBean.afterPropertiesSet(JpaRepositoryFactoryBean.java:144)
	at org.springframework.beans.factory.support.AbstractAutowireCapableBeanFactory.invokeInitMethods(AbstractAutowireCapableBeanFactory.java:1863)
	at org.springframework.beans.factory.support.AbstractAutowireCapableBeanFactory.initializeBean(AbstractAutowireCapableBeanFactory.java:1800)
	... 49 common frames omitted
Caused by: java.lang.IllegalArgumentException: Failed to create query for method public abstract java.util.Optional com.aplikasi.chapter7.binarfud.repository.OrderRepository.findByUser(com.aplikasi.chapter7.binarfud.entity.Customer)! No property 'user' found for type 'Order'
	at org.springframework.data.jpa.repository.query.PartTreeJpaQuery.<init>(PartTreeJpaQuery.java:96)
	at org.springframework.data.jpa.repository.query.JpaQueryLookupStrategy$CreateQueryLookupStrategy.resolveQuery(JpaQueryLookupStrategy.java:119)
	at org.springframework.data.jpa.repository.query.JpaQueryLookupStrategy$CreateIfNotFoundQueryLookupStrategy.resolveQuery(JpaQueryLookupStrategy.java:259)
	at org.springframework.data.jpa.repository.query.JpaQueryLookupStrategy$AbstractQueryLookupStrategy.resolveQuery(JpaQueryLookupStrategy.java:93)
	at org.springframework.data.repository.core.support.QueryExecutorMethodInterceptor.lookupQuery(QueryExecutorMethodInterceptor.java:103)
	... 71 common frames omitted
Caused by: org.springframework.data.mapping.PropertyReferenceException: No property 'user' found for type 'Order'
	at org.springframework.data.mapping.PropertyPath.<init>(PropertyPath.java:91)
	at org.springframework.data.mapping.PropertyPath.create(PropertyPath.java:438)
	at org.springframework.data.mapping.PropertyPath.create(PropertyPath.java:414)
	at org.springframework.data.mapping.PropertyPath.lambda$from$0(PropertyPath.java:367)
	at java.base/java.util.concurrent.ConcurrentMap.computeIfAbsent(ConcurrentMap.java:330)
	at org.springframework.data.mapping.PropertyPath.from(PropertyPath.java:349)
	at org.springframework.data.mapping.PropertyPath.from(PropertyPath.java:332)
	at org.springframework.data.repository.query.parser.Part.<init>(Part.java:81)
	at org.springframework.data.repository.query.parser.PartTree$OrPart.lambda$new$0(PartTree.java:250)
	at java.base/java.util.stream.ReferencePipeline$3$1.accept(ReferencePipeline.java:197)
	at java.base/java.util.stream.ReferencePipeline$2$1.accept(ReferencePipeline.java:179)
	at java.base/java.util.Spliterators$ArraySpliterator.forEachRemaining(Spliterators.java:992)
	at java.base/java.util.stream.AbstractPipeline.copyInto(AbstractPipeline.java:509)
	at java.base/java.util.stream.AbstractPipeline.wrapAndCopyInto(AbstractPipeline.java:499)
	at java.base/java.util.stream.ReduceOps$ReduceOp.evaluateSequential(ReduceOps.java:921)
	at java.base/java.util.stream.AbstractPipeline.evaluate(AbstractPipeline.java:234)
	at java.base/java.util.stream.ReferencePipeline.collect(ReferencePipeline.java:682)
	at org.springframework.data.repository.query.parser.PartTree$OrPart.<init>(PartTree.java:251)
	at org.springframework.data.repository.query.parser.PartTree$Predicate.lambda$new$0(PartTree.java:384)
	at java.base/java.util.stream.ReferencePipeline$3$1.accept(ReferencePipeline.java:197)
	at java.base/java.util.stream.ReferencePipeline$2$1.accept(ReferencePipeline.java:179)
	at java.base/java.util.Spliterators$ArraySpliterator.forEachRemaining(Spliterators.java:992)
	at java.base/java.util.stream.AbstractPipeline.copyInto(AbstractPipeline.java:509)
	at java.base/java.util.stream.AbstractPipeline.wrapAndCopyInto(AbstractPipeline.java:499)
	at java.base/java.util.stream.ReduceOps$ReduceOp.evaluateSequential(ReduceOps.java:921)
	at java.base/java.util.stream.AbstractPipeline.evaluate(AbstractPipeline.java:234)
	at java.base/java.util.stream.ReferencePipeline.collect(ReferencePipeline.java:682)
	at org.springframework.data.repository.query.parser.PartTree$Predicate.<init>(PartTree.java:385)
	at org.springframework.data.repository.query.parser.PartTree.<init>(PartTree.java:96)
	at org.springframework.data.jpa.repository.query.PartTreeJpaQuery.<init>(PartTreeJpaQuery.java:89)
	... 75 common frames omitted
[2023-11-22 18:06:09.009][INFO ][org.hibernate.validator.internal.util.Version][background-preinit][21]HV000001: Hibernate Validator 6.0.21.Final
[2023-11-22 18:06:09.009][INFO ][org.springframework.boot.StartupInfoLogger][restartedMain][55]Starting Chapter4Application using Java 17.0.8 on DESKTOP-BCDMK2Q with PID 4676 (C:\Users\EdoEdiNiko\IdeaProjects\chapter4\chapter4\target\classes started by EdoEdiNiko in C:\Users\EdoEdiNiko\IdeaProjects\chapter4\chapter4)
[2023-11-22 18:06:09.009][INFO ][org.springframework.boot.SpringApplication][restartedMain][631]No active profile set, falling back to 1 default profile: "default"
[2023-11-22 18:06:09.009][INFO ][org.springframework.boot.logging.DeferredLog][restartedMain][255]Devtools property defaults active! Set 'spring.devtools.add-properties' to 'false' to disable
[2023-11-22 18:06:09.009][INFO ][org.springframework.boot.logging.DeferredLog][restartedMain][255]For additional web related logging consider setting the 'logging.level.web' property to 'DEBUG'
[2023-11-22 18:06:14.014][INFO ][org.springframework.data.repository.config.RepositoryConfigurationDelegate][restartedMain][132]Bootstrapping Spring Data JPA repositories in DEFAULT mode.
[2023-11-22 18:06:15.015][INFO ][org.springframework.data.repository.config.RepositoryConfigurationDelegate][restartedMain][201]Finished Spring Data repository scanning in 497 ms. Found 9 JPA repository interfaces.
[2023-11-22 18:06:18.018][INFO ][org.springframework.boot.web.embedded.tomcat.TomcatWebServer][restartedMain][108]Tomcat initialized with port(s): 8080 (http)
[2023-11-22 18:06:18.018][INFO ][org.apache.juli.logging.DirectJDKLog][restartedMain][173]Initializing ProtocolHandler ["http-nio-8080"]
[2023-11-22 18:06:18.018][INFO ][org.apache.juli.logging.DirectJDKLog][restartedMain][173]Starting service [Tomcat]
[2023-11-22 18:06:18.018][INFO ][org.apache.juli.logging.DirectJDKLog][restartedMain][173]Starting Servlet engine: [Apache Tomcat/9.0.80]
[2023-11-22 18:06:19.019][INFO ][org.apache.juli.logging.DirectJDKLog][restartedMain][173]Initializing Spring embedded WebApplicationContext
[2023-11-22 18:06:19.019][INFO ][org.springframework.boot.web.servlet.context.ServletWebServerApplicationContext][restartedMain][292]Root WebApplicationContext: initialization completed in 9340 ms
[2023-11-22 18:06:19.019][INFO ][org.hibernate.jpa.internal.util.LogHelper][restartedMain][31]HHH000204: Processing PersistenceUnitInfo [name: default]
[2023-11-22 18:06:20.020][INFO ][org.hibernate.Version][restartedMain][44]HHH000412: Hibernate ORM core version 5.6.15.Final
[2023-11-22 18:06:21.021][INFO ][org.hibernate.annotations.common.reflection.java.JavaReflectionManager][restartedMain][56]HCANN000001: Hibernate Commons Annotations {5.1.2.Final}
[2023-11-22 18:06:21.021][INFO ][com.zaxxer.hikari.HikariDataSource][restartedMain][110]HikariPool-1 - Starting...
[2023-11-22 18:06:22.022][INFO ][com.zaxxer.hikari.HikariDataSource][restartedMain][123]HikariPool-1 - Start completed.
[2023-11-22 18:06:22.022][INFO ][org.hibernate.dialect.Dialect][restartedMain][175]HHH000400: Using dialect: org.hibernate.dialect.PostgreSQL10Dialect
[2023-11-22 18:06:29.029][INFO ][org.hibernate.engine.transaction.jta.platform.internal.JtaPlatformInitiator][restartedMain][52]HHH000490: Using JtaPlatform implementation: [org.hibernate.engine.transaction.jta.platform.internal.NoJtaPlatform]
[2023-11-22 18:06:29.029][INFO ][org.springframework.orm.jpa.AbstractEntityManagerFactoryBean][restartedMain][437]Initialized JPA EntityManagerFactory for persistence unit 'default'
[2023-11-22 18:06:33.033][WARN ][org.springframework.boot.autoconfigure.orm.jpa.JpaBaseConfiguration$JpaWebConfiguration][restartedMain][223]spring.jpa.open-in-view is enabled by default. Therefore, database queries may be performed during view rendering. Explicitly configure spring.jpa.open-in-view to disable this warning
[2023-11-22 18:06:33.033][WARN ][org.springframework.security.oauth2.provider.token.store.JwtAccessTokenConverter][restartedMain][306]Unable to create an RSA verifier from verifierKey (ignoreable if using MAC)
[2023-11-22 18:06:37.037][INFO ][org.springframework.security.web.DefaultSecurityFilterChain][restartedMain][55]Will secure Or [Ant [pattern='/oauth/token'], Ant [pattern='/oauth/token_key'], Ant [pattern='/oauth/check_token']] with [org.springframework.security.web.session.DisableEncodeUrlFilter@654e7c0d, org.springframework.security.web.context.request.async.WebAsyncManagerIntegrationFilter@582ff563, org.springframework.security.web.context.SecurityContextPersistenceFilter@4768c64b, org.springframework.security.web.header.HeaderWriterFilter@675f1675, org.springframework.security.web.authentication.logout.LogoutFilter@6aedbf59, org.springframework.security.oauth2.provider.client.ClientCredentialsTokenEndpointFilter@5762dbcf, org.springframework.security.web.authentication.www.BasicAuthenticationFilter@335420bc, org.springframework.security.web.savedrequest.RequestCacheAwareFilter@45de7d63, org.springframework.security.web.servletapi.SecurityContextHolderAwareRequestFilter@4c433a0e, org.springframework.security.web.authentication.AnonymousAuthenticationFilter@67105a7e, org.springframework.security.web.session.SessionManagementFilter@2e79f726, org.springframework.security.web.access.ExceptionTranslationFilter@35923781, org.springframework.security.web.access.intercept.FilterSecurityInterceptor@65a4e1d9]
[2023-11-22 18:06:42.042][INFO ][org.springframework.security.web.DefaultSecurityFilterChain][restartedMain][55]Will secure Ant [pattern='/**'] with [org.springframework.security.web.session.DisableEncodeUrlFilter@4a3a49ef, org.springframework.security.web.context.request.async.WebAsyncManagerIntegrationFilter@272329ee, org.springframework.security.web.context.SecurityContextPersistenceFilter@50469803, org.springframework.security.web.header.HeaderWriterFilter@430e08ca, org.springframework.web.filter.CorsFilter@389aef0f, org.springframework.security.web.authentication.logout.LogoutFilter@3af39775, org.springframework.security.oauth2.provider.authentication.OAuth2AuthenticationProcessingFilter@6db6d447, org.springframework.security.web.authentication.UsernamePasswordAuthenticationFilter@4311860a, org.springframework.security.web.authentication.ui.DefaultLoginPageGeneratingFilter@25b82b9b, org.springframework.security.web.authentication.ui.DefaultLogoutPageGeneratingFilter@77741fc0, org.springframework.security.web.savedrequest.RequestCacheAwareFilter@69b25c15, org.springframework.security.web.servletapi.SecurityContextHolderAwareRequestFilter@5a4951b1, org.springframework.security.web.authentication.AnonymousAuthenticationFilter@6f1945f0, org.springframework.security.web.session.SessionManagementFilter@4bf69f1c, org.springframework.security.web.access.ExceptionTranslationFilter@12157b0d, org.springframework.security.web.access.intercept.FilterSecurityInterceptor@14c17cf1]
[2023-11-22 18:06:42.042][INFO ][org.springframework.security.web.DefaultSecurityFilterChain][restartedMain][55]Will secure any request with [org.springframework.security.web.session.DisableEncodeUrlFilter@7ad02377, org.springframework.security.web.context.request.async.WebAsyncManagerIntegrationFilter@3aeefc61, org.springframework.security.web.context.SecurityContextPersistenceFilter@4bd78fb7, org.springframework.security.web.header.HeaderWriterFilter@3716eb2b, org.springframework.security.web.csrf.CsrfFilter@35060bf5, org.springframework.security.web.authentication.logout.LogoutFilter@143dd458, org.springframework.security.web.authentication.UsernamePasswordAuthenticationFilter@75fe718a, org.springframework.security.web.authentication.ui.DefaultLoginPageGeneratingFilter@40de242b, org.springframework.security.web.authentication.ui.DefaultLogoutPageGeneratingFilter@3c1ab897, org.springframework.security.web.authentication.www.BasicAuthenticationFilter@6c541b19, org.springframework.security.web.savedrequest.RequestCacheAwareFilter@556ece76, org.springframework.security.web.servletapi.SecurityContextHolderAwareRequestFilter@55a13843, org.springframework.security.web.authentication.AnonymousAuthenticationFilter@705ae0de, org.springframework.security.web.session.SessionManagementFilter@4e8b6c30, org.springframework.security.web.access.ExceptionTranslationFilter@54d95fc4, org.springframework.security.web.access.intercept.FilterSecurityInterceptor@290d3e62]
[2023-11-22 18:06:44.044][INFO ][org.springframework.boot.devtools.autoconfigure.OptionalLiveReloadServer][restartedMain][59]LiveReload server is running on port 35729
[2023-11-22 18:06:44.044][INFO ][org.apache.juli.logging.DirectJDKLog][restartedMain][173]Starting ProtocolHandler ["http-nio-8080"]
[2023-11-22 18:06:44.044][INFO ][org.springframework.boot.web.embedded.tomcat.TomcatWebServer][restartedMain][220]Tomcat started on port(s): 8080 (http) with context path ''
[2023-11-22 18:06:44.044][INFO ][org.springframework.boot.StartupInfoLogger][restartedMain][61]Started Chapter4Application in 36.643 seconds (JVM running for 40.123)
[2023-11-22 18:11:41.041][INFO ][org.apache.juli.logging.DirectJDKLog][http-nio-8080-exec-1][173]Initializing Spring DispatcherServlet 'dispatcherServlet'
[2023-11-22 18:11:41.041][INFO ][org.springframework.web.servlet.FrameworkServlet][http-nio-8080-exec-1][525]Initializing Servlet 'dispatcherServlet'
[2023-11-22 18:11:41.041][INFO ][org.springframework.web.servlet.FrameworkServlet][http-nio-8080-exec-1][547]Completed initialization in 183 ms
[2023-11-22 18:14:17.017][WARN ][org.springframework.security.oauth2.provider.endpoint.TokenEndpoint][http-nio-8080-exec-9][189]Handling error: InvalidGrantException, Bad credentials
[2023-11-22 18:14:17.017][WARN ][org.springframework.web.servlet.handler.AbstractHandlerExceptionResolver][http-nio-8080-exec-9][208]Resolved [error="invalid_grant", error_description="Bad credentials"]
[2023-11-22 18:15:45.045][INFO ][org.springframework.orm.jpa.AbstractEntityManagerFactoryBean][SpringApplicationShutdownHook][651]Closing JPA EntityManagerFactory for persistence unit 'default'
[2023-11-22 18:15:45.045][INFO ][com.zaxxer.hikari.HikariDataSource][SpringApplicationShutdownHook][350]HikariPool-1 - Shutdown initiated...
[2023-11-22 18:15:46.046][INFO ][com.zaxxer.hikari.HikariDataSource][SpringApplicationShutdownHook][352]HikariPool-1 - Shutdown completed.
