[2023-11-24 13:51:14.014][INFO ][org.hibernate.validator.internal.util.Version][background-preinit][21]HV000001: Hibernate Validator 6.0.21.Final
[2023-11-24 13:51:14.014][INFO ][org.springframework.boot.StartupInfoLogger][restartedMain][55]Starting Chapter4Application using Java 17.0.8 on DESKTOP-BCDMK2Q with PID 1396 (C:\Users\EdoEdiNiko\IdeaProjects\chapter4\chapter4\target\classes started by EdoEdiNiko in C:\Users\EdoEdiNiko\IdeaProjects\chapter4\chapter4)
[2023-11-24 13:51:14.014][INFO ][org.springframework.boot.SpringApplication][restartedMain][637]The following 1 profile is active: "sit"
[2023-11-24 13:51:15.015][INFO ][org.springframework.boot.logging.DeferredLog][restartedMain][255]Devtools property defaults active! Set 'spring.devtools.add-properties' to 'false' to disable
[2023-11-24 13:51:15.015][INFO ][org.springframework.boot.logging.DeferredLog][restartedMain][255]For additional web related logging consider setting the 'logging.level.web' property to 'DEBUG'
[2023-11-24 13:51:18.018][INFO ][org.springframework.data.repository.config.RepositoryConfigurationDelegate][restartedMain][132]Bootstrapping Spring Data JPA repositories in DEFAULT mode.
[2023-11-24 13:51:18.018][INFO ][org.springframework.data.repository.config.RepositoryConfigurationDelegate][restartedMain][201]Finished Spring Data repository scanning in 292 ms. Found 9 JPA repository interfaces.
[2023-11-24 13:51:21.021][INFO ][org.springframework.boot.web.embedded.tomcat.TomcatWebServer][restartedMain][108]Tomcat initialized with port(s): 8080 (http)
[2023-11-24 13:51:22.022][INFO ][org.apache.juli.logging.DirectJDKLog][restartedMain][173]Initializing ProtocolHandler ["http-nio-8080"]
[2023-11-24 13:51:22.022][INFO ][org.apache.juli.logging.DirectJDKLog][restartedMain][173]Starting service [Tomcat]
[2023-11-24 13:51:22.022][INFO ][org.apache.juli.logging.DirectJDKLog][restartedMain][173]Starting Servlet engine: [Apache Tomcat/9.0.80]
[2023-11-24 13:51:22.022][INFO ][org.apache.juli.logging.DirectJDKLog][restartedMain][173]Initializing Spring embedded WebApplicationContext
[2023-11-24 13:51:22.022][INFO ][org.springframework.boot.web.servlet.context.ServletWebServerApplicationContext][restartedMain][292]Root WebApplicationContext: initialization completed in 7311 ms
[2023-11-24 13:51:23.023][INFO ][org.hibernate.jpa.internal.util.LogHelper][restartedMain][31]HHH000204: Processing PersistenceUnitInfo [name: default]
[2023-11-24 13:51:23.023][INFO ][org.hibernate.Version][restartedMain][44]HHH000412: Hibernate ORM core version 5.6.15.Final
[2023-11-24 13:51:23.023][INFO ][org.hibernate.annotations.common.reflection.java.JavaReflectionManager][restartedMain][56]HCANN000001: Hibernate Commons Annotations {5.1.2.Final}
[2023-11-24 13:51:24.024][INFO ][com.zaxxer.hikari.HikariDataSource][restartedMain][110]HikariPool-1 - Starting...
[2023-11-24 13:51:25.025][INFO ][com.zaxxer.hikari.HikariDataSource][restartedMain][123]HikariPool-1 - Start completed.
[2023-11-24 13:51:25.025][INFO ][org.hibernate.dialect.Dialect][restartedMain][175]HHH000400: Using dialect: org.hibernate.dialect.PostgreSQL10Dialect
[2023-11-24 13:51:30.030][INFO ][org.hibernate.engine.transaction.jta.platform.internal.JtaPlatformInitiator][restartedMain][52]HHH000490: Using JtaPlatform implementation: [org.hibernate.engine.transaction.jta.platform.internal.NoJtaPlatform]
[2023-11-24 13:51:30.030][INFO ][org.springframework.orm.jpa.AbstractEntityManagerFactoryBean][restartedMain][437]Initialized JPA EntityManagerFactory for persistence unit 'default'
[2023-11-24 13:51:32.032][WARN ][org.springframework.boot.autoconfigure.orm.jpa.JpaBaseConfiguration$JpaWebConfiguration][restartedMain][223]spring.jpa.open-in-view is enabled by default. Therefore, database queries may be performed during view rendering. Explicitly configure spring.jpa.open-in-view to disable this warning
[2023-11-24 13:51:32.032][WARN ][org.springframework.security.oauth2.provider.token.store.JwtAccessTokenConverter][restartedMain][306]Unable to create an RSA verifier from verifierKey (ignoreable if using MAC)
[2023-11-24 13:51:34.034][INFO ][org.springframework.security.web.DefaultSecurityFilterChain][restartedMain][55]Will secure Or [Ant [pattern='/oauth/token'], Ant [pattern='/oauth/token_key'], Ant [pattern='/oauth/check_token']] with [org.springframework.security.web.session.DisableEncodeUrlFilter@4f994b6d, org.springframework.security.web.context.request.async.WebAsyncManagerIntegrationFilter@14c817be, org.springframework.security.web.context.SecurityContextPersistenceFilter@7b84976e, org.springframework.security.web.header.HeaderWriterFilter@69272bb9, org.springframework.security.web.authentication.logout.LogoutFilter@2e218466, org.springframework.security.oauth2.provider.client.ClientCredentialsTokenEndpointFilter@e96352a, org.springframework.security.web.authentication.www.BasicAuthenticationFilter@67b2a18, org.springframework.security.web.savedrequest.RequestCacheAwareFilter@32dc0664, org.springframework.security.web.servletapi.SecurityContextHolderAwareRequestFilter@6c8697ca, org.springframework.security.web.authentication.AnonymousAuthenticationFilter@5289dae3, org.springframework.security.web.session.SessionManagementFilter@6b3e16c3, org.springframework.security.web.access.ExceptionTranslationFilter@2d1a8ea, org.springframework.security.web.access.intercept.FilterSecurityInterceptor@22ac18ad]
[2023-11-24 13:51:39.039][INFO ][org.springframework.security.web.DefaultSecurityFilterChain][restartedMain][55]Will secure Ant [pattern='/**'] with [org.springframework.security.web.session.DisableEncodeUrlFilter@55dce5d5, org.springframework.security.web.context.request.async.WebAsyncManagerIntegrationFilter@5b6857b8, org.springframework.security.web.context.SecurityContextPersistenceFilter@59cac4df, org.springframework.security.web.header.HeaderWriterFilter@371c36c8, org.springframework.web.filter.CorsFilter@535d015d, org.springframework.security.web.authentication.logout.LogoutFilter@5ffdb682, org.springframework.security.oauth2.provider.authentication.OAuth2AuthenticationProcessingFilter@4fa48914, org.springframework.security.web.authentication.UsernamePasswordAuthenticationFilter@746f0227, org.springframework.security.web.authentication.ui.DefaultLoginPageGeneratingFilter@7ca15c2d, org.springframework.security.web.authentication.ui.DefaultLogoutPageGeneratingFilter@5faf4f2b, org.springframework.security.web.savedrequest.RequestCacheAwareFilter@1357e898, org.springframework.security.web.servletapi.SecurityContextHolderAwareRequestFilter@452b364c, org.springframework.security.web.authentication.AnonymousAuthenticationFilter@6d6feb46, org.springframework.security.web.session.SessionManagementFilter@427f6985, org.springframework.security.web.access.ExceptionTranslationFilter@56d3808e, org.springframework.security.web.access.intercept.FilterSecurityInterceptor@793e3078]
[2023-11-24 13:51:39.039][INFO ][org.springframework.security.web.DefaultSecurityFilterChain][restartedMain][55]Will secure any request with [org.springframework.security.web.session.DisableEncodeUrlFilter@38c5a162, org.springframework.security.web.context.request.async.WebAsyncManagerIntegrationFilter@29bdf528, org.springframework.security.web.context.SecurityContextPersistenceFilter@6ff665b1, org.springframework.security.web.header.HeaderWriterFilter@2638e19c, org.springframework.security.web.csrf.CsrfFilter@235d6640, org.springframework.security.web.authentication.logout.LogoutFilter@5a6e1261, org.springframework.security.web.authentication.UsernamePasswordAuthenticationFilter@4f775ee9, org.springframework.security.web.authentication.ui.DefaultLoginPageGeneratingFilter@39c24ce8, org.springframework.security.web.authentication.ui.DefaultLogoutPageGeneratingFilter@5cc866e0, org.springframework.security.web.authentication.www.BasicAuthenticationFilter@3c0c8f19, org.springframework.security.web.savedrequest.RequestCacheAwareFilter@742977b2, org.springframework.security.web.servletapi.SecurityContextHolderAwareRequestFilter@157c4caa, org.springframework.security.web.authentication.AnonymousAuthenticationFilter@4e44e27, org.springframework.security.web.session.SessionManagementFilter@2751787d, org.springframework.security.web.access.ExceptionTranslationFilter@749deb26, org.springframework.security.web.access.intercept.FilterSecurityInterceptor@62be6af8]
[2023-11-24 13:51:40.040][INFO ][org.springframework.boot.devtools.autoconfigure.OptionalLiveReloadServer][restartedMain][59]LiveReload server is running on port 35729
[2023-11-24 13:51:40.040][INFO ][org.apache.juli.logging.DirectJDKLog][restartedMain][173]Starting ProtocolHandler ["http-nio-8080"]
[2023-11-24 13:51:41.041][INFO ][org.springframework.boot.web.embedded.tomcat.TomcatWebServer][restartedMain][220]Tomcat started on port(s): 8080 (http) with context path ''
[2023-11-24 13:51:41.041][INFO ][org.springframework.boot.StartupInfoLogger][restartedMain][61]Started Chapter4Application in 27.776 seconds (JVM running for 35.053)
[2023-11-24 13:55:04.004][INFO ][org.springframework.orm.jpa.AbstractEntityManagerFactoryBean][SpringApplicationShutdownHook][651]Closing JPA EntityManagerFactory for persistence unit 'default'
[2023-11-24 13:55:05.005][INFO ][com.zaxxer.hikari.HikariDataSource][SpringApplicationShutdownHook][350]HikariPool-1 - Shutdown initiated...
[2023-11-24 13:55:05.005][INFO ][com.zaxxer.hikari.HikariDataSource][SpringApplicationShutdownHook][352]HikariPool-1 - Shutdown completed.
[2023-11-24 13:55:48.048][INFO ][org.hibernate.validator.internal.util.Version][background-preinit][21]HV000001: Hibernate Validator 6.0.21.Final
[2023-11-24 13:55:49.049][INFO ][org.springframework.boot.StartupInfoLogger][restartedMain][55]Starting Chapter4Application using Java 17.0.8 on DESKTOP-BCDMK2Q with PID 10200 (C:\Users\EdoEdiNiko\IdeaProjects\chapter4\chapter4\target\classes started by EdoEdiNiko in C:\Users\EdoEdiNiko\IdeaProjects\chapter4\chapter4)
[2023-11-24 13:55:49.049][INFO ][org.springframework.boot.SpringApplication][restartedMain][637]The following 1 profile is active: "sit"
[2023-11-24 13:55:49.049][INFO ][org.springframework.boot.logging.DeferredLog][restartedMain][255]Devtools property defaults active! Set 'spring.devtools.add-properties' to 'false' to disable
[2023-11-24 13:55:49.049][INFO ][org.springframework.boot.logging.DeferredLog][restartedMain][255]For additional web related logging consider setting the 'logging.level.web' property to 'DEBUG'
[2023-11-24 13:55:52.052][INFO ][org.springframework.data.repository.config.RepositoryConfigurationDelegate][restartedMain][132]Bootstrapping Spring Data JPA repositories in DEFAULT mode.
[2023-11-24 13:55:53.053][INFO ][org.springframework.data.repository.config.RepositoryConfigurationDelegate][restartedMain][201]Finished Spring Data repository scanning in 281 ms. Found 9 JPA repository interfaces.
[2023-11-24 13:55:56.056][INFO ][org.springframework.boot.web.embedded.tomcat.TomcatWebServer][restartedMain][108]Tomcat initialized with port(s): 8080 (http)
[2023-11-24 13:55:56.056][INFO ][org.apache.juli.logging.DirectJDKLog][restartedMain][173]Initializing ProtocolHandler ["http-nio-8080"]
[2023-11-24 13:55:56.056][INFO ][org.apache.juli.logging.DirectJDKLog][restartedMain][173]Starting service [Tomcat]
[2023-11-24 13:55:56.056][INFO ][org.apache.juli.logging.DirectJDKLog][restartedMain][173]Starting Servlet engine: [Apache Tomcat/9.0.80]
[2023-11-24 13:55:56.056][INFO ][org.apache.juli.logging.DirectJDKLog][restartedMain][173]Initializing Spring embedded WebApplicationContext
[2023-11-24 13:55:56.056][INFO ][org.springframework.boot.web.servlet.context.ServletWebServerApplicationContext][restartedMain][292]Root WebApplicationContext: initialization completed in 7153 ms
[2023-11-24 13:55:57.057][INFO ][org.hibernate.jpa.internal.util.LogHelper][restartedMain][31]HHH000204: Processing PersistenceUnitInfo [name: default]
[2023-11-24 13:55:57.057][INFO ][org.hibernate.Version][restartedMain][44]HHH000412: Hibernate ORM core version 5.6.15.Final
[2023-11-24 13:56:01.001][INFO ][org.hibernate.annotations.common.reflection.java.JavaReflectionManager][restartedMain][56]HCANN000001: Hibernate Commons Annotations {5.1.2.Final}
[2023-11-24 13:56:01.001][INFO ][com.zaxxer.hikari.HikariDataSource][restartedMain][110]HikariPool-1 - Starting...
[2023-11-24 13:56:02.002][INFO ][com.zaxxer.hikari.HikariDataSource][restartedMain][123]HikariPool-1 - Start completed.
[2023-11-24 13:56:02.002][INFO ][org.hibernate.dialect.Dialect][restartedMain][175]HHH000400: Using dialect: org.hibernate.dialect.PostgreSQL10Dialect
[2023-11-24 13:56:11.011][INFO ][org.hibernate.engine.transaction.jta.platform.internal.JtaPlatformInitiator][restartedMain][52]HHH000490: Using JtaPlatform implementation: [org.hibernate.engine.transaction.jta.platform.internal.NoJtaPlatform]
[2023-11-24 13:56:11.011][INFO ][org.springframework.orm.jpa.AbstractEntityManagerFactoryBean][restartedMain][437]Initialized JPA EntityManagerFactory for persistence unit 'default'
[2023-11-24 13:56:14.014][WARN ][org.springframework.boot.autoconfigure.orm.jpa.JpaBaseConfiguration$JpaWebConfiguration][restartedMain][223]spring.jpa.open-in-view is enabled by default. Therefore, database queries may be performed during view rendering. Explicitly configure spring.jpa.open-in-view to disable this warning
[2023-11-24 13:56:14.014][WARN ][org.springframework.security.oauth2.provider.token.store.JwtAccessTokenConverter][restartedMain][306]Unable to create an RSA verifier from verifierKey (ignoreable if using MAC)
[2023-11-24 13:56:18.018][INFO ][org.springframework.security.web.DefaultSecurityFilterChain][restartedMain][55]Will secure Or [Ant [pattern='/oauth/token'], Ant [pattern='/oauth/token_key'], Ant [pattern='/oauth/check_token']] with [org.springframework.security.web.session.DisableEncodeUrlFilter@671b9127, org.springframework.security.web.context.request.async.WebAsyncManagerIntegrationFilter@2e9b3f8d, org.springframework.security.web.context.SecurityContextPersistenceFilter@60c8901c, org.springframework.security.web.header.HeaderWriterFilter@9192532, org.springframework.security.web.authentication.logout.LogoutFilter@6572a7a9, org.springframework.security.oauth2.provider.client.ClientCredentialsTokenEndpointFilter@554499f6, org.springframework.security.web.authentication.www.BasicAuthenticationFilter@633ea14b, org.springframework.security.web.savedrequest.RequestCacheAwareFilter@dc7f1d5, org.springframework.security.web.servletapi.SecurityContextHolderAwareRequestFilter@220bf62d, org.springframework.security.web.authentication.AnonymousAuthenticationFilter@4a060082, org.springframework.security.web.session.SessionManagementFilter@2c338894, org.springframework.security.web.access.ExceptionTranslationFilter@50ef217, org.springframework.security.web.access.intercept.FilterSecurityInterceptor@4de55356]
[2023-11-24 13:56:22.022][INFO ][org.springframework.security.web.DefaultSecurityFilterChain][restartedMain][55]Will secure Ant [pattern='/**'] with [org.springframework.security.web.session.DisableEncodeUrlFilter@1d64643f, org.springframework.security.web.context.request.async.WebAsyncManagerIntegrationFilter@77b47346, org.springframework.security.web.context.SecurityContextPersistenceFilter@51923d63, org.springframework.security.web.header.HeaderWriterFilter@6bc61234, org.springframework.web.filter.CorsFilter@6a62a80b, org.springframework.security.web.authentication.logout.LogoutFilter@698bf935, org.springframework.security.oauth2.provider.authentication.OAuth2AuthenticationProcessingFilter@75565c3, org.springframework.security.web.authentication.UsernamePasswordAuthenticationFilter@10bc0ea7, org.springframework.security.web.authentication.ui.DefaultLoginPageGeneratingFilter@6cc01dff, org.springframework.security.web.authentication.ui.DefaultLogoutPageGeneratingFilter@1adb5ad6, org.springframework.security.web.savedrequest.RequestCacheAwareFilter@1e8b678c, org.springframework.security.web.servletapi.SecurityContextHolderAwareRequestFilter@450791db, org.springframework.security.web.authentication.AnonymousAuthenticationFilter@2420802e, org.springframework.security.web.session.SessionManagementFilter@45bd9a6e, org.springframework.security.web.access.ExceptionTranslationFilter@4d204ecb, org.springframework.security.web.access.intercept.FilterSecurityInterceptor@4c7a2635]
[2023-11-24 13:56:22.022][INFO ][org.springframework.security.web.DefaultSecurityFilterChain][restartedMain][55]Will secure any request with [org.springframework.security.web.session.DisableEncodeUrlFilter@734e964a, org.springframework.security.web.context.request.async.WebAsyncManagerIntegrationFilter@16659a93, org.springframework.security.web.context.SecurityContextPersistenceFilter@7aa7321b, org.springframework.security.web.header.HeaderWriterFilter@590fd1e8, org.springframework.security.web.csrf.CsrfFilter@2c458fd5, org.springframework.security.web.authentication.logout.LogoutFilter@3f8cc509, org.springframework.security.web.authentication.UsernamePasswordAuthenticationFilter@2f0e35af, org.springframework.security.web.authentication.ui.DefaultLoginPageGeneratingFilter@6cd57dfd, org.springframework.security.web.authentication.ui.DefaultLogoutPageGeneratingFilter@489866bd, org.springframework.security.web.authentication.www.BasicAuthenticationFilter@26b1b741, org.springframework.security.web.savedrequest.RequestCacheAwareFilter@507818bb, org.springframework.security.web.servletapi.SecurityContextHolderAwareRequestFilter@775f13cd, org.springframework.security.web.authentication.AnonymousAuthenticationFilter@6338cb50, org.springframework.security.web.session.SessionManagementFilter@7a1c21aa, org.springframework.security.web.access.ExceptionTranslationFilter@9f46034, org.springframework.security.web.access.intercept.FilterSecurityInterceptor@cad2c7c]
[2023-11-24 13:56:23.023][INFO ][org.springframework.boot.devtools.autoconfigure.OptionalLiveReloadServer][restartedMain][59]LiveReload server is running on port 35729
[2023-11-24 13:56:23.023][INFO ][org.apache.juli.logging.DirectJDKLog][restartedMain][173]Starting ProtocolHandler ["http-nio-8080"]
[2023-11-24 13:56:23.023][INFO ][org.springframework.boot.web.embedded.tomcat.TomcatWebServer][restartedMain][220]Tomcat started on port(s): 8080 (http) with context path ''
[2023-11-24 13:56:24.024][INFO ][org.springframework.boot.StartupInfoLogger][restartedMain][61]Started Chapter4Application in 36.096 seconds (JVM running for 41.117)
[2023-11-24 13:56:49.049][INFO ][org.apache.juli.logging.DirectJDKLog][http-nio-8080-exec-2][173]Initializing Spring DispatcherServlet 'dispatcherServlet'
[2023-11-24 13:56:49.049][INFO ][org.springframework.web.servlet.FrameworkServlet][http-nio-8080-exec-2][525]Initializing Servlet 'dispatcherServlet'
[2023-11-24 13:56:49.049][INFO ][org.springframework.web.servlet.FrameworkServlet][http-nio-8080-exec-2][547]Completed initialization in 5 ms
[2023-11-24 13:57:32.032][INFO ][org.springframework.orm.jpa.AbstractEntityManagerFactoryBean][SpringApplicationShutdownHook][651]Closing JPA EntityManagerFactory for persistence unit 'default'
[2023-11-24 13:57:32.032][INFO ][com.zaxxer.hikari.HikariDataSource][SpringApplicationShutdownHook][350]HikariPool-1 - Shutdown initiated...
[2023-11-24 13:57:32.032][INFO ][com.zaxxer.hikari.HikariDataSource][SpringApplicationShutdownHook][352]HikariPool-1 - Shutdown completed.
[2023-11-24 14:41:29.029][INFO ][org.hibernate.validator.internal.util.Version][background-preinit][21]HV000001: Hibernate Validator 6.0.21.Final
[2023-11-24 14:41:29.029][INFO ][org.springframework.boot.StartupInfoLogger][restartedMain][55]Starting Chapter4Application using Java 17.0.8 on DESKTOP-BCDMK2Q with PID 14824 (C:\Users\EdoEdiNiko\IdeaProjects\chapter4\chapter4\target\classes started by EdoEdiNiko in C:\Users\EdoEdiNiko\IdeaProjects\chapter4\chapter4)
[2023-11-24 14:41:29.029][INFO ][org.springframework.boot.SpringApplication][restartedMain][637]The following 1 profile is active: "sit"
[2023-11-24 14:41:30.030][INFO ][org.springframework.boot.logging.DeferredLog][restartedMain][255]Devtools property defaults active! Set 'spring.devtools.add-properties' to 'false' to disable
[2023-11-24 14:41:30.030][INFO ][org.springframework.boot.logging.DeferredLog][restartedMain][255]For additional web related logging consider setting the 'logging.level.web' property to 'DEBUG'
[2023-11-24 14:41:35.035][INFO ][org.springframework.data.repository.config.RepositoryConfigurationDelegate][restartedMain][132]Bootstrapping Spring Data JPA repositories in DEFAULT mode.
[2023-11-24 14:41:35.035][INFO ][org.springframework.data.repository.config.RepositoryConfigurationDelegate][restartedMain][201]Finished Spring Data repository scanning in 384 ms. Found 9 JPA repository interfaces.
[2023-11-24 14:41:38.038][INFO ][org.springframework.boot.web.embedded.tomcat.TomcatWebServer][restartedMain][108]Tomcat initialized with port(s): 8080 (http)
[2023-11-24 14:41:38.038][INFO ][org.apache.juli.logging.DirectJDKLog][restartedMain][173]Initializing ProtocolHandler ["http-nio-8080"]
[2023-11-24 14:41:38.038][INFO ][org.apache.juli.logging.DirectJDKLog][restartedMain][173]Starting service [Tomcat]
[2023-11-24 14:41:38.038][INFO ][org.apache.juli.logging.DirectJDKLog][restartedMain][173]Starting Servlet engine: [Apache Tomcat/9.0.80]
[2023-11-24 14:41:39.039][INFO ][org.apache.juli.logging.DirectJDKLog][restartedMain][173]Initializing Spring embedded WebApplicationContext
[2023-11-24 14:41:39.039][INFO ][org.springframework.boot.web.servlet.context.ServletWebServerApplicationContext][restartedMain][292]Root WebApplicationContext: initialization completed in 8321 ms
[2023-11-24 14:41:39.039][INFO ][org.hibernate.jpa.internal.util.LogHelper][restartedMain][31]HHH000204: Processing PersistenceUnitInfo [name: default]
[2023-11-24 14:41:39.039][INFO ][org.hibernate.Version][restartedMain][44]HHH000412: Hibernate ORM core version 5.6.15.Final
[2023-11-24 14:41:40.040][INFO ][org.hibernate.annotations.common.reflection.java.JavaReflectionManager][restartedMain][56]HCANN000001: Hibernate Commons Annotations {5.1.2.Final}
[2023-11-24 14:41:41.041][INFO ][com.zaxxer.hikari.HikariDataSource][restartedMain][110]HikariPool-1 - Starting...
[2023-11-24 14:41:42.042][INFO ][com.zaxxer.hikari.HikariDataSource][restartedMain][123]HikariPool-1 - Start completed.
[2023-11-24 14:41:42.042][INFO ][org.hibernate.dialect.Dialect][restartedMain][175]HHH000400: Using dialect: org.hibernate.dialect.PostgreSQL10Dialect
[2023-11-24 14:41:49.049][INFO ][org.hibernate.engine.transaction.jta.platform.internal.JtaPlatformInitiator][restartedMain][52]HHH000490: Using JtaPlatform implementation: [org.hibernate.engine.transaction.jta.platform.internal.NoJtaPlatform]
[2023-11-24 14:41:49.049][INFO ][org.springframework.orm.jpa.AbstractEntityManagerFactoryBean][restartedMain][437]Initialized JPA EntityManagerFactory for persistence unit 'default'
[2023-11-24 14:41:51.051][WARN ][org.springframework.boot.autoconfigure.orm.jpa.JpaBaseConfiguration$JpaWebConfiguration][restartedMain][223]spring.jpa.open-in-view is enabled by default. Therefore, database queries may be performed during view rendering. Explicitly configure spring.jpa.open-in-view to disable this warning
[2023-11-24 14:41:51.051][WARN ][org.springframework.security.oauth2.provider.token.store.JwtAccessTokenConverter][restartedMain][306]Unable to create an RSA verifier from verifierKey (ignoreable if using MAC)
[2023-11-24 14:41:54.054][INFO ][org.springframework.security.web.DefaultSecurityFilterChain][restartedMain][55]Will secure Or [Ant [pattern='/oauth/token'], Ant [pattern='/oauth/token_key'], Ant [pattern='/oauth/check_token']] with [org.springframework.security.web.session.DisableEncodeUrlFilter@7f4f9498, org.springframework.security.web.context.request.async.WebAsyncManagerIntegrationFilter@45e3a1b7, org.springframework.security.web.context.SecurityContextPersistenceFilter@4454d9d9, org.springframework.security.web.header.HeaderWriterFilter@4eb4ea93, org.springframework.security.web.authentication.logout.LogoutFilter@12a4ccae, org.springframework.security.oauth2.provider.client.ClientCredentialsTokenEndpointFilter@503bdda0, org.springframework.security.web.authentication.www.BasicAuthenticationFilter@4f427430, org.springframework.security.web.savedrequest.RequestCacheAwareFilter@46e8f7bc, org.springframework.security.web.servletapi.SecurityContextHolderAwareRequestFilter@4659ceb8, org.springframework.security.web.authentication.AnonymousAuthenticationFilter@310701ad, org.springframework.security.web.session.SessionManagementFilter@7d86d259, org.springframework.security.web.access.ExceptionTranslationFilter@1bb46b50, org.springframework.security.web.access.intercept.FilterSecurityInterceptor@5a4300e8]
[2023-11-24 14:41:58.058][INFO ][org.springframework.security.web.DefaultSecurityFilterChain][restartedMain][55]Will secure Ant [pattern='/**'] with [org.springframework.security.web.session.DisableEncodeUrlFilter@603ae917, org.springframework.security.web.context.request.async.WebAsyncManagerIntegrationFilter@66bef77e, org.springframework.security.web.context.SecurityContextPersistenceFilter@729abdce, org.springframework.security.web.header.HeaderWriterFilter@222b94ff, org.springframework.web.filter.CorsFilter@3638b718, org.springframework.security.web.authentication.logout.LogoutFilter@14fbb6e9, org.springframework.security.oauth2.provider.authentication.OAuth2AuthenticationProcessingFilter@6bbca1cd, org.springframework.security.web.authentication.UsernamePasswordAuthenticationFilter@d5d97cf, org.springframework.security.web.authentication.ui.DefaultLoginPageGeneratingFilter@5aafdbeb, org.springframework.security.web.authentication.ui.DefaultLogoutPageGeneratingFilter@573aadff, org.springframework.security.web.savedrequest.RequestCacheAwareFilter@95c0655, org.springframework.security.web.servletapi.SecurityContextHolderAwareRequestFilter@77aee7ed, org.springframework.security.web.authentication.AnonymousAuthenticationFilter@60ff845e, org.springframework.security.web.session.SessionManagementFilter@769b76ed, org.springframework.security.web.access.ExceptionTranslationFilter@23fb08c0, org.springframework.security.web.access.intercept.FilterSecurityInterceptor@6a47523b]
[2023-11-24 14:41:58.058][INFO ][org.springframework.security.web.DefaultSecurityFilterChain][restartedMain][55]Will secure any request with [org.springframework.security.web.session.DisableEncodeUrlFilter@4c82358c, org.springframework.security.web.context.request.async.WebAsyncManagerIntegrationFilter@4280bd2f, org.springframework.security.web.context.SecurityContextPersistenceFilter@59838d8e, org.springframework.security.web.header.HeaderWriterFilter@ae572d5, org.springframework.security.web.csrf.CsrfFilter@68610e1a, org.springframework.security.web.authentication.logout.LogoutFilter@1b00e833, org.springframework.security.web.authentication.UsernamePasswordAuthenticationFilter@40f0b61c, org.springframework.security.web.authentication.ui.DefaultLoginPageGeneratingFilter@5d1a801c, org.springframework.security.web.authentication.ui.DefaultLogoutPageGeneratingFilter@785a335, org.springframework.security.web.authentication.www.BasicAuthenticationFilter@379bda3e, org.springframework.security.web.savedrequest.RequestCacheAwareFilter@57ba8128, org.springframework.security.web.servletapi.SecurityContextHolderAwareRequestFilter@76e832d0, org.springframework.security.web.authentication.AnonymousAuthenticationFilter@6e26c3d1, org.springframework.security.web.session.SessionManagementFilter@39725564, org.springframework.security.web.access.ExceptionTranslationFilter@3ab68026, org.springframework.security.web.access.intercept.FilterSecurityInterceptor@25e56d2e]
[2023-11-24 14:42:01.001][INFO ][org.springframework.boot.devtools.autoconfigure.OptionalLiveReloadServer][restartedMain][59]LiveReload server is running on port 35729
[2023-11-24 14:42:01.001][INFO ][org.apache.juli.logging.DirectJDKLog][restartedMain][173]Starting ProtocolHandler ["http-nio-8080"]
[2023-11-24 14:42:01.001][INFO ][org.springframework.boot.web.embedded.tomcat.TomcatWebServer][restartedMain][220]Tomcat started on port(s): 8080 (http) with context path ''
[2023-11-24 14:42:01.001][INFO ][org.springframework.boot.StartupInfoLogger][restartedMain][61]Started Chapter4Application in 33.129 seconds (JVM running for 43.536)
[2023-11-24 14:42:45.045][INFO ][org.apache.juli.logging.DirectJDKLog][http-nio-8080-exec-2][173]Initializing Spring DispatcherServlet 'dispatcherServlet'
[2023-11-24 14:42:45.045][INFO ][org.springframework.web.servlet.FrameworkServlet][http-nio-8080-exec-2][525]Initializing Servlet 'dispatcherServlet'
[2023-11-24 14:42:45.045][INFO ][org.springframework.web.servlet.FrameworkServlet][http-nio-8080-exec-2][547]Completed initialization in 1 ms
[2023-11-24 14:49:44.044][INFO ][org.springframework.orm.jpa.AbstractEntityManagerFactoryBean][SpringApplicationShutdownHook][651]Closing JPA EntityManagerFactory for persistence unit 'default'
[2023-11-24 14:49:44.044][INFO ][com.zaxxer.hikari.HikariDataSource][SpringApplicationShutdownHook][350]HikariPool-1 - Shutdown initiated...
[2023-11-24 14:49:45.045][INFO ][com.zaxxer.hikari.HikariDataSource][SpringApplicationShutdownHook][352]HikariPool-1 - Shutdown completed.
[2023-11-24 15:15:25.025][INFO ][org.springframework.boot.StartupInfoLogger][restartedMain][55]Starting Chapter4Application using Java 17.0.8 on DESKTOP-BCDMK2Q with PID 10408 (C:\Users\EdoEdiNiko\IdeaProjects\chapter4\chapter4\target\classes started by EdoEdiNiko in C:\Users\EdoEdiNiko\IdeaProjects\chapter4\chapter4)
[2023-11-24 15:15:25.025][INFO ][org.springframework.boot.SpringApplication][restartedMain][637]The following 1 profile is active: "sit"
[2023-11-24 15:15:25.025][INFO ][org.hibernate.validator.internal.util.Version][background-preinit][21]HV000001: Hibernate Validator 6.0.21.Final
[2023-11-24 15:15:26.026][INFO ][org.springframework.boot.logging.DeferredLog][restartedMain][255]Devtools property defaults active! Set 'spring.devtools.add-properties' to 'false' to disable
[2023-11-24 15:15:26.026][INFO ][org.springframework.boot.logging.DeferredLog][restartedMain][255]For additional web related logging consider setting the 'logging.level.web' property to 'DEBUG'
[2023-11-24 15:15:29.029][INFO ][org.springframework.data.repository.config.RepositoryConfigurationDelegate][restartedMain][132]Bootstrapping Spring Data JPA repositories in DEFAULT mode.
[2023-11-24 15:15:29.029][INFO ][org.springframework.data.repository.config.RepositoryConfigurationDelegate][restartedMain][201]Finished Spring Data repository scanning in 240 ms. Found 9 JPA repository interfaces.
[2023-11-24 15:15:31.031][INFO ][org.springframework.boot.web.embedded.tomcat.TomcatWebServer][restartedMain][108]Tomcat initialized with port(s): 8080 (http)
[2023-11-24 15:15:31.031][INFO ][org.apache.juli.logging.DirectJDKLog][restartedMain][173]Initializing ProtocolHandler ["http-nio-8080"]
[2023-11-24 15:15:31.031][INFO ][org.apache.juli.logging.DirectJDKLog][restartedMain][173]Starting service [Tomcat]
[2023-11-24 15:15:31.031][INFO ][org.apache.juli.logging.DirectJDKLog][restartedMain][173]Starting Servlet engine: [Apache Tomcat/9.0.80]
[2023-11-24 15:15:31.031][INFO ][org.apache.juli.logging.DirectJDKLog][restartedMain][173]Initializing Spring embedded WebApplicationContext
[2023-11-24 15:15:31.031][INFO ][org.springframework.boot.web.servlet.context.ServletWebServerApplicationContext][restartedMain][292]Root WebApplicationContext: initialization completed in 5503 ms
[2023-11-24 15:15:31.031][INFO ][org.hibernate.jpa.internal.util.LogHelper][restartedMain][31]HHH000204: Processing PersistenceUnitInfo [name: default]
[2023-11-24 15:15:32.032][INFO ][org.hibernate.Version][restartedMain][44]HHH000412: Hibernate ORM core version 5.6.15.Final
[2023-11-24 15:15:32.032][INFO ][org.hibernate.annotations.common.reflection.java.JavaReflectionManager][restartedMain][56]HCANN000001: Hibernate Commons Annotations {5.1.2.Final}
[2023-11-24 15:15:33.033][INFO ][com.zaxxer.hikari.HikariDataSource][restartedMain][110]HikariPool-1 - Starting...
[2023-11-24 15:15:33.033][INFO ][com.zaxxer.hikari.HikariDataSource][restartedMain][123]HikariPool-1 - Start completed.
[2023-11-24 15:15:33.033][INFO ][org.hibernate.dialect.Dialect][restartedMain][175]HHH000400: Using dialect: org.hibernate.dialect.PostgreSQL10Dialect
[2023-11-24 15:15:37.037][INFO ][org.hibernate.engine.transaction.jta.platform.internal.JtaPlatformInitiator][restartedMain][52]HHH000490: Using JtaPlatform implementation: [org.hibernate.engine.transaction.jta.platform.internal.NoJtaPlatform]
[2023-11-24 15:15:37.037][INFO ][org.springframework.orm.jpa.AbstractEntityManagerFactoryBean][restartedMain][437]Initialized JPA EntityManagerFactory for persistence unit 'default'
[2023-11-24 15:15:39.039][WARN ][org.springframework.boot.autoconfigure.orm.jpa.JpaBaseConfiguration$JpaWebConfiguration][restartedMain][223]spring.jpa.open-in-view is enabled by default. Therefore, database queries may be performed during view rendering. Explicitly configure spring.jpa.open-in-view to disable this warning
[2023-11-24 15:15:39.039][WARN ][org.springframework.security.oauth2.provider.token.store.JwtAccessTokenConverter][restartedMain][306]Unable to create an RSA verifier from verifierKey (ignoreable if using MAC)
[2023-11-24 15:15:42.042][INFO ][org.springframework.security.web.DefaultSecurityFilterChain][restartedMain][55]Will secure Or [Ant [pattern='/oauth/token'], Ant [pattern='/oauth/token_key'], Ant [pattern='/oauth/check_token']] with [org.springframework.security.web.session.DisableEncodeUrlFilter@58229113, org.springframework.security.web.context.request.async.WebAsyncManagerIntegrationFilter@254316d0, org.springframework.security.web.context.SecurityContextPersistenceFilter@3dec371, org.springframework.security.web.header.HeaderWriterFilter@30703546, org.springframework.security.web.authentication.logout.LogoutFilter@578a0c8e, org.springframework.security.oauth2.provider.client.ClientCredentialsTokenEndpointFilter@2f86787b, org.springframework.security.web.authentication.www.BasicAuthenticationFilter@6ac4055e, org.springframework.security.web.savedrequest.RequestCacheAwareFilter@22db1912, org.springframework.security.web.servletapi.SecurityContextHolderAwareRequestFilter@73dbcb8a, org.springframework.security.web.authentication.AnonymousAuthenticationFilter@1151a0b6, org.springframework.security.web.session.SessionManagementFilter@1d6fea76, org.springframework.security.web.access.ExceptionTranslationFilter@42a79d36, org.springframework.security.web.access.intercept.FilterSecurityInterceptor@6be3ed4a]
[2023-11-24 15:15:47.047][INFO ][org.springframework.security.web.DefaultSecurityFilterChain][restartedMain][55]Will secure Ant [pattern='/**'] with [org.springframework.security.web.session.DisableEncodeUrlFilter@662fa90, org.springframework.security.web.context.request.async.WebAsyncManagerIntegrationFilter@460094c7, org.springframework.security.web.context.SecurityContextPersistenceFilter@7b3d516, org.springframework.security.web.header.HeaderWriterFilter@57b80ded, org.springframework.web.filter.CorsFilter@6f22241a, org.springframework.security.web.authentication.logout.LogoutFilter@228adffd, org.springframework.security.oauth2.provider.authentication.OAuth2AuthenticationProcessingFilter@67b92e79, org.springframework.security.web.authentication.UsernamePasswordAuthenticationFilter@19a5758f, org.springframework.security.web.authentication.ui.DefaultLoginPageGeneratingFilter@4cca0c50, org.springframework.security.web.authentication.ui.DefaultLogoutPageGeneratingFilter@5d193d7c, org.springframework.security.web.savedrequest.RequestCacheAwareFilter@7d6ab6c3, org.springframework.security.web.servletapi.SecurityContextHolderAwareRequestFilter@6aaa1be6, org.springframework.security.web.authentication.AnonymousAuthenticationFilter@4cbeea35, org.springframework.security.web.session.SessionManagementFilter@3fe334af, org.springframework.security.web.access.ExceptionTranslationFilter@78e05863, org.springframework.security.web.access.intercept.FilterSecurityInterceptor@3b92432e]
[2023-11-24 15:15:47.047][INFO ][org.springframework.security.web.DefaultSecurityFilterChain][restartedMain][55]Will secure any request with [org.springframework.security.web.session.DisableEncodeUrlFilter@5373052, org.springframework.security.web.context.request.async.WebAsyncManagerIntegrationFilter@455e4f6b, org.springframework.security.web.context.SecurityContextPersistenceFilter@47baee3e, org.springframework.security.web.header.HeaderWriterFilter@3c3cee06, org.springframework.security.web.csrf.CsrfFilter@1246216f, org.springframework.security.web.authentication.logout.LogoutFilter@2824ed36, org.springframework.security.web.authentication.UsernamePasswordAuthenticationFilter@39780af3, org.springframework.security.web.authentication.ui.DefaultLoginPageGeneratingFilter@2a8004e5, org.springframework.security.web.authentication.ui.DefaultLogoutPageGeneratingFilter@3c08eaa1, org.springframework.security.web.authentication.www.BasicAuthenticationFilter@5a135455, org.springframework.security.web.savedrequest.RequestCacheAwareFilter@32341b3b, org.springframework.security.web.servletapi.SecurityContextHolderAwareRequestFilter@69a39fa5, org.springframework.security.web.authentication.AnonymousAuthenticationFilter@7c79b089, org.springframework.security.web.session.SessionManagementFilter@6454e682, org.springframework.security.web.access.ExceptionTranslationFilter@34482674, org.springframework.security.web.access.intercept.FilterSecurityInterceptor@1c5b9e49]
[2023-11-24 15:15:48.048][INFO ][org.springframework.boot.devtools.autoconfigure.OptionalLiveReloadServer][restartedMain][59]LiveReload server is running on port 35729
[2023-11-24 15:15:48.048][INFO ][org.apache.juli.logging.DirectJDKLog][restartedMain][173]Starting ProtocolHandler ["http-nio-8080"]
[2023-11-24 15:15:48.048][INFO ][org.springframework.boot.web.embedded.tomcat.TomcatWebServer][restartedMain][220]Tomcat started on port(s): 8080 (http) with context path ''
[2023-11-24 15:15:48.048][INFO ][org.springframework.boot.StartupInfoLogger][restartedMain][61]Started Chapter4Application in 24.003 seconds (JVM running for 29.002)
[2023-11-24 15:18:22.022][INFO ][org.apache.juli.logging.DirectJDKLog][http-nio-8080-exec-2][173]Initializing Spring DispatcherServlet 'dispatcherServlet'
[2023-11-24 15:18:22.022][INFO ][org.springframework.web.servlet.FrameworkServlet][http-nio-8080-exec-2][525]Initializing Servlet 'dispatcherServlet'
[2023-11-24 15:18:22.022][INFO ][org.springframework.web.servlet.FrameworkServlet][http-nio-8080-exec-2][547]Completed initialization in 1 ms
[2023-11-24 15:20:09.009][INFO ][org.springframework.orm.jpa.AbstractEntityManagerFactoryBean][SpringApplicationShutdownHook][651]Closing JPA EntityManagerFactory for persistence unit 'default'
[2023-11-24 15:20:09.009][INFO ][com.zaxxer.hikari.HikariDataSource][SpringApplicationShutdownHook][350]HikariPool-1 - Shutdown initiated...
[2023-11-24 15:20:09.009][INFO ][com.zaxxer.hikari.HikariDataSource][SpringApplicationShutdownHook][352]HikariPool-1 - Shutdown completed.
[2023-11-24 15:20:31.031][INFO ][org.hibernate.validator.internal.util.Version][background-preinit][21]HV000001: Hibernate Validator 6.0.21.Final
[2023-11-24 15:20:31.031][INFO ][org.springframework.boot.StartupInfoLogger][restartedMain][55]Starting Chapter4Application using Java 17.0.8 on DESKTOP-BCDMK2Q with PID 6204 (C:\Users\EdoEdiNiko\IdeaProjects\chapter4\chapter4\target\classes started by EdoEdiNiko in C:\Users\EdoEdiNiko\IdeaProjects\chapter4\chapter4)
[2023-11-24 15:20:31.031][INFO ][org.springframework.boot.SpringApplication][restartedMain][637]The following 1 profile is active: "sit"
[2023-11-24 15:20:32.032][INFO ][org.springframework.boot.logging.DeferredLog][restartedMain][255]Devtools property defaults active! Set 'spring.devtools.add-properties' to 'false' to disable
[2023-11-24 15:20:32.032][INFO ][org.springframework.boot.logging.DeferredLog][restartedMain][255]For additional web related logging consider setting the 'logging.level.web' property to 'DEBUG'
[2023-11-24 15:20:34.034][INFO ][org.springframework.data.repository.config.RepositoryConfigurationDelegate][restartedMain][132]Bootstrapping Spring Data JPA repositories in DEFAULT mode.
[2023-11-24 15:20:35.035][INFO ][org.springframework.data.repository.config.RepositoryConfigurationDelegate][restartedMain][201]Finished Spring Data repository scanning in 245 ms. Found 9 JPA repository interfaces.
[2023-11-24 15:20:36.036][INFO ][org.springframework.boot.web.embedded.tomcat.TomcatWebServer][restartedMain][108]Tomcat initialized with port(s): 8080 (http)
[2023-11-24 15:20:36.036][INFO ][org.apache.juli.logging.DirectJDKLog][restartedMain][173]Initializing ProtocolHandler ["http-nio-8080"]
[2023-11-24 15:20:36.036][INFO ][org.apache.juli.logging.DirectJDKLog][restartedMain][173]Starting service [Tomcat]
[2023-11-24 15:20:37.037][INFO ][org.apache.juli.logging.DirectJDKLog][restartedMain][173]Starting Servlet engine: [Apache Tomcat/9.0.80]
[2023-11-24 15:20:37.037][INFO ][org.apache.juli.logging.DirectJDKLog][restartedMain][173]Initializing Spring embedded WebApplicationContext
[2023-11-24 15:20:37.037][INFO ][org.springframework.boot.web.servlet.context.ServletWebServerApplicationContext][restartedMain][292]Root WebApplicationContext: initialization completed in 5205 ms
[2023-11-24 15:20:37.037][INFO ][org.hibernate.jpa.internal.util.LogHelper][restartedMain][31]HHH000204: Processing PersistenceUnitInfo [name: default]
[2023-11-24 15:20:37.037][INFO ][org.hibernate.Version][restartedMain][44]HHH000412: Hibernate ORM core version 5.6.15.Final
[2023-11-24 15:20:38.038][INFO ][org.hibernate.annotations.common.reflection.java.JavaReflectionManager][restartedMain][56]HCANN000001: Hibernate Commons Annotations {5.1.2.Final}
[2023-11-24 15:20:38.038][INFO ][com.zaxxer.hikari.HikariDataSource][restartedMain][110]HikariPool-1 - Starting...
[2023-11-24 15:20:38.038][INFO ][com.zaxxer.hikari.HikariDataSource][restartedMain][123]HikariPool-1 - Start completed.
[2023-11-24 15:20:39.039][INFO ][org.hibernate.dialect.Dialect][restartedMain][175]HHH000400: Using dialect: org.hibernate.dialect.PostgreSQL10Dialect
[2023-11-24 15:20:42.042][INFO ][org.hibernate.engine.transaction.jta.platform.internal.JtaPlatformInitiator][restartedMain][52]HHH000490: Using JtaPlatform implementation: [org.hibernate.engine.transaction.jta.platform.internal.NoJtaPlatform]
[2023-11-24 15:20:42.042][INFO ][org.springframework.orm.jpa.AbstractEntityManagerFactoryBean][restartedMain][437]Initialized JPA EntityManagerFactory for persistence unit 'default'
[2023-11-24 15:20:43.043][WARN ][org.springframework.boot.autoconfigure.orm.jpa.JpaBaseConfiguration$JpaWebConfiguration][restartedMain][223]spring.jpa.open-in-view is enabled by default. Therefore, database queries may be performed during view rendering. Explicitly configure spring.jpa.open-in-view to disable this warning
[2023-11-24 15:20:43.043][WARN ][org.springframework.security.oauth2.provider.token.store.JwtAccessTokenConverter][restartedMain][306]Unable to create an RSA verifier from verifierKey (ignoreable if using MAC)
[2023-11-24 15:20:44.044][INFO ][org.springframework.security.web.DefaultSecurityFilterChain][restartedMain][55]Will secure Or [Ant [pattern='/oauth/token'], Ant [pattern='/oauth/token_key'], Ant [pattern='/oauth/check_token']] with [org.springframework.security.web.session.DisableEncodeUrlFilter@5a44c9f9, org.springframework.security.web.context.request.async.WebAsyncManagerIntegrationFilter@685e9e55, org.springframework.security.web.context.SecurityContextPersistenceFilter@5a73f4e0, org.springframework.security.web.header.HeaderWriterFilter@7cd1970b, org.springframework.security.web.authentication.logout.LogoutFilter@4de55356, org.springframework.security.oauth2.provider.client.ClientCredentialsTokenEndpointFilter@671b9127, org.springframework.security.web.authentication.www.BasicAuthenticationFilter@2616c77, org.springframework.security.web.savedrequest.RequestCacheAwareFilter@60a70498, org.springframework.security.web.servletapi.SecurityContextHolderAwareRequestFilter@d34139a, org.springframework.security.web.authentication.AnonymousAuthenticationFilter@136e320f, org.springframework.security.web.session.SessionManagementFilter@23d04728, org.springframework.security.web.access.ExceptionTranslationFilter@2239a8b6, org.springframework.security.web.access.intercept.FilterSecurityInterceptor@3521542c]
[2023-11-24 15:20:48.048][INFO ][org.springframework.security.web.DefaultSecurityFilterChain][restartedMain][55]Will secure Ant [pattern='/**'] with [org.springframework.security.web.session.DisableEncodeUrlFilter@1080762e, org.springframework.security.web.context.request.async.WebAsyncManagerIntegrationFilter@3f978ce9, org.springframework.security.web.context.SecurityContextPersistenceFilter@1cbbcd4e, org.springframework.security.web.header.HeaderWriterFilter@78ceacdb, org.springframework.web.filter.CorsFilter@55ff233b, org.springframework.security.web.authentication.logout.LogoutFilter@6d179c1, org.springframework.security.oauth2.provider.authentication.OAuth2AuthenticationProcessingFilter@764acc16, org.springframework.security.web.authentication.UsernamePasswordAuthenticationFilter@72a5c36a, org.springframework.security.web.authentication.ui.DefaultLoginPageGeneratingFilter@c6ccf30, org.springframework.security.web.authentication.ui.DefaultLogoutPageGeneratingFilter@99d047d, org.springframework.security.web.savedrequest.RequestCacheAwareFilter@444184e4, org.springframework.security.web.servletapi.SecurityContextHolderAwareRequestFilter@49e440c3, org.springframework.security.web.authentication.AnonymousAuthenticationFilter@1abf2266, org.springframework.security.web.session.SessionManagementFilter@6e957b14, org.springframework.security.web.access.ExceptionTranslationFilter@5e20c055, org.springframework.security.web.access.intercept.FilterSecurityInterceptor@7dd2ea1a]
[2023-11-24 15:20:48.048][INFO ][org.springframework.security.web.DefaultSecurityFilterChain][restartedMain][55]Will secure any request with [org.springframework.security.web.session.DisableEncodeUrlFilter@69f8b572, org.springframework.security.web.context.request.async.WebAsyncManagerIntegrationFilter@63a4da11, org.springframework.security.web.context.SecurityContextPersistenceFilter@3aeefc61, org.springframework.security.web.header.HeaderWriterFilter@6c541b19, org.springframework.security.web.csrf.CsrfFilter@290d3e62, org.springframework.security.web.authentication.logout.LogoutFilter@2f9d9083, org.springframework.security.web.authentication.UsernamePasswordAuthenticationFilter@3fe46651, org.springframework.security.web.authentication.ui.DefaultLoginPageGeneratingFilter@b6aae39, org.springframework.security.web.authentication.ui.DefaultLogoutPageGeneratingFilter@7f6eeeda, org.springframework.security.web.authentication.www.BasicAuthenticationFilter@7423a01d, org.springframework.security.web.savedrequest.RequestCacheAwareFilter@3c1ab897, org.springframework.security.web.servletapi.SecurityContextHolderAwareRequestFilter@705ae0de, org.springframework.security.web.authentication.AnonymousAuthenticationFilter@16248a62, org.springframework.security.web.session.SessionManagementFilter@7ad02377, org.springframework.security.web.access.ExceptionTranslationFilter@75fe718a, org.springframework.security.web.access.intercept.FilterSecurityInterceptor@1f164f8]
[2023-11-24 15:20:50.050][INFO ][org.springframework.boot.devtools.autoconfigure.OptionalLiveReloadServer][restartedMain][59]LiveReload server is running on port 35729
[2023-11-24 15:20:50.050][INFO ][org.apache.juli.logging.DirectJDKLog][restartedMain][173]Starting ProtocolHandler ["http-nio-8080"]
[2023-11-24 15:20:50.050][INFO ][org.springframework.boot.web.embedded.tomcat.TomcatWebServer][restartedMain][220]Tomcat started on port(s): 8080 (http) with context path ''
[2023-11-24 15:20:50.050][INFO ][org.springframework.boot.StartupInfoLogger][restartedMain][61]Started Chapter4Application in 19.738 seconds (JVM running for 23.072)
[2023-11-24 15:22:32.032][INFO ][org.apache.juli.logging.DirectJDKLog][http-nio-8080-exec-1][173]Initializing Spring DispatcherServlet 'dispatcherServlet'
[2023-11-24 15:22:32.032][INFO ][org.springframework.web.servlet.FrameworkServlet][http-nio-8080-exec-1][525]Initializing Servlet 'dispatcherServlet'
[2023-11-24 15:22:32.032][INFO ][org.springframework.web.servlet.FrameworkServlet][http-nio-8080-exec-1][547]Completed initialization in 3 ms
[2023-11-24 15:25:39.039][INFO ][com.aplikasi.chapter7.binarfud.service.impl.ProductServiceImpl][http-nio-8080-exec-5][33]add Product
[2023-11-24 15:25:39.039][ERROR][com.aplikasi.chapter7.binarfud.service.impl.ProductServiceImpl][http-nio-8080-exec-5][47]add Product error: Cannot invoke "com.aplikasi.chapter7.binarfud.entity.Merchant.getId()" because the return value of "com.aplikasi.chapter7.binarfud.entity.Product.getMerchant()" is null
[2023-11-24 15:30:34.034][INFO ][com.aplikasi.chapter7.binarfud.service.impl.ProductServiceImpl][http-nio-8080-exec-9][33]add Product
[2023-11-24 15:36:09.009][INFO ][org.springframework.orm.jpa.AbstractEntityManagerFactoryBean][SpringApplicationShutdownHook][651]Closing JPA EntityManagerFactory for persistence unit 'default'
[2023-11-24 15:36:09.009][INFO ][com.zaxxer.hikari.HikariDataSource][SpringApplicationShutdownHook][350]HikariPool-1 - Shutdown initiated...
[2023-11-24 15:36:10.010][INFO ][com.zaxxer.hikari.HikariDataSource][SpringApplicationShutdownHook][352]HikariPool-1 - Shutdown completed.
[2023-11-24 15:58:16.016][INFO ][org.hibernate.validator.internal.util.Version][background-preinit][21]HV000001: Hibernate Validator 6.0.21.Final
[2023-11-24 15:58:16.016][INFO ][org.springframework.boot.StartupInfoLogger][restartedMain][55]Starting Chapter4Application using Java 17.0.8 on DESKTOP-BCDMK2Q with PID 10892 (C:\Users\EdoEdiNiko\IdeaProjects\chapter4\chapter4\target\classes started by EdoEdiNiko in C:\Users\EdoEdiNiko\IdeaProjects\chapter4\chapter4)
[2023-11-24 15:58:16.016][INFO ][org.springframework.boot.SpringApplication][restartedMain][637]The following 1 profile is active: "sit"
[2023-11-24 15:58:16.016][INFO ][org.springframework.boot.logging.DeferredLog][restartedMain][255]Devtools property defaults active! Set 'spring.devtools.add-properties' to 'false' to disable
[2023-11-24 15:58:16.016][INFO ][org.springframework.boot.logging.DeferredLog][restartedMain][255]For additional web related logging consider setting the 'logging.level.web' property to 'DEBUG'
[2023-11-24 15:58:20.020][INFO ][org.springframework.data.repository.config.RepositoryConfigurationDelegate][restartedMain][132]Bootstrapping Spring Data JPA repositories in DEFAULT mode.
[2023-11-24 15:58:20.020][INFO ][org.springframework.data.repository.config.RepositoryConfigurationDelegate][restartedMain][201]Finished Spring Data repository scanning in 320 ms. Found 9 JPA repository interfaces.
[2023-11-24 15:58:22.022][INFO ][org.springframework.boot.web.embedded.tomcat.TomcatWebServer][restartedMain][108]Tomcat initialized with port(s): 8080 (http)
[2023-11-24 15:58:22.022][INFO ][org.apache.juli.logging.DirectJDKLog][restartedMain][173]Initializing ProtocolHandler ["http-nio-8080"]
[2023-11-24 15:58:22.022][INFO ][org.apache.juli.logging.DirectJDKLog][restartedMain][173]Starting service [Tomcat]
[2023-11-24 15:58:22.022][INFO ][org.apache.juli.logging.DirectJDKLog][restartedMain][173]Starting Servlet engine: [Apache Tomcat/9.0.80]
[2023-11-24 15:58:23.023][INFO ][org.apache.juli.logging.DirectJDKLog][restartedMain][173]Initializing Spring embedded WebApplicationContext
[2023-11-24 15:58:23.023][INFO ][org.springframework.boot.web.servlet.context.ServletWebServerApplicationContext][restartedMain][292]Root WebApplicationContext: initialization completed in 6241 ms
[2023-11-24 15:58:23.023][INFO ][org.hibernate.jpa.internal.util.LogHelper][restartedMain][31]HHH000204: Processing PersistenceUnitInfo [name: default]
[2023-11-24 15:58:24.024][INFO ][org.hibernate.Version][restartedMain][44]HHH000412: Hibernate ORM core version 5.6.15.Final
[2023-11-24 15:58:24.024][INFO ][org.hibernate.annotations.common.reflection.java.JavaReflectionManager][restartedMain][56]HCANN000001: Hibernate Commons Annotations {5.1.2.Final}
[2023-11-24 15:58:24.024][INFO ][com.zaxxer.hikari.HikariDataSource][restartedMain][110]HikariPool-1 - Starting...
[2023-11-24 15:58:25.025][INFO ][com.zaxxer.hikari.HikariDataSource][restartedMain][123]HikariPool-1 - Start completed.
[2023-11-24 15:58:25.025][INFO ][org.hibernate.dialect.Dialect][restartedMain][175]HHH000400: Using dialect: org.hibernate.dialect.PostgreSQL10Dialect
[2023-11-24 15:58:28.028][INFO ][org.hibernate.engine.transaction.jta.platform.internal.JtaPlatformInitiator][restartedMain][52]HHH000490: Using JtaPlatform implementation: [org.hibernate.engine.transaction.jta.platform.internal.NoJtaPlatform]
[2023-11-24 15:58:28.028][INFO ][org.springframework.orm.jpa.AbstractEntityManagerFactoryBean][restartedMain][437]Initialized JPA EntityManagerFactory for persistence unit 'default'
[2023-11-24 15:58:30.030][WARN ][org.springframework.boot.autoconfigure.orm.jpa.JpaBaseConfiguration$JpaWebConfiguration][restartedMain][223]spring.jpa.open-in-view is enabled by default. Therefore, database queries may be performed during view rendering. Explicitly configure spring.jpa.open-in-view to disable this warning
[2023-11-24 15:58:30.030][WARN ][org.springframework.security.oauth2.provider.token.store.JwtAccessTokenConverter][restartedMain][306]Unable to create an RSA verifier from verifierKey (ignoreable if using MAC)
[2023-11-24 15:58:33.033][INFO ][org.springframework.security.web.DefaultSecurityFilterChain][restartedMain][55]Will secure Or [Ant [pattern='/oauth/token'], Ant [pattern='/oauth/token_key'], Ant [pattern='/oauth/check_token']] with [org.springframework.security.web.session.DisableEncodeUrlFilter@4baa8c38, org.springframework.security.web.context.request.async.WebAsyncManagerIntegrationFilter@16a11e00, org.springframework.security.web.context.SecurityContextPersistenceFilter@718da1b4, org.springframework.security.web.header.HeaderWriterFilter@61515923, org.springframework.security.web.authentication.logout.LogoutFilter@3042902d, org.springframework.security.oauth2.provider.client.ClientCredentialsTokenEndpointFilter@1324e92b, org.springframework.security.web.authentication.www.BasicAuthenticationFilter@8194c6, org.springframework.security.web.savedrequest.RequestCacheAwareFilter@86ad576, org.springframework.security.web.servletapi.SecurityContextHolderAwareRequestFilter@668d8375, org.springframework.security.web.authentication.AnonymousAuthenticationFilter@2ed65d7, org.springframework.security.web.session.SessionManagementFilter@4cbba2ad, org.springframework.security.web.access.ExceptionTranslationFilter@52322217, org.springframework.security.web.access.intercept.FilterSecurityInterceptor@4416c21d]
[2023-11-24 15:58:36.036][INFO ][org.springframework.security.web.DefaultSecurityFilterChain][restartedMain][55]Will secure Ant [pattern='/**'] with [org.springframework.security.web.session.DisableEncodeUrlFilter@50206069, org.springframework.security.web.context.request.async.WebAsyncManagerIntegrationFilter@546f3ac6, org.springframework.security.web.context.SecurityContextPersistenceFilter@6cc2d11d, org.springframework.security.web.header.HeaderWriterFilter@15cfe03a, org.springframework.web.filter.CorsFilter@6cdc0f5b, org.springframework.security.web.authentication.logout.LogoutFilter@16096967, org.springframework.security.oauth2.provider.authentication.OAuth2AuthenticationProcessingFilter@6b382a51, org.springframework.security.web.authentication.UsernamePasswordAuthenticationFilter@5d4cbf5e, org.springframework.security.web.authentication.ui.DefaultLoginPageGeneratingFilter@26607a2a, org.springframework.security.web.authentication.ui.DefaultLogoutPageGeneratingFilter@5452fbd1, org.springframework.security.web.savedrequest.RequestCacheAwareFilter@61b564d3, org.springframework.security.web.servletapi.SecurityContextHolderAwareRequestFilter@b1196ef, org.springframework.security.web.authentication.AnonymousAuthenticationFilter@7a2fa1a, org.springframework.security.web.session.SessionManagementFilter@29d08196, org.springframework.security.web.access.ExceptionTranslationFilter@7e6e6294, org.springframework.security.web.access.intercept.FilterSecurityInterceptor@6c2a8434]
[2023-11-24 15:58:36.036][INFO ][org.springframework.security.web.DefaultSecurityFilterChain][restartedMain][55]Will secure any request with [org.springframework.security.web.session.DisableEncodeUrlFilter@4e2f624d, org.springframework.security.web.context.request.async.WebAsyncManagerIntegrationFilter@212e030c, org.springframework.security.web.context.SecurityContextPersistenceFilter@785064cf, org.springframework.security.web.header.HeaderWriterFilter@492db08b, org.springframework.security.web.csrf.CsrfFilter@57ad7af5, org.springframework.security.web.authentication.logout.LogoutFilter@121d8584, org.springframework.security.web.authentication.UsernamePasswordAuthenticationFilter@1ef242cc, org.springframework.security.web.authentication.ui.DefaultLoginPageGeneratingFilter@604d1ef6, org.springframework.security.web.authentication.ui.DefaultLogoutPageGeneratingFilter@2dc6d1c7, org.springframework.security.web.authentication.www.BasicAuthenticationFilter@2307b1be, org.springframework.security.web.savedrequest.RequestCacheAwareFilter@3687fa6a, org.springframework.security.web.servletapi.SecurityContextHolderAwareRequestFilter@120abdd9, org.springframework.security.web.authentication.AnonymousAuthenticationFilter@33d20f80, org.springframework.security.web.session.SessionManagementFilter@4496c47a, org.springframework.security.web.access.ExceptionTranslationFilter@f182037, org.springframework.security.web.access.intercept.FilterSecurityInterceptor@3b5a8692]
[2023-11-24 15:58:37.037][INFO ][org.springframework.boot.devtools.autoconfigure.OptionalLiveReloadServer][restartedMain][59]LiveReload server is running on port 35729
[2023-11-24 15:58:37.037][INFO ][org.apache.juli.logging.DirectJDKLog][restartedMain][173]Starting ProtocolHandler ["http-nio-8080"]
[2023-11-24 15:58:37.037][INFO ][org.springframework.boot.web.embedded.tomcat.TomcatWebServer][restartedMain][220]Tomcat started on port(s): 8080 (http) with context path ''
[2023-11-24 15:58:37.037][INFO ][org.springframework.boot.StartupInfoLogger][restartedMain][61]Started Chapter4Application in 21.82 seconds (JVM running for 25.794)
[2023-11-24 15:59:20.020][INFO ][org.apache.juli.logging.DirectJDKLog][http-nio-8080-exec-1][173]Initializing Spring DispatcherServlet 'dispatcherServlet'
[2023-11-24 15:59:20.020][INFO ][org.springframework.web.servlet.FrameworkServlet][http-nio-8080-exec-1][525]Initializing Servlet 'dispatcherServlet'
[2023-11-24 15:59:20.020][INFO ][org.springframework.web.servlet.FrameworkServlet][http-nio-8080-exec-1][547]Completed initialization in 4 ms
[2023-11-24 16:04:00.000][INFO ][org.springframework.orm.jpa.AbstractEntityManagerFactoryBean][SpringApplicationShutdownHook][651]Closing JPA EntityManagerFactory for persistence unit 'default'
[2023-11-24 16:04:01.001][INFO ][com.zaxxer.hikari.HikariDataSource][SpringApplicationShutdownHook][350]HikariPool-1 - Shutdown initiated...
[2023-11-24 16:04:01.001][INFO ][com.zaxxer.hikari.HikariDataSource][SpringApplicationShutdownHook][352]HikariPool-1 - Shutdown completed.
[2023-11-24 16:04:24.024][INFO ][org.hibernate.validator.internal.util.Version][background-preinit][21]HV000001: Hibernate Validator 6.0.21.Final
[2023-11-24 16:04:24.024][INFO ][org.springframework.boot.StartupInfoLogger][restartedMain][55]Starting Chapter4Application using Java 17.0.8 on DESKTOP-BCDMK2Q with PID 11232 (C:\Users\EdoEdiNiko\IdeaProjects\chapter4\chapter4\target\classes started by EdoEdiNiko in C:\Users\EdoEdiNiko\IdeaProjects\chapter4\chapter4)
[2023-11-24 16:04:24.024][INFO ][org.springframework.boot.SpringApplication][restartedMain][637]The following 1 profile is active: "sit"
[2023-11-24 16:04:25.025][INFO ][org.springframework.boot.logging.DeferredLog][restartedMain][255]Devtools property defaults active! Set 'spring.devtools.add-properties' to 'false' to disable
[2023-11-24 16:04:25.025][INFO ][org.springframework.boot.logging.DeferredLog][restartedMain][255]For additional web related logging consider setting the 'logging.level.web' property to 'DEBUG'
[2023-11-24 16:04:28.028][INFO ][org.springframework.data.repository.config.RepositoryConfigurationDelegate][restartedMain][132]Bootstrapping Spring Data JPA repositories in DEFAULT mode.
[2023-11-24 16:04:28.028][INFO ][org.springframework.data.repository.config.RepositoryConfigurationDelegate][restartedMain][201]Finished Spring Data repository scanning in 252 ms. Found 9 JPA repository interfaces.
[2023-11-24 16:04:32.032][INFO ][org.springframework.boot.web.embedded.tomcat.TomcatWebServer][restartedMain][108]Tomcat initialized with port(s): 8080 (http)
[2023-11-24 16:04:32.032][INFO ][org.apache.juli.logging.DirectJDKLog][restartedMain][173]Initializing ProtocolHandler ["http-nio-8080"]
[2023-11-24 16:04:32.032][INFO ][org.apache.juli.logging.DirectJDKLog][restartedMain][173]Starting service [Tomcat]
[2023-11-24 16:04:32.032][INFO ][org.apache.juli.logging.DirectJDKLog][restartedMain][173]Starting Servlet engine: [Apache Tomcat/9.0.80]
[2023-11-24 16:04:33.033][INFO ][org.apache.juli.logging.DirectJDKLog][restartedMain][173]Initializing Spring embedded WebApplicationContext
[2023-11-24 16:04:33.033][INFO ][org.springframework.boot.web.servlet.context.ServletWebServerApplicationContext][restartedMain][292]Root WebApplicationContext: initialization completed in 8031 ms
[2023-11-24 16:04:34.034][INFO ][org.hibernate.jpa.internal.util.LogHelper][restartedMain][31]HHH000204: Processing PersistenceUnitInfo [name: default]
[2023-11-24 16:04:34.034][INFO ][org.hibernate.Version][restartedMain][44]HHH000412: Hibernate ORM core version 5.6.15.Final
[2023-11-24 16:04:34.034][INFO ][org.hibernate.annotations.common.reflection.java.JavaReflectionManager][restartedMain][56]HCANN000001: Hibernate Commons Annotations {5.1.2.Final}
[2023-11-24 16:04:35.035][INFO ][com.zaxxer.hikari.HikariDataSource][restartedMain][110]HikariPool-1 - Starting...
[2023-11-24 16:04:36.036][INFO ][com.zaxxer.hikari.HikariDataSource][restartedMain][123]HikariPool-1 - Start completed.
[2023-11-24 16:04:36.036][INFO ][org.hibernate.dialect.Dialect][restartedMain][175]HHH000400: Using dialect: org.hibernate.dialect.PostgreSQL10Dialect
[2023-11-24 16:04:40.040][INFO ][org.hibernate.engine.transaction.jta.platform.internal.JtaPlatformInitiator][restartedMain][52]HHH000490: Using JtaPlatform implementation: [org.hibernate.engine.transaction.jta.platform.internal.NoJtaPlatform]
[2023-11-24 16:04:40.040][INFO ][org.springframework.orm.jpa.AbstractEntityManagerFactoryBean][restartedMain][437]Initialized JPA EntityManagerFactory for persistence unit 'default'
[2023-11-24 16:04:42.042][WARN ][org.springframework.boot.autoconfigure.orm.jpa.JpaBaseConfiguration$JpaWebConfiguration][restartedMain][223]spring.jpa.open-in-view is enabled by default. Therefore, database queries may be performed during view rendering. Explicitly configure spring.jpa.open-in-view to disable this warning
[2023-11-24 16:04:42.042][WARN ][org.springframework.security.oauth2.provider.token.store.JwtAccessTokenConverter][restartedMain][306]Unable to create an RSA verifier from verifierKey (ignoreable if using MAC)
[2023-11-24 16:04:45.045][INFO ][org.springframework.security.web.DefaultSecurityFilterChain][restartedMain][55]Will secure Or [Ant [pattern='/oauth/token'], Ant [pattern='/oauth/token_key'], Ant [pattern='/oauth/check_token']] with [org.springframework.security.web.session.DisableEncodeUrlFilter@25b82b9b, org.springframework.security.web.context.request.async.WebAsyncManagerIntegrationFilter@41da39af, org.springframework.security.web.context.SecurityContextPersistenceFilter@53f72df5, org.springframework.security.web.header.HeaderWriterFilter@11067600, org.springframework.security.web.authentication.logout.LogoutFilter@7d2f734d, org.springframework.security.oauth2.provider.client.ClientCredentialsTokenEndpointFilter@571594c2, org.springframework.security.web.authentication.www.BasicAuthenticationFilter@430e08ca, org.springframework.security.web.savedrequest.RequestCacheAwareFilter@1c4ff86a, org.springframework.security.web.servletapi.SecurityContextHolderAwareRequestFilter@18de1a90, org.springframework.security.web.authentication.AnonymousAuthenticationFilter@3af39775, org.springframework.security.web.session.SessionManagementFilter@6aedbf59, org.springframework.security.web.access.ExceptionTranslationFilter@17697c38, org.springframework.security.web.access.intercept.FilterSecurityInterceptor@4b1bc8c5]
[2023-11-24 16:04:48.048][INFO ][org.springframework.security.web.DefaultSecurityFilterChain][restartedMain][55]Will secure Ant [pattern='/**'] with [org.springframework.security.web.session.DisableEncodeUrlFilter@46aa56c1, org.springframework.security.web.context.request.async.WebAsyncManagerIntegrationFilter@2f9d9083, org.springframework.security.web.context.SecurityContextPersistenceFilter@6b0c0f64, org.springframework.security.web.header.HeaderWriterFilter@5c96898e, org.springframework.web.filter.CorsFilter@8e6d9be, org.springframework.security.web.authentication.logout.LogoutFilter@a6f937, org.springframework.security.oauth2.provider.authentication.OAuth2AuthenticationProcessingFilter@5b949fe4, org.springframework.security.web.authentication.UsernamePasswordAuthenticationFilter@b6aae39, org.springframework.security.web.authentication.ui.DefaultLoginPageGeneratingFilter@29c0ff74, org.springframework.security.web.authentication.ui.DefaultLogoutPageGeneratingFilter@56a3a5fd, org.springframework.security.web.savedrequest.RequestCacheAwareFilter@584e780, org.springframework.security.web.servletapi.SecurityContextHolderAwareRequestFilter@6db6d447, org.springframework.security.web.authentication.AnonymousAuthenticationFilter@422bedb6, org.springframework.security.web.session.SessionManagementFilter@54521c11, org.springframework.security.web.access.ExceptionTranslationFilter@1bfeb306, org.springframework.security.web.access.intercept.FilterSecurityInterceptor@705ae0de]
[2023-11-24 16:04:48.048][INFO ][org.springframework.security.web.DefaultSecurityFilterChain][restartedMain][55]Will secure any request with [org.springframework.security.web.session.DisableEncodeUrlFilter@1ddf1b85, org.springframework.security.web.context.request.async.WebAsyncManagerIntegrationFilter@78674555, org.springframework.security.web.context.SecurityContextPersistenceFilter@9767ca0, org.springframework.security.web.header.HeaderWriterFilter@594cdcdb, org.springframework.security.web.csrf.CsrfFilter@148a4366, org.springframework.security.web.authentication.logout.LogoutFilter@4e4e0203, org.springframework.security.web.authentication.UsernamePasswordAuthenticationFilter@8238d8f, org.springframework.security.web.authentication.ui.DefaultLoginPageGeneratingFilter@50fc3cbc, org.springframework.security.web.authentication.ui.DefaultLogoutPageGeneratingFilter@6cbcf023, org.springframework.security.web.authentication.www.BasicAuthenticationFilter@4416e6bf, org.springframework.security.web.savedrequest.RequestCacheAwareFilter@2cb111df, org.springframework.security.web.servletapi.SecurityContextHolderAwareRequestFilter@1324aa96, org.springframework.security.web.authentication.AnonymousAuthenticationFilter@1fecd015, org.springframework.security.web.session.SessionManagementFilter@4f219751, org.springframework.security.web.access.ExceptionTranslationFilter@2d4e6cf, org.springframework.security.web.access.intercept.FilterSecurityInterceptor@331ad8eb]
[2023-11-24 16:04:49.049][INFO ][org.springframework.boot.devtools.autoconfigure.OptionalLiveReloadServer][restartedMain][59]LiveReload server is running on port 35729
[2023-11-24 16:04:49.049][INFO ][org.apache.juli.logging.DirectJDKLog][restartedMain][173]Starting ProtocolHandler ["http-nio-8080"]
[2023-11-24 16:04:49.049][INFO ][org.springframework.boot.web.embedded.tomcat.TomcatWebServer][restartedMain][220]Tomcat started on port(s): 8080 (http) with context path ''
[2023-11-24 16:04:49.049][INFO ][org.springframework.boot.StartupInfoLogger][restartedMain][61]Started Chapter4Application in 26.349 seconds (JVM running for 29.63)
[2023-11-24 16:04:59.059][INFO ][org.apache.juli.logging.DirectJDKLog][http-nio-8080-exec-2][173]Initializing Spring DispatcherServlet 'dispatcherServlet'
[2023-11-24 16:04:59.059][INFO ][org.springframework.web.servlet.FrameworkServlet][http-nio-8080-exec-2][525]Initializing Servlet 'dispatcherServlet'
[2023-11-24 16:04:59.059][INFO ][org.springframework.web.servlet.FrameworkServlet][http-nio-8080-exec-2][547]Completed initialization in 4 ms
[2023-11-24 16:09:23.023][INFO ][org.springframework.orm.jpa.AbstractEntityManagerFactoryBean][SpringApplicationShutdownHook][651]Closing JPA EntityManagerFactory for persistence unit 'default'
[2023-11-24 16:09:23.023][INFO ][com.zaxxer.hikari.HikariDataSource][SpringApplicationShutdownHook][350]HikariPool-1 - Shutdown initiated...
[2023-11-24 16:09:23.023][INFO ][com.zaxxer.hikari.HikariDataSource][SpringApplicationShutdownHook][352]HikariPool-1 - Shutdown completed.
